system   D            wsystem.c:583  maybe_parent_dir                 [   0.00054] Also searching C:\Users\Justin\EGP-410\Assignments\Flock Behaviour\
system   D            wsystem.c:633  _al_win_safe_load_library        [   0.00076] PathFindOnPath found: C:\WINDOWS\system32\d3d9.dll
system   D            wsystem.c:544  load_library_at_path             [   0.00078] Calling LoadLibrary C:\WINDOWS\system32\d3d9.dll
system   I            wsystem.c:547  load_library_at_path             [   0.01240] Loaded C:\WINDOWS\system32\d3d9.dll
d3d      I         d3d_disp.cpp:696  _al_d3d_init_display             [   0.02159] Render-to-texture: 1
system   I             system.c:252  al_install_system                [   0.02163] Allegro version: 5.0.10
d3d      I         d3d_disp.cpp:1737 d3d_create_display_locked        [   0.02238] faux_fullscreen=0
d3d      D         d3d_disp.cpp:1738 d3d_create_display_locked        [   0.02240] al_display=010A1D20
d3d      D         d3d_disp.cpp:1739 d3d_create_display_locked        [   0.02241] al_display->vt=00FDCC18
d3d      I d3d_display_formats.cpp:144  _al_d3d_generate_display_format_list [   0.02660] found 160 format combinations
display  D   display_settings.c:191  debug_display_settings           [   0.02663] color: 32 (rgba 8880), depth: 0, stencil: 0, acc: 0000, samples: 0/0
display  D   display_settings.c:506  _al_score_display_settings       [   0.02664] Score is : 897
display  D   display_settings.c:191  debug_display_settings           [   0.02665] color: 32 (rgba 8880), depth: 0, stencil: 0, acc: 0000, samples: 0/0
display  D   display_settings.c:506  _al_score_display_settings       [   0.02667] Score is : 897
display  D   display_settings.c:191  debug_display_settings           [   0.02667] color: 32 (rgba 8880), depth: 0, stencil: 0, acc: 0000, samples: 2/1
display  D   display_settings.c:506  _al_score_display_settings       [   0.02668] Score is : 726
display  D   display_settings.c:191  debug_display_settings           [   0.02669] color: 32 (rgba 8880), depth: 0, stencil: 0, acc: 0000, samples: 3/1
display  D   display_settings.c:506  _al_score_display_settings       [   0.02670] Score is : 721
display  D   display_settings.c:191  debug_display_settings           [   0.02671] color: 32 (rgba 8880), depth: 0, stencil: 0, acc: 0000, samples: 4/1
display  D   display_settings.c:506  _al_score_display_settings       [   0.02672] Score is : 717
display  D   display_settings.c:191  debug_display_settings           [   0.02673] color: 32 (rgba 8880), depth: 24, stencil: 8, acc: 0000, samples: 0/0
display  D   display_settings.c:506  _al_score_display_settings       [   0.02674] Score is : 897
display  D   display_settings.c:191  debug_display_settings           [   0.02675] color: 32 (rgba 8880), depth: 24, stencil: 8, acc: 0000, samples: 0/0
display  D   display_settings.c:506  _al_score_display_settings       [   0.02676] Score is : 897
display  D   display_settings.c:191  debug_display_settings           [   0.02677] color: 32 (rgba 8880), depth: 24, stencil: 8, acc: 0000, samples: 2/1
display  D   display_settings.c:506  _al_score_display_settings       [   0.02678] Score is : 726
display  D   display_settings.c:191  debug_display_settings           [   0.02679] color: 32 (rgba 8880), depth: 24, stencil: 8, acc: 0000, samples: 3/1
display  D   display_settings.c:506  _al_score_display_settings       [   0.02680] Score is : 721
display  D   display_settings.c:191  debug_display_settings           [   0.02681] color: 32 (rgba 8880), depth: 24, stencil: 8, acc: 0000, samples: 4/1
display  D   display_settings.c:506  _al_score_display_settings       [   0.02682] Score is : 717
display  D   display_settings.c:191  debug_display_settings           [   0.02683] color: 32 (rgba 8880), depth: 24, stencil: 0, acc: 0000, samples: 0/0
display  D   display_settings.c:506  _al_score_display_settings       [   0.02684] Score is : 897
display  D   display_settings.c:191  debug_display_settings           [   0.02685] color: 32 (rgba 8880), depth: 24, stencil: 0, acc: 0000, samples: 0/0
display  D   display_settings.c:506  _al_score_display_settings       [   0.02689] Score is : 897
display  D   display_settings.c:191  debug_display_settings           [   0.02690] color: 32 (rgba 8880), depth: 24, stencil: 0, acc: 0000, samples: 2/1
display  D   display_settings.c:506  _al_score_display_settings       [   0.02692] Score is : 726
display  D   display_settings.c:191  debug_display_settings           [   0.02692] color: 32 (rgba 8880), depth: 24, stencil: 0, acc: 0000, samples: 3/1
display  D   display_settings.c:506  _al_score_display_settings       [   0.02693] Score is : 721
display  D   display_settings.c:191  debug_display_settings           [   0.02694] color: 32 (rgba 8880), depth: 24, stencil: 0, acc: 0000, samples: 4/1
display  D   display_settings.c:506  _al_score_display_settings       [   0.02695] Score is : 717
display  D   display_settings.c:191  debug_display_settings           [   0.02696] color: 32 (rgba 8880), depth: 16, stencil: 0, acc: 0000, samples: 0/0
display  D   display_settings.c:506  _al_score_display_settings       [   0.02697] Score is : 897
display  D   display_settings.c:191  debug_display_settings           [   0.02698] color: 32 (rgba 8880), depth: 16, stencil: 0, acc: 0000, samples: 0/0
display  D   display_settings.c:506  _al_score_display_settings       [   0.02699] Score is : 897
display  D   display_settings.c:191  debug_display_settings           [   0.02700] color: 32 (rgba 8880), depth: 16, stencil: 0, acc: 0000, samples: 2/1
display  D   display_settings.c:506  _al_score_display_settings       [   0.02701] Score is : 726
display  D   display_settings.c:191  debug_display_settings           [   0.02702] color: 32 (rgba 8880), depth: 16, stencil: 0, acc: 0000, samples: 3/1
display  D   display_settings.c:506  _al_score_display_settings       [   0.02703] Score is : 721
display  D   display_settings.c:191  debug_display_settings           [   0.02704] color: 32 (rgba 8880), depth: 16, stencil: 0, acc: 0000, samples: 4/1
display  D   display_settings.c:506  _al_score_display_settings       [   0.02705] Score is : 717
display  D   display_settings.c:191  debug_display_settings           [   0.02705] color: 16 (rgba 5650), depth: 0, stencil: 0, acc: 0000, samples: 0/0
display  D   display_settings.c:506  _al_score_display_settings       [   0.02706] Score is : 897
display  D   display_settings.c:191  debug_display_settings           [   0.02707] color: 16 (rgba 5650), depth: 0, stencil: 0, acc: 0000, samples: 0/0
display  D   display_settings.c:506  _al_score_display_settings       [   0.02708] Score is : 897
display  D   display_settings.c:191  debug_display_settings           [   0.02709] color: 16 (rgba 5650), depth: 0, stencil: 0, acc: 0000, samples: 2/1
display  D   display_settings.c:506  _al_score_display_settings       [   0.02710] Score is : 726
display  D   display_settings.c:191  debug_display_settings           [   0.02711] color: 16 (rgba 5650), depth: 0, stencil: 0, acc: 0000, samples: 3/1
display  D   display_settings.c:506  _al_score_display_settings       [   0.02712] Score is : 721
display  D   display_settings.c:191  debug_display_settings           [   0.02713] color: 16 (rgba 5650), depth: 0, stencil: 0, acc: 0000, samples: 4/1
display  D   display_settings.c:506  _al_score_display_settings       [   0.02714] Score is : 717
display  D   display_settings.c:191  debug_display_settings           [   0.02715] color: 16 (rgba 5650), depth: 24, stencil: 8, acc: 0000, samples: 0/0
display  D   display_settings.c:506  _al_score_display_settings       [   0.02716] Score is : 897
display  D   display_settings.c:191  debug_display_settings           [   0.02717] color: 16 (rgba 5650), depth: 24, stencil: 8, acc: 0000, samples: 0/0
display  D   display_settings.c:506  _al_score_display_settings       [   0.02718] Score is : 897
display  D   display_settings.c:191  debug_display_settings           [   0.02718] color: 16 (rgba 5650), depth: 24, stencil: 8, acc: 0000, samples: 2/1
display  D   display_settings.c:506  _al_score_display_settings       [   0.02720] Score is : 726
display  D   display_settings.c:191  debug_display_settings           [   0.02721] color: 16 (rgba 5650), depth: 24, stencil: 8, acc: 0000, samples: 3/1
display  D   display_settings.c:506  _al_score_display_settings       [   0.02722] Score is : 721
display  D   display_settings.c:191  debug_display_settings           [   0.02722] color: 16 (rgba 5650), depth: 24, stencil: 8, acc: 0000, samples: 4/1
display  D   display_settings.c:506  _al_score_display_settings       [   0.02724] Score is : 717
display  D   display_settings.c:191  debug_display_settings           [   0.02724] color: 16 (rgba 5650), depth: 24, stencil: 0, acc: 0000, samples: 0/0
display  D   display_settings.c:506  _al_score_display_settings       [   0.02725] Score is : 897
display  D   display_settings.c:191  debug_display_settings           [   0.02726] color: 16 (rgba 5650), depth: 24, stencil: 0, acc: 0000, samples: 0/0
display  D   display_settings.c:506  _al_score_display_settings       [   0.02727] Score is : 897
display  D   display_settings.c:191  debug_display_settings           [   0.02728] color: 16 (rgba 5650), depth: 24, stencil: 0, acc: 0000, samples: 2/1
display  D   display_settings.c:506  _al_score_display_settings       [   0.02729] Score is : 726
display  D   display_settings.c:191  debug_display_settings           [   0.02730] color: 16 (rgba 5650), depth: 24, stencil: 0, acc: 0000, samples: 3/1
display  D   display_settings.c:506  _al_score_display_settings       [   0.02731] Score is : 721
display  D   display_settings.c:191  debug_display_settings           [   0.02732] color: 16 (rgba 5650), depth: 24, stencil: 0, acc: 0000, samples: 4/1
display  D   display_settings.c:506  _al_score_display_settings       [   0.02733] Score is : 717
display  D   display_settings.c:191  debug_display_settings           [   0.02734] color: 16 (rgba 5650), depth: 16, stencil: 0, acc: 0000, samples: 0/0
display  D   display_settings.c:506  _al_score_display_settings       [   0.02735] Score is : 897
display  D   display_settings.c:191  debug_display_settings           [   0.02736] color: 16 (rgba 5650), depth: 16, stencil: 0, acc: 0000, samples: 0/0
display  D   display_settings.c:506  _al_score_display_settings       [   0.02737] Score is : 897
display  D   display_settings.c:191  debug_display_settings           [   0.02738] color: 16 (rgba 5650), depth: 16, stencil: 0, acc: 0000, samples: 2/1
display  D   display_settings.c:506  _al_score_display_settings       [   0.02739] Score is : 726
display  D   display_settings.c:191  debug_display_settings           [   0.02739] color: 16 (rgba 5650), depth: 16, stencil: 0, acc: 0000, samples: 3/1
display  D   display_settings.c:506  _al_score_display_settings       [   0.02741] Score is : 721
display  D   display_settings.c:191  debug_display_settings           [   0.02741] color: 16 (rgba 5650), depth: 16, stencil: 0, acc: 0000, samples: 4/1
display  D   display_settings.c:506  _al_score_display_settings       [   0.02743] Score is : 717
display  D   display_settings.c:191  debug_display_settings           [   0.02743] color: 32 (rgba 8880), depth: 0, stencil: 0, acc: 0000, samples: 0/0
display  D   display_settings.c:377  _al_score_display_settings       [   0.02744] Single Buffer requirement not met.
display  D   display_settings.c:191  debug_display_settings           [   0.02745] color: 32 (rgba 8880), depth: 0, stencil: 0, acc: 0000, samples: 0/0
display  D   display_settings.c:377  _al_score_display_settings       [   0.02746] Single Buffer requirement not met.
display  D   display_settings.c:191  debug_display_settings           [   0.02747] color: 32 (rgba 8880), depth: 0, stencil: 0, acc: 0000, samples: 2/1
display  D   display_settings.c:377  _al_score_display_settings       [   0.02748] Single Buffer requirement not met.
display  D   display_settings.c:191  debug_display_settings           [   0.02749] color: 32 (rgba 8880), depth: 0, stencil: 0, acc: 0000, samples: 3/1
display  D   display_settings.c:377  _al_score_display_settings       [   0.02750] Single Buffer requirement not met.
display  D   display_settings.c:191  debug_display_settings           [   0.02751] color: 32 (rgba 8880), depth: 0, stencil: 0, acc: 0000, samples: 4/1
display  D   display_settings.c:377  _al_score_display_settings       [   0.02752] Single Buffer requirement not met.
display  D   display_settings.c:191  debug_display_settings           [   0.02753] color: 32 (rgba 8880), depth: 24, stencil: 8, acc: 0000, samples: 0/0
display  D   display_settings.c:377  _al_score_display_settings       [   0.02754] Single Buffer requirement not met.
display  D   display_settings.c:191  debug_display_settings           [   0.02755] color: 32 (rgba 8880), depth: 24, stencil: 8, acc: 0000, samples: 0/0
display  D   display_settings.c:377  _al_score_display_settings       [   0.02756] Single Buffer requirement not met.
display  D   display_settings.c:191  debug_display_settings           [   0.02757] color: 32 (rgba 8880), depth: 24, stencil: 8, acc: 0000, samples: 2/1
display  D   display_settings.c:377  _al_score_display_settings       [   0.02758] Single Buffer requirement not met.
display  D   display_settings.c:191  debug_display_settings           [   0.02759] color: 32 (rgba 8880), depth: 24, stencil: 8, acc: 0000, samples: 3/1
display  D   display_settings.c:377  _al_score_display_settings       [   0.02760] Single Buffer requirement not met.
display  D   display_settings.c:191  debug_display_settings           [   0.02761] color: 32 (rgba 8880), depth: 24, stencil: 8, acc: 0000, samples: 4/1
display  D   display_settings.c:377  _al_score_display_settings       [   0.02762] Single Buffer requirement not met.
display  D   display_settings.c:191  debug_display_settings           [   0.02763] color: 32 (rgba 8880), depth: 24, stencil: 0, acc: 0000, samples: 0/0
display  D   display_settings.c:377  _al_score_display_settings       [   0.02764] Single Buffer requirement not met.
display  D   display_settings.c:191  debug_display_settings           [   0.02765] color: 32 (rgba 8880), depth: 24, stencil: 0, acc: 0000, samples: 0/0
display  D   display_settings.c:377  _al_score_display_settings       [   0.02766] Single Buffer requirement not met.
display  D   display_settings.c:191  debug_display_settings           [   0.02767] color: 32 (rgba 8880), depth: 24, stencil: 0, acc: 0000, samples: 2/1
display  D   display_settings.c:377  _al_score_display_settings       [   0.02768] Single Buffer requirement not met.
display  D   display_settings.c:191  debug_display_settings           [   0.02769] color: 32 (rgba 8880), depth: 24, stencil: 0, acc: 0000, samples: 3/1
display  D   display_settings.c:377  _al_score_display_settings       [   0.02770] Single Buffer requirement not met.
display  D   display_settings.c:191  debug_display_settings           [   0.02771] color: 32 (rgba 8880), depth: 24, stencil: 0, acc: 0000, samples: 4/1
display  D   display_settings.c:377  _al_score_display_settings       [   0.02772] Single Buffer requirement not met.
display  D   display_settings.c:191  debug_display_settings           [   0.02773] color: 32 (rgba 8880), depth: 16, stencil: 0, acc: 0000, samples: 0/0
display  D   display_settings.c:377  _al_score_display_settings       [   0.02774] Single Buffer requirement not met.
display  D   display_settings.c:191  debug_display_settings           [   0.02775] color: 32 (rgba 8880), depth: 16, stencil: 0, acc: 0000, samples: 0/0
display  D   display_settings.c:377  _al_score_display_settings       [   0.02776] Single Buffer requirement not met.
display  D   display_settings.c:191  debug_display_settings           [   0.02776] color: 32 (rgba 8880), depth: 16, stencil: 0, acc: 0000, samples: 2/1
display  D   display_settings.c:377  _al_score_display_settings       [   0.02777] Single Buffer requirement not met.
display  D   display_settings.c:191  debug_display_settings           [   0.02778] color: 32 (rgba 8880), depth: 16, stencil: 0, acc: 0000, samples: 3/1
display  D   display_settings.c:377  _al_score_display_settings       [   0.02779] Single Buffer requirement not met.
display  D   display_settings.c:191  debug_display_settings           [   0.02783] color: 32 (rgba 8880), depth: 16, stencil: 0, acc: 0000, samples: 4/1
display  D   display_settings.c:377  _al_score_display_settings       [   0.02784] Single Buffer requirement not met.
display  D   display_settings.c:191  debug_display_settings           [   0.02785] color: 16 (rgba 5650), depth: 0, stencil: 0, acc: 0000, samples: 0/0
display  D   display_settings.c:377  _al_score_display_settings       [   0.02786] Single Buffer requirement not met.
display  D   display_settings.c:191  debug_display_settings           [   0.02787] color: 16 (rgba 5650), depth: 0, stencil: 0, acc: 0000, samples: 0/0
display  D   display_settings.c:377  _al_score_display_settings       [   0.02788] Single Buffer requirement not met.
display  D   display_settings.c:191  debug_display_settings           [   0.02789] color: 16 (rgba 5650), depth: 0, stencil: 0, acc: 0000, samples: 2/1
display  D   display_settings.c:377  _al_score_display_settings       [   0.02790] Single Buffer requirement not met.
display  D   display_settings.c:191  debug_display_settings           [   0.02791] color: 16 (rgba 5650), depth: 0, stencil: 0, acc: 0000, samples: 3/1
display  D   display_settings.c:377  _al_score_display_settings       [   0.02792] Single Buffer requirement not met.
display  D   display_settings.c:191  debug_display_settings           [   0.02793] color: 16 (rgba 5650), depth: 0, stencil: 0, acc: 0000, samples: 4/1
display  D   display_settings.c:377  _al_score_display_settings       [   0.02794] Single Buffer requirement not met.
display  D   display_settings.c:191  debug_display_settings           [   0.02795] color: 16 (rgba 5650), depth: 24, stencil: 8, acc: 0000, samples: 0/0
display  D   display_settings.c:377  _al_score_display_settings       [   0.02796] Single Buffer requirement not met.
display  D   display_settings.c:191  debug_display_settings           [   0.02796] color: 16 (rgba 5650), depth: 24, stencil: 8, acc: 0000, samples: 0/0
display  D   display_settings.c:377  _al_score_display_settings       [   0.02797] Single Buffer requirement not met.
display  D   display_settings.c:191  debug_display_settings           [   0.02798] color: 16 (rgba 5650), depth: 24, stencil: 8, acc: 0000, samples: 2/1
display  D   display_settings.c:377  _al_score_display_settings       [   0.02799] Single Buffer requirement not met.
display  D   display_settings.c:191  debug_display_settings           [   0.02800] color: 16 (rgba 5650), depth: 24, stencil: 8, acc: 0000, samples: 3/1
display  D   display_settings.c:377  _al_score_display_settings       [   0.02801] Single Buffer requirement not met.
display  D   display_settings.c:191  debug_display_settings           [   0.02802] color: 16 (rgba 5650), depth: 24, stencil: 8, acc: 0000, samples: 4/1
display  D   display_settings.c:377  _al_score_display_settings       [   0.02803] Single Buffer requirement not met.
display  D   display_settings.c:191  debug_display_settings           [   0.02804] color: 16 (rgba 5650), depth: 24, stencil: 0, acc: 0000, samples: 0/0
display  D   display_settings.c:377  _al_score_display_settings       [   0.02805] Single Buffer requirement not met.
display  D   display_settings.c:191  debug_display_settings           [   0.02806] color: 16 (rgba 5650), depth: 24, stencil: 0, acc: 0000, samples: 0/0
display  D   display_settings.c:377  _al_score_display_settings       [   0.02807] Single Buffer requirement not met.
display  D   display_settings.c:191  debug_display_settings           [   0.02808] color: 16 (rgba 5650), depth: 24, stencil: 0, acc: 0000, samples: 2/1
display  D   display_settings.c:377  _al_score_display_settings       [   0.02809] Single Buffer requirement not met.
display  D   display_settings.c:191  debug_display_settings           [   0.02810] color: 16 (rgba 5650), depth: 24, stencil: 0, acc: 0000, samples: 3/1
display  D   display_settings.c:377  _al_score_display_settings       [   0.02811] Single Buffer requirement not met.
display  D   display_settings.c:191  debug_display_settings           [   0.02812] color: 16 (rgba 5650), depth: 24, stencil: 0, acc: 0000, samples: 4/1
display  D   display_settings.c:377  _al_score_display_settings       [   0.02813] Single Buffer requirement not met.
display  D   display_settings.c:191  debug_display_settings           [   0.02814] color: 16 (rgba 5650), depth: 16, stencil: 0, acc: 0000, samples: 0/0
display  D   display_settings.c:377  _al_score_display_settings       [   0.02815] Single Buffer requirement not met.
display  D   display_settings.c:191  debug_display_settings           [   0.02816] color: 16 (rgba 5650), depth: 16, stencil: 0, acc: 0000, samples: 0/0
display  D   display_settings.c:377  _al_score_display_settings       [   0.02817] Single Buffer requirement not met.
display  D   display_settings.c:191  debug_display_settings           [   0.02818] color: 16 (rgba 5650), depth: 16, stencil: 0, acc: 0000, samples: 2/1
display  D   display_settings.c:377  _al_score_display_settings       [   0.02819] Single Buffer requirement not met.
display  D   display_settings.c:191  debug_display_settings           [   0.02820] color: 16 (rgba 5650), depth: 16, stencil: 0, acc: 0000, samples: 3/1
display  D   display_settings.c:377  _al_score_display_settings       [   0.02821] Single Buffer requirement not met.
display  D   display_settings.c:191  debug_display_settings           [   0.02822] color: 16 (rgba 5650), depth: 16, stencil: 0, acc: 0000, samples: 4/1
display  D   display_settings.c:377  _al_score_display_settings       [   0.02823] Single Buffer requirement not met.
display  D   display_settings.c:191  debug_display_settings           [   0.02824] color: 32 (rgba 8880), depth: 0, stencil: 0, acc: 0000, samples: 0/0
display  D   display_settings.c:506  _al_score_display_settings       [   0.02825] Score is : 769
display  D   display_settings.c:191  debug_display_settings           [   0.02826] color: 32 (rgba 8880), depth: 0, stencil: 0, acc: 0000, samples: 0/0
display  D   display_settings.c:506  _al_score_display_settings       [   0.02827] Score is : 769
display  D   display_settings.c:191  debug_display_settings           [   0.02828] color: 32 (rgba 8880), depth: 0, stencil: 0, acc: 0000, samples: 2/1
display  D   display_settings.c:506  _al_score_display_settings       [   0.02829] Score is : 598
display  D   display_settings.c:191  debug_display_settings           [   0.02829] color: 32 (rgba 8880), depth: 0, stencil: 0, acc: 0000, samples: 3/1
display  D   display_settings.c:506  _al_score_display_settings       [   0.02831] Score is : 593
display  D   display_settings.c:191  debug_display_settings           [   0.02831] color: 32 (rgba 8880), depth: 0, stencil: 0, acc: 0000, samples: 4/1
display  D   display_settings.c:506  _al_score_display_settings       [   0.02832] Score is : 589
display  D   display_settings.c:191  debug_display_settings           [   0.02833] color: 32 (rgba 8880), depth: 24, stencil: 8, acc: 0000, samples: 0/0
display  D   display_settings.c:506  _al_score_display_settings       [   0.02834] Score is : 769
display  D   display_settings.c:191  debug_display_settings           [   0.02835] color: 32 (rgba 8880), depth: 24, stencil: 8, acc: 0000, samples: 0/0
display  D   display_settings.c:506  _al_score_display_settings       [   0.02836] Score is : 769
display  D   display_settings.c:191  debug_display_settings           [   0.02837] color: 32 (rgba 8880), depth: 24, stencil: 8, acc: 0000, samples: 2/1
display  D   display_settings.c:506  _al_score_display_settings       [   0.02838] Score is : 598
display  D   display_settings.c:191  debug_display_settings           [   0.02839] color: 32 (rgba 8880), depth: 24, stencil: 8, acc: 0000, samples: 3/1
display  D   display_settings.c:506  _al_score_display_settings       [   0.02840] Score is : 593
display  D   display_settings.c:191  debug_display_settings           [   0.02841] color: 32 (rgba 8880), depth: 24, stencil: 8, acc: 0000, samples: 4/1
display  D   display_settings.c:506  _al_score_display_settings       [   0.02842] Score is : 589
display  D   display_settings.c:191  debug_display_settings           [   0.02843] color: 32 (rgba 8880), depth: 24, stencil: 0, acc: 0000, samples: 0/0
display  D   display_settings.c:506  _al_score_display_settings       [   0.02844] Score is : 769
display  D   display_settings.c:191  debug_display_settings           [   0.02845] color: 32 (rgba 8880), depth: 24, stencil: 0, acc: 0000, samples: 0/0
display  D   display_settings.c:506  _al_score_display_settings       [   0.02846] Score is : 769
display  D   display_settings.c:191  debug_display_settings           [   0.02847] color: 32 (rgba 8880), depth: 24, stencil: 0, acc: 0000, samples: 2/1
display  D   display_settings.c:506  _al_score_display_settings       [   0.02848] Score is : 598
display  D   display_settings.c:191  debug_display_settings           [   0.02849] color: 32 (rgba 8880), depth: 24, stencil: 0, acc: 0000, samples: 3/1
display  D   display_settings.c:506  _al_score_display_settings       [   0.02850] Score is : 593
display  D   display_settings.c:191  debug_display_settings           [   0.02851] color: 32 (rgba 8880), depth: 24, stencil: 0, acc: 0000, samples: 4/1
display  D   display_settings.c:506  _al_score_display_settings       [   0.02852] Score is : 589
display  D   display_settings.c:191  debug_display_settings           [   0.02852] color: 32 (rgba 8880), depth: 16, stencil: 0, acc: 0000, samples: 0/0
display  D   display_settings.c:506  _al_score_display_settings       [   0.02854] Score is : 769
display  D   display_settings.c:191  debug_display_settings           [   0.02854] color: 32 (rgba 8880), depth: 16, stencil: 0, acc: 0000, samples: 0/0
display  D   display_settings.c:506  _al_score_display_settings       [   0.02855] Score is : 769
display  D   display_settings.c:191  debug_display_settings           [   0.02856] color: 32 (rgba 8880), depth: 16, stencil: 0, acc: 0000, samples: 2/1
display  D   display_settings.c:506  _al_score_display_settings       [   0.02857] Score is : 598
display  D   display_settings.c:191  debug_display_settings           [   0.02858] color: 32 (rgba 8880), depth: 16, stencil: 0, acc: 0000, samples: 3/1
display  D   display_settings.c:506  _al_score_display_settings       [   0.02859] Score is : 593
display  D   display_settings.c:191  debug_display_settings           [   0.02860] color: 32 (rgba 8880), depth: 16, stencil: 0, acc: 0000, samples: 4/1
display  D   display_settings.c:506  _al_score_display_settings       [   0.02861] Score is : 589
display  D   display_settings.c:191  debug_display_settings           [   0.02862] color: 16 (rgba 5650), depth: 0, stencil: 0, acc: 0000, samples: 0/0
display  D   display_settings.c:506  _al_score_display_settings       [   0.02863] Score is : 769
display  D   display_settings.c:191  debug_display_settings           [   0.02864] color: 16 (rgba 5650), depth: 0, stencil: 0, acc: 0000, samples: 0/0
display  D   display_settings.c:506  _al_score_display_settings       [   0.02865] Score is : 769
display  D   display_settings.c:191  debug_display_settings           [   0.02866] color: 16 (rgba 5650), depth: 0, stencil: 0, acc: 0000, samples: 2/1
display  D   display_settings.c:506  _al_score_display_settings       [   0.02867] Score is : 598
display  D   display_settings.c:191  debug_display_settings           [   0.02868] color: 16 (rgba 5650), depth: 0, stencil: 0, acc: 0000, samples: 3/1
display  D   display_settings.c:506  _al_score_display_settings       [   0.02869] Score is : 593
display  D   display_settings.c:191  debug_display_settings           [   0.02870] color: 16 (rgba 5650), depth: 0, stencil: 0, acc: 0000, samples: 4/1
display  D   display_settings.c:506  _al_score_display_settings       [   0.02871] Score is : 589
display  D   display_settings.c:191  debug_display_settings           [   0.02871] color: 16 (rgba 5650), depth: 24, stencil: 8, acc: 0000, samples: 0/0
display  D   display_settings.c:506  _al_score_display_settings       [   0.02873] Score is : 769
display  D   display_settings.c:191  debug_display_settings           [   0.02874] color: 16 (rgba 5650), depth: 24, stencil: 8, acc: 0000, samples: 0/0
display  D   display_settings.c:506  _al_score_display_settings       [   0.02875] Score is : 769
display  D   display_settings.c:191  debug_display_settings           [   0.02875] color: 16 (rgba 5650), depth: 24, stencil: 8, acc: 0000, samples: 2/1
display  D   display_settings.c:506  _al_score_display_settings       [   0.02877] Score is : 598
display  D   display_settings.c:191  debug_display_settings           [   0.02877] color: 16 (rgba 5650), depth: 24, stencil: 8, acc: 0000, samples: 3/1
display  D   display_settings.c:506  _al_score_display_settings       [   0.02878] Score is : 593
display  D   display_settings.c:191  debug_display_settings           [   0.02879] color: 16 (rgba 5650), depth: 24, stencil: 8, acc: 0000, samples: 4/1
display  D   display_settings.c:506  _al_score_display_settings       [   0.02880] Score is : 589
display  D   display_settings.c:191  debug_display_settings           [   0.02881] color: 16 (rgba 5650), depth: 24, stencil: 0, acc: 0000, samples: 0/0
display  D   display_settings.c:506  _al_score_display_settings       [   0.02882] Score is : 769
display  D   display_settings.c:191  debug_display_settings           [   0.02883] color: 16 (rgba 5650), depth: 24, stencil: 0, acc: 0000, samples: 0/0
display  D   display_settings.c:506  _al_score_display_settings       [   0.02884] Score is : 769
display  D   display_settings.c:191  debug_display_settings           [   0.02885] color: 16 (rgba 5650), depth: 24, stencil: 0, acc: 0000, samples: 2/1
display  D   display_settings.c:506  _al_score_display_settings       [   0.02886] Score is : 598
display  D   display_settings.c:191  debug_display_settings           [   0.02887] color: 16 (rgba 5650), depth: 24, stencil: 0, acc: 0000, samples: 3/1
display  D   display_settings.c:506  _al_score_display_settings       [   0.02888] Score is : 593
display  D   display_settings.c:191  debug_display_settings           [   0.02889] color: 16 (rgba 5650), depth: 24, stencil: 0, acc: 0000, samples: 4/1
display  D   display_settings.c:506  _al_score_display_settings       [   0.02890] Score is : 589
display  D   display_settings.c:191  debug_display_settings           [   0.02891] color: 16 (rgba 5650), depth: 16, stencil: 0, acc: 0000, samples: 0/0
display  D   display_settings.c:506  _al_score_display_settings       [   0.02892] Score is : 769
display  D   display_settings.c:191  debug_display_settings           [   0.02893] color: 16 (rgba 5650), depth: 16, stencil: 0, acc: 0000, samples: 0/0
display  D   display_settings.c:506  _al_score_display_settings       [   0.02894] Score is : 769
display  D   display_settings.c:191  debug_display_settings           [   0.02895] color: 16 (rgba 5650), depth: 16, stencil: 0, acc: 0000, samples: 2/1
display  D   display_settings.c:506  _al_score_display_settings       [   0.02896] Score is : 598
display  D   display_settings.c:191  debug_display_settings           [   0.02897] color: 16 (rgba 5650), depth: 16, stencil: 0, acc: 0000, samples: 3/1
display  D   display_settings.c:506  _al_score_display_settings       [   0.02898] Score is : 593
display  D   display_settings.c:191  debug_display_settings           [   0.02899] color: 16 (rgba 5650), depth: 16, stencil: 0, acc: 0000, samples: 4/1
display  D   display_settings.c:506  _al_score_display_settings       [   0.02900] Score is : 589
display  D   display_settings.c:191  debug_display_settings           [   0.02901] color: 32 (rgba 8880), depth: 0, stencil: 0, acc: 0000, samples: 0/0
display  D   display_settings.c:377  _al_score_display_settings       [   0.02902] Single Buffer requirement not met.
display  D   display_settings.c:191  debug_display_settings           [   0.02903] color: 32 (rgba 8880), depth: 0, stencil: 0, acc: 0000, samples: 0/0
display  D   display_settings.c:377  _al_score_display_settings       [   0.02904] Single Buffer requirement not met.
display  D   display_settings.c:191  debug_display_settings           [   0.02907] color: 32 (rgba 8880), depth: 0, stencil: 0, acc: 0000, samples: 2/1
display  D   display_settings.c:377  _al_score_display_settings       [   0.02908] Single Buffer requirement not met.
display  D   display_settings.c:191  debug_display_settings           [   0.02909] color: 32 (rgba 8880), depth: 0, stencil: 0, acc: 0000, samples: 3/1
display  D   display_settings.c:377  _al_score_display_settings       [   0.02910] Single Buffer requirement not met.
display  D   display_settings.c:191  debug_display_settings           [   0.02911] color: 32 (rgba 8880), depth: 0, stencil: 0, acc: 0000, samples: 4/1
display  D   display_settings.c:377  _al_score_display_settings       [   0.02912] Single Buffer requirement not met.
display  D   display_settings.c:191  debug_display_settings           [   0.02913] color: 32 (rgba 8880), depth: 24, stencil: 8, acc: 0000, samples: 0/0
display  D   display_settings.c:377  _al_score_display_settings       [   0.02914] Single Buffer requirement not met.
display  D   display_settings.c:191  debug_display_settings           [   0.02915] color: 32 (rgba 8880), depth: 24, stencil: 8, acc: 0000, samples: 0/0
display  D   display_settings.c:377  _al_score_display_settings       [   0.02916] Single Buffer requirement not met.
display  D   display_settings.c:191  debug_display_settings           [   0.02917] color: 32 (rgba 8880), depth: 24, stencil: 8, acc: 0000, samples: 2/1
display  D   display_settings.c:377  _al_score_display_settings       [   0.02918] Single Buffer requirement not met.
display  D   display_settings.c:191  debug_display_settings           [   0.02919] color: 32 (rgba 8880), depth: 24, stencil: 8, acc: 0000, samples: 3/1
display  D   display_settings.c:377  _al_score_display_settings       [   0.02920] Single Buffer requirement not met.
display  D   display_settings.c:191  debug_display_settings           [   0.02921] color: 32 (rgba 8880), depth: 24, stencil: 8, acc: 0000, samples: 4/1
display  D   display_settings.c:377  _al_score_display_settings       [   0.02922] Single Buffer requirement not met.
display  D   display_settings.c:191  debug_display_settings           [   0.02923] color: 32 (rgba 8880), depth: 24, stencil: 0, acc: 0000, samples: 0/0
display  D   display_settings.c:377  _al_score_display_settings       [   0.02924] Single Buffer requirement not met.
display  D   display_settings.c:191  debug_display_settings           [   0.02924] color: 32 (rgba 8880), depth: 24, stencil: 0, acc: 0000, samples: 0/0
display  D   display_settings.c:377  _al_score_display_settings       [   0.02926] Single Buffer requirement not met.
display  D   display_settings.c:191  debug_display_settings           [   0.02926] color: 32 (rgba 8880), depth: 24, stencil: 0, acc: 0000, samples: 2/1
display  D   display_settings.c:377  _al_score_display_settings       [   0.02927] Single Buffer requirement not met.
display  D   display_settings.c:191  debug_display_settings           [   0.02928] color: 32 (rgba 8880), depth: 24, stencil: 0, acc: 0000, samples: 3/1
display  D   display_settings.c:377  _al_score_display_settings       [   0.02929] Single Buffer requirement not met.
display  D   display_settings.c:191  debug_display_settings           [   0.02930] color: 32 (rgba 8880), depth: 24, stencil: 0, acc: 0000, samples: 4/1
display  D   display_settings.c:377  _al_score_display_settings       [   0.02931] Single Buffer requirement not met.
display  D   display_settings.c:191  debug_display_settings           [   0.02932] color: 32 (rgba 8880), depth: 16, stencil: 0, acc: 0000, samples: 0/0
display  D   display_settings.c:377  _al_score_display_settings       [   0.02933] Single Buffer requirement not met.
display  D   display_settings.c:191  debug_display_settings           [   0.02934] color: 32 (rgba 8880), depth: 16, stencil: 0, acc: 0000, samples: 0/0
display  D   display_settings.c:377  _al_score_display_settings       [   0.02935] Single Buffer requirement not met.
display  D   display_settings.c:191  debug_display_settings           [   0.02936] color: 32 (rgba 8880), depth: 16, stencil: 0, acc: 0000, samples: 2/1
display  D   display_settings.c:377  _al_score_display_settings       [   0.02937] Single Buffer requirement not met.
display  D   display_settings.c:191  debug_display_settings           [   0.02938] color: 32 (rgba 8880), depth: 16, stencil: 0, acc: 0000, samples: 3/1
display  D   display_settings.c:377  _al_score_display_settings       [   0.02939] Single Buffer requirement not met.
display  D   display_settings.c:191  debug_display_settings           [   0.02940] color: 32 (rgba 8880), depth: 16, stencil: 0, acc: 0000, samples: 4/1
display  D   display_settings.c:377  _al_score_display_settings       [   0.02941] Single Buffer requirement not met.
display  D   display_settings.c:191  debug_display_settings           [   0.02942] color: 16 (rgba 5650), depth: 0, stencil: 0, acc: 0000, samples: 0/0
display  D   display_settings.c:377  _al_score_display_settings       [   0.02943] Single Buffer requirement not met.
display  D   display_settings.c:191  debug_display_settings           [   0.02944] color: 16 (rgba 5650), depth: 0, stencil: 0, acc: 0000, samples: 0/0
display  D   display_settings.c:377  _al_score_display_settings       [   0.02945] Single Buffer requirement not met.
display  D   display_settings.c:191  debug_display_settings           [   0.02946] color: 16 (rgba 5650), depth: 0, stencil: 0, acc: 0000, samples: 2/1
display  D   display_settings.c:377  _al_score_display_settings       [   0.02947] Single Buffer requirement not met.
display  D   display_settings.c:191  debug_display_settings           [   0.02948] color: 16 (rgba 5650), depth: 0, stencil: 0, acc: 0000, samples: 3/1
display  D   display_settings.c:377  _al_score_display_settings       [   0.02949] Single Buffer requirement not met.
display  D   display_settings.c:191  debug_display_settings           [   0.02950] color: 16 (rgba 5650), depth: 0, stencil: 0, acc: 0000, samples: 4/1
display  D   display_settings.c:377  _al_score_display_settings       [   0.02951] Single Buffer requirement not met.
display  D   display_settings.c:191  debug_display_settings           [   0.02952] color: 16 (rgba 5650), depth: 24, stencil: 8, acc: 0000, samples: 0/0
display  D   display_settings.c:377  _al_score_display_settings       [   0.02953] Single Buffer requirement not met.
display  D   display_settings.c:191  debug_display_settings           [   0.02954] color: 16 (rgba 5650), depth: 24, stencil: 8, acc: 0000, samples: 0/0
display  D   display_settings.c:377  _al_score_display_settings       [   0.02955] Single Buffer requirement not met.
display  D   display_settings.c:191  debug_display_settings           [   0.02956] color: 16 (rgba 5650), depth: 24, stencil: 8, acc: 0000, samples: 2/1
display  D   display_settings.c:377  _al_score_display_settings       [   0.02957] Single Buffer requirement not met.
display  D   display_settings.c:191  debug_display_settings           [   0.02958] color: 16 (rgba 5650), depth: 24, stencil: 8, acc: 0000, samples: 3/1
display  D   display_settings.c:377  _al_score_display_settings       [   0.02959] Single Buffer requirement not met.
display  D   display_settings.c:191  debug_display_settings           [   0.02960] color: 16 (rgba 5650), depth: 24, stencil: 8, acc: 0000, samples: 4/1
display  D   display_settings.c:377  _al_score_display_settings       [   0.02961] Single Buffer requirement not met.
display  D   display_settings.c:191  debug_display_settings           [   0.02962] color: 16 (rgba 5650), depth: 24, stencil: 0, acc: 0000, samples: 0/0
display  D   display_settings.c:377  _al_score_display_settings       [   0.02963] Single Buffer requirement not met.
display  D   display_settings.c:191  debug_display_settings           [   0.02964] color: 16 (rgba 5650), depth: 24, stencil: 0, acc: 0000, samples: 0/0
display  D   display_settings.c:377  _al_score_display_settings       [   0.02965] Single Buffer requirement not met.
display  D   display_settings.c:191  debug_display_settings           [   0.02966] color: 16 (rgba 5650), depth: 24, stencil: 0, acc: 0000, samples: 2/1
display  D   display_settings.c:377  _al_score_display_settings       [   0.02967] Single Buffer requirement not met.
display  D   display_settings.c:191  debug_display_settings           [   0.02968] color: 16 (rgba 5650), depth: 24, stencil: 0, acc: 0000, samples: 3/1
display  D   display_settings.c:377  _al_score_display_settings       [   0.02969] Single Buffer requirement not met.
display  D   display_settings.c:191  debug_display_settings           [   0.02970] color: 16 (rgba 5650), depth: 24, stencil: 0, acc: 0000, samples: 4/1
display  D   display_settings.c:377  _al_score_display_settings       [   0.02971] Single Buffer requirement not met.
display  D   display_settings.c:191  debug_display_settings           [   0.02972] color: 16 (rgba 5650), depth: 16, stencil: 0, acc: 0000, samples: 0/0
display  D   display_settings.c:377  _al_score_display_settings       [   0.02973] Single Buffer requirement not met.
display  D   display_settings.c:191  debug_display_settings           [   0.02974] color: 16 (rgba 5650), depth: 16, stencil: 0, acc: 0000, samples: 0/0
display  D   display_settings.c:377  _al_score_display_settings       [   0.02975] Single Buffer requirement not met.
display  D   display_settings.c:191  debug_display_settings           [   0.02976] color: 16 (rgba 5650), depth: 16, stencil: 0, acc: 0000, samples: 2/1
display  D   display_settings.c:377  _al_score_display_settings       [   0.02977] Single Buffer requirement not met.
display  D   display_settings.c:191  debug_display_settings           [   0.02978] color: 16 (rgba 5650), depth: 16, stencil: 0, acc: 0000, samples: 3/1
display  D   display_settings.c:377  _al_score_display_settings       [   0.02979] Single Buffer requirement not met.
display  D   display_settings.c:191  debug_display_settings           [   0.02980] color: 16 (rgba 5650), depth: 16, stencil: 0, acc: 0000, samples: 4/1
display  D   display_settings.c:377  _al_score_display_settings       [   0.02981] Single Buffer requirement not met.
d3d      D         d3d_disp.cpp:1645 d3d_create_display_internals     [   0.02986] Trying format 0.
d3d      I         d3d_disp.cpp:1326 d3d_display_thread_proc          [   0.03032] Chose a display format: 23
d3d      I         d3d_disp.cpp:1395 d3d_display_thread_proc          [   0.03034] Normal window.
d3d      I         d3d_disp.cpp:801  d3d_create_device                [   0.05461] Using no depth stencil buffer
d3d      D         d3d_disp.cpp:866  d3d_create_device                [   0.08987] BeginScene succeeded in create_device
d3d      D         d3d_disp.cpp:874  d3d_create_device                [   0.08990] Success
d3d      D         d3d_disp.cpp:1668 d3d_create_display_internals     [   0.08993] Resumed after wait.
d3d      I         d3d_disp.cpp:1701 d3d_create_display_internals     [   0.08998] Format 0 succeeded.
d3d      D         d3d_disp.cpp:1724 d3d_create_display_internals     [   0.09000] Returning d3d_display: 010A1D20
d3d      D         d3d_disp.cpp:1749 d3d_create_display_locked        [   0.09001] al_display=010A1D20
d3d      D         d3d_disp.cpp:1750 d3d_create_display_locked        [   0.09001] al_display->vt=00FDCC18
audio-dsound D           dsound.cpp:244  _dsound_open                     [   0.09292] Loading DirectSound module
system   D            wsystem.c:583  maybe_parent_dir                 [   0.09311] Also searching C:\Users\Justin\EGP-410\Assignments\Flock Behaviour\
system   D            wsystem.c:633  _al_win_safe_load_library        [   0.09330] PathFindOnPath found: C:\WINDOWS\system32\dsound.dll
system   D            wsystem.c:544  load_library_at_path             [   0.09331] Calling LoadLibrary C:\WINDOWS\system32\dsound.dll
system   I            wsystem.c:547  load_library_at_path             [   0.11324] Loaded C:\WINDOWS\system32\dsound.dll
audio-dsound I           dsound.cpp:261  _dsound_open                     [   0.11328] Starting DirectSound...
audio-dsound D           dsound.cpp:271  _dsound_open                     [   0.15901] DirectSoundCreate8 succeeded
audio    I              audio.c:288  do_install_audio                 [   0.16160] Using DirectSound driver
audio-dsound D           dsound.cpp:306  _dsound_allocate_voice           [   0.16165] Allocating voice
audio-dsound D           dsound.cpp:365  _dsound_allocate_voice           [   0.16165] Allocated voice
dtor     D               dtor.c:184  _al_register_destructor          [   0.16166] added dtor for object 0106BBE8, func 013D250E
dtor     D               dtor.c:184  _al_register_destructor          [   0.16168] added dtor for object 01062AF0, func 013D2919
audio-dsound D           dsound.cpp:462  _dsound_start_voice              [   0.16170] Starting voice
audio-dsound D           dsound.cpp:491  _dsound_start_voice              [   0.16170] CreateSoundBuffer
audio-dsound D           dsound.cpp:500  _dsound_start_voice              [   0.16364] CreateSoundBuffer succeeded
audio-dsound D           dsound.cpp:506  _dsound_start_voice              [   0.16366] Starting _dsound_update thread
audio-dsound I           dsound.cpp:516  _dsound_start_voice              [   0.16391] Voice started
dtor     D               dtor.c:184  _al_register_destructor          [   0.16393] added dtor for object 07D0AF10, func 013D23EC
audio    D          kcm_mixer.c:121  _al_rechannel_matrix             [   0.16396] sample matrix:
audio    D          kcm_mixer.c:127  _al_rechannel_matrix             [   0.16396] 
audio    D          kcm_mixer.c:127  _al_rechannel_matrix             [   0.16397] 
font     D                ttf.c:792  al_load_ttf_font_stretch_f       [   0.16445] Font cour.ttf loaded with pixel size 0 x 20.
font     D                ttf.c:794  al_load_ttf_font_stretch_f       [   0.16446]     ascent=17.0, descent=-6.0, height=23.0
dtor     D               dtor.c:184  _al_register_destructor          [   0.16447] added dtor for object 07B94390, func 013D1B36
wav      I                wav.c:107  wav_open                         [   0.16454] Ignoring chunk: fact
dtor     D               dtor.c:184  _al_register_destructor          [   0.16457] added dtor for object 07A0B5D0, func 013D2379
d3d      D         d3d_disp.cpp:1166 real_choose_bitmap_format        [   0.17015] Fake format
d3d      D         d3d_disp.cpp:1166 real_choose_bitmap_format        [   0.17018] Fake format
d3d      D         d3d_disp.cpp:1166 real_choose_bitmap_format        [   0.17018] Fake format
d3d      D         d3d_disp.cpp:1166 real_choose_bitmap_format        [   0.17019] Fake format
d3d      D         d3d_disp.cpp:1166 real_choose_bitmap_format        [   0.17020] Fake format
d3d      D         d3d_disp.cpp:1166 real_choose_bitmap_format        [   0.17021] Fake format
d3d      D         d3d_disp.cpp:1166 real_choose_bitmap_format        [   0.17022] Fake format
d3d      D         d3d_disp.cpp:1166 real_choose_bitmap_format        [   0.17022] Fake format
d3d      D         d3d_disp.cpp:1166 real_choose_bitmap_format        [   0.17023] Fake format
d3d      D         d3d_disp.cpp:1174 real_choose_bitmap_format        [   0.17024] Alpha doesn't match
d3d      D         d3d_disp.cpp:1181 real_choose_bitmap_format        [   0.17025] Adapter format is 23
d3d      D         d3d_disp.cpp:1184 real_choose_bitmap_format        [   0.17026] Found a format
d3d      I         d3d_disp.cpp:2283 _al_d3d_create_bitmap            [   0.17026] Chose bitmap format 9
dtor     D               dtor.c:184  _al_register_destructor          [   0.17181] added dtor for object 038ABEA0, func 013D2590
d3d      D          d3d_bmp.cpp:467  _al_d3d_sync_bitmap              [   0.17782] _al_d3d_sync_bitmap (system) ref count == 1
d3d      D          d3d_bmp.cpp:473  _al_d3d_sync_bitmap              [   0.17785] _al_d3d_sync_bitmap (video) ref count == 1
d3d      D         d3d_disp.cpp:1166 real_choose_bitmap_format        [   0.19675] Fake format
d3d      D         d3d_disp.cpp:1166 real_choose_bitmap_format        [   0.19678] Fake format
d3d      D         d3d_disp.cpp:1166 real_choose_bitmap_format        [   0.19679] Fake format
d3d      D         d3d_disp.cpp:1166 real_choose_bitmap_format        [   0.19679] Fake format
d3d      D         d3d_disp.cpp:1166 real_choose_bitmap_format        [   0.19680] Fake format
d3d      D         d3d_disp.cpp:1166 real_choose_bitmap_format        [   0.19681] Fake format
d3d      D         d3d_disp.cpp:1166 real_choose_bitmap_format        [   0.19682] Fake format
d3d      D         d3d_disp.cpp:1166 real_choose_bitmap_format        [   0.19683] Fake format
d3d      D         d3d_disp.cpp:1166 real_choose_bitmap_format        [   0.19683] Fake format
d3d      D         d3d_disp.cpp:1174 real_choose_bitmap_format        [   0.19684] Alpha doesn't match
d3d      D         d3d_disp.cpp:1181 real_choose_bitmap_format        [   0.19685] Adapter format is 23
d3d      D         d3d_disp.cpp:1184 real_choose_bitmap_format        [   0.19686] Found a format
d3d      I         d3d_disp.cpp:2283 _al_d3d_create_bitmap            [   0.19687] Chose bitmap format 9
dtor     D               dtor.c:184  _al_register_destructor          [   0.19881] added dtor for object 038AABA0, func 013D2590
d3d      D          d3d_bmp.cpp:467  _al_d3d_sync_bitmap              [   0.19887] _al_d3d_sync_bitmap (system) ref count == 1
d3d      D          d3d_bmp.cpp:473  _al_d3d_sync_bitmap              [   0.19888] _al_d3d_sync_bitmap (video) ref count == 1
d3d      D         d3d_disp.cpp:1166 real_choose_bitmap_format        [   0.19997] Fake format
d3d      D         d3d_disp.cpp:1166 real_choose_bitmap_format        [   0.19999] Fake format
d3d      D         d3d_disp.cpp:1166 real_choose_bitmap_format        [   0.19999] Fake format
d3d      D         d3d_disp.cpp:1166 real_choose_bitmap_format        [   0.20000] Fake format
d3d      D         d3d_disp.cpp:1166 real_choose_bitmap_format        [   0.20001] Fake format
d3d      D         d3d_disp.cpp:1166 real_choose_bitmap_format        [   0.20002] Fake format
d3d      D         d3d_disp.cpp:1166 real_choose_bitmap_format        [   0.20003] Fake format
d3d      D         d3d_disp.cpp:1166 real_choose_bitmap_format        [   0.20003] Fake format
d3d      D         d3d_disp.cpp:1166 real_choose_bitmap_format        [   0.20004] Fake format
d3d      D         d3d_disp.cpp:1174 real_choose_bitmap_format        [   0.20005] Alpha doesn't match
d3d      D         d3d_disp.cpp:1181 real_choose_bitmap_format        [   0.20005] Adapter format is 23
d3d      D         d3d_disp.cpp:1184 real_choose_bitmap_format        [   0.20006] Found a format
d3d      I         d3d_disp.cpp:2283 _al_d3d_create_bitmap            [   0.20007] Chose bitmap format 9
dtor     D               dtor.c:184  _al_register_destructor          [   0.20023] added dtor for object 038AACA0, func 013D2590
d3d      D          d3d_bmp.cpp:467  _al_d3d_sync_bitmap              [   0.20026] _al_d3d_sync_bitmap (system) ref count == 1
d3d      D          d3d_bmp.cpp:473  _al_d3d_sync_bitmap              [   0.20027] _al_d3d_sync_bitmap (video) ref count == 1
d3d      D         d3d_disp.cpp:1166 real_choose_bitmap_format        [   0.20209] Fake format
d3d      D         d3d_disp.cpp:1166 real_choose_bitmap_format        [   0.20210] Fake format
d3d      D         d3d_disp.cpp:1166 real_choose_bitmap_format        [   0.20211] Fake format
d3d      D         d3d_disp.cpp:1166 real_choose_bitmap_format        [   0.20212] Fake format
d3d      D         d3d_disp.cpp:1166 real_choose_bitmap_format        [   0.20213] Fake format
d3d      D         d3d_disp.cpp:1166 real_choose_bitmap_format        [   0.20214] Fake format
d3d      D         d3d_disp.cpp:1166 real_choose_bitmap_format        [   0.20214] Fake format
d3d      D         d3d_disp.cpp:1166 real_choose_bitmap_format        [   0.20215] Fake format
d3d      D         d3d_disp.cpp:1166 real_choose_bitmap_format        [   0.20216] Fake format
d3d      D         d3d_disp.cpp:1174 real_choose_bitmap_format        [   0.20217] Alpha doesn't match
d3d      D         d3d_disp.cpp:1181 real_choose_bitmap_format        [   0.20218] Adapter format is 23
d3d      D         d3d_disp.cpp:1184 real_choose_bitmap_format        [   0.20219] Found a format
d3d      I         d3d_disp.cpp:2283 _al_d3d_create_bitmap            [   0.20220] Chose bitmap format 9
font     D                ttf.c:217  alloc_glyph_region               [   0.20350] Glyph 19: 11x15 (12x16)
d3d      D          d3d_bmp.cpp:467  _al_d3d_sync_bitmap              [   0.20361] _al_d3d_sync_bitmap (system) ref count == 1
d3d      D          d3d_bmp.cpp:473  _al_d3d_sync_bitmap              [   0.20363] _al_d3d_sync_bitmap (video) ref count == 2
font     D                ttf.c:217  alloc_glyph_region               [   0.20406] Glyph 29: 5x11 (8x12)
d3d      D          d3d_bmp.cpp:467  _al_d3d_sync_bitmap              [   0.20582] _al_d3d_sync_bitmap (system) ref count == 1
d3d      D          d3d_bmp.cpp:473  _al_d3d_sync_bitmap              [   0.20586] _al_d3d_sync_bitmap (video) ref count == 1
d3d      D          d3d_bmp.cpp:467  _al_d3d_sync_bitmap              [   0.20824] _al_d3d_sync_bitmap (system) ref count == 1
d3d      D          d3d_bmp.cpp:473  _al_d3d_sync_bitmap              [   0.20829] _al_d3d_sync_bitmap (video) ref count == 1
d3d      D          d3d_bmp.cpp:467  _al_d3d_sync_bitmap              [   0.20844] _al_d3d_sync_bitmap (system) ref count == 1
d3d      D          d3d_bmp.cpp:473  _al_d3d_sync_bitmap              [   0.20845] _al_d3d_sync_bitmap (video) ref count == 1
d3d      D          d3d_bmp.cpp:467  _al_d3d_sync_bitmap              [   0.20852] _al_d3d_sync_bitmap (system) ref count == 1
d3d      D          d3d_bmp.cpp:473  _al_d3d_sync_bitmap              [   0.20853] _al_d3d_sync_bitmap (video) ref count == 2
font     D                ttf.c:217  alloc_glyph_region               [   0.20891] Glyph 62: 6x18 (8x20)
d3d      D          d3d_bmp.cpp:467  _al_d3d_sync_bitmap              [   0.20892] _al_d3d_sync_bitmap (system) ref count == 1
d3d      D          d3d_bmp.cpp:473  _al_d3d_sync_bitmap              [   0.20894] _al_d3d_sync_bitmap (video) ref count == 2
font     D                ttf.c:217  alloc_glyph_region               [   0.20928] Glyph 36: 14x14 (16x16)
d3d      D          d3d_bmp.cpp:467  _al_d3d_sync_bitmap              [   0.20937] _al_d3d_sync_bitmap (system) ref count == 1
d3d      D          d3d_bmp.cpp:473  _al_d3d_sync_bitmap              [   0.20938] _al_d3d_sync_bitmap (video) ref count == 2
font     D                ttf.c:217  alloc_glyph_region               [   0.20971] Glyph 64: 6x18 (8x20)
d3d      D          d3d_bmp.cpp:467  _al_d3d_sync_bitmap              [   0.20978] _al_d3d_sync_bitmap (system) ref count == 1
d3d      D          d3d_bmp.cpp:473  _al_d3d_sync_bitmap              [   0.20980] _al_d3d_sync_bitmap (video) ref count == 2
font     D                ttf.c:406  cache_glyph                      [   0.21007] Glyph 3 has zero size.
font     D                ttf.c:217  alloc_glyph_region               [   0.21012] Glyph 79: 11x15 (12x16)
d3d      D          d3d_bmp.cpp:467  _al_d3d_sync_bitmap              [   0.21021] _al_d3d_sync_bitmap (system) ref count == 1
d3d      D          d3d_bmp.cpp:473  _al_d3d_sync_bitmap              [   0.21022] _al_d3d_sync_bitmap (video) ref count == 2
font     D                ttf.c:217  alloc_glyph_region               [   0.21053] Glyph 76: 11x15 (12x16)
d3d      D          d3d_bmp.cpp:467  _al_d3d_sync_bitmap              [   0.21060] _al_d3d_sync_bitmap (system) ref count == 1
d3d      D          d3d_bmp.cpp:473  _al_d3d_sync_bitmap              [   0.21061] _al_d3d_sync_bitmap (video) ref count == 2
font     D                ttf.c:217  alloc_glyph_region               [   0.21091] Glyph 74: 10x15 (12x16)
d3d      D          d3d_bmp.cpp:467  _al_d3d_sync_bitmap              [   0.21098] _al_d3d_sync_bitmap (system) ref count == 1
d3d      D          d3d_bmp.cpp:473  _al_d3d_sync_bitmap              [   0.21099] _al_d3d_sync_bitmap (video) ref count == 2
font     D                ttf.c:217  alloc_glyph_region               [   0.21127] Glyph 81: 11x11 (12x12)
d3d      D          d3d_bmp.cpp:467  _al_d3d_sync_bitmap              [   0.21133] _al_d3d_sync_bitmap (system) ref count == 1
d3d      D          d3d_bmp.cpp:473  _al_d3d_sync_bitmap              [   0.21134] _al_d3d_sync_bitmap (video) ref count == 2
font     D                ttf.c:217  alloc_glyph_region               [   0.21161] Glyph 80: 13x11 (16x12)
d3d      D          d3d_bmp.cpp:467  _al_d3d_sync_bitmap              [   0.21167] _al_d3d_sync_bitmap (system) ref count == 1
d3d      D          d3d_bmp.cpp:473  _al_d3d_sync_bitmap              [   0.21167] _al_d3d_sync_bitmap (video) ref count == 2
font     D                ttf.c:217  alloc_glyph_region               [   0.21192] Glyph 72: 11x12 (12x12)
d3d      D          d3d_bmp.cpp:467  _al_d3d_sync_bitmap              [   0.21198] _al_d3d_sync_bitmap (system) ref count == 1
d3d      D          d3d_bmp.cpp:473  _al_d3d_sync_bitmap              [   0.21198] _al_d3d_sync_bitmap (video) ref count == 2
font     D                ttf.c:217  alloc_glyph_region               [   0.21224] Glyph 87: 11x14 (12x16)
d3d      D          d3d_bmp.cpp:467  _al_d3d_sync_bitmap              [   0.21232] _al_d3d_sync_bitmap (system) ref count == 1
d3d      D          d3d_bmp.cpp:473  _al_d3d_sync_bitmap              [   0.21233] _al_d3d_sync_bitmap (video) ref count == 2
font     D                ttf.c:217  alloc_glyph_region               [   0.21262] Glyph 58: 14x14 (16x16)
d3d      D          d3d_bmp.cpp:467  _al_d3d_sync_bitmap              [   0.21268] _al_d3d_sync_bitmap (system) ref count == 1
d3d      D          d3d_bmp.cpp:473  _al_d3d_sync_bitmap              [   0.21269] _al_d3d_sync_bitmap (video) ref count == 2
font     D                ttf.c:217  alloc_glyph_region               [   0.21293] Glyph 75: 11x15 (12x16)
d3d      D          d3d_bmp.cpp:467  _al_d3d_sync_bitmap              [   0.21299] _al_d3d_sync_bitmap (system) ref count == 1
d3d      D          d3d_bmp.cpp:473  _al_d3d_sync_bitmap              [   0.21299] _al_d3d_sync_bitmap (video) ref count == 2
font     D                ttf.c:217  alloc_glyph_region               [   0.21324] Glyph 22: 10x15 (12x16)
d3d      D          d3d_bmp.cpp:467  _al_d3d_sync_bitmap              [   0.21329] _al_d3d_sync_bitmap (system) ref count == 1
d3d      D          d3d_bmp.cpp:473  _al_d3d_sync_bitmap              [   0.21330] _al_d3d_sync_bitmap (video) ref count == 2
font     D                ttf.c:217  alloc_glyph_region               [   0.21356] Glyph 24: 10x15 (12x16)
d3d      D          d3d_bmp.cpp:467  _al_d3d_sync_bitmap              [   0.21361] _al_d3d_sync_bitmap (system) ref count == 1
d3d      D          d3d_bmp.cpp:473  _al_d3d_sync_bitmap              [   0.21362] _al_d3d_sync_bitmap (video) ref count == 2
font     D                ttf.c:217  alloc_glyph_region               [   0.21387] Glyph 17: 5x5 (8x8)
d3d      D          d3d_bmp.cpp:467  _al_d3d_sync_bitmap              [   0.21393] _al_d3d_sync_bitmap (system) ref count == 1
d3d      D          d3d_bmp.cpp:473  _al_d3d_sync_bitmap              [   0.21393] _al_d3d_sync_bitmap (video) ref count == 2
font     D                ttf.c:217  alloc_glyph_region               [   0.21425] Glyph 38: 12x14 (12x16)
d3d      D          d3d_bmp.cpp:467  _al_d3d_sync_bitmap              [   0.21433] _al_d3d_sync_bitmap (system) ref count == 1
d3d      D          d3d_bmp.cpp:473  _al_d3d_sync_bitmap              [   0.21434] _al_d3d_sync_bitmap (video) ref count == 2
font     D                ttf.c:217  alloc_glyph_region               [   0.21462] Glyph 82: 11x11 (12x12)
d3d      D          d3d_bmp.cpp:467  _al_d3d_sync_bitmap              [   0.21468] _al_d3d_sync_bitmap (system) ref count == 1
d3d      D          d3d_bmp.cpp:473  _al_d3d_sync_bitmap              [   0.21469] _al_d3d_sync_bitmap (video) ref count == 2
font     D                ttf.c:217  alloc_glyph_region               [   0.21498] Glyph 86: 10x11 (12x12)
d3d      D          d3d_bmp.cpp:467  _al_d3d_sync_bitmap              [   0.21511] _al_d3d_sync_bitmap (system) ref count == 1
d3d      D          d3d_bmp.cpp:473  _al_d3d_sync_bitmap              [   0.21512] _al_d3d_sync_bitmap (video) ref count == 2
font     D                ttf.c:217  alloc_glyph_region               [   0.21557] Glyph 54: 10x14 (12x16)
d3d      D          d3d_bmp.cpp:467  _al_d3d_sync_bitmap              [   0.21569] _al_d3d_sync_bitmap (system) ref count == 1
d3d      D          d3d_bmp.cpp:473  _al_d3d_sync_bitmap              [   0.21570] _al_d3d_sync_bitmap (video) ref count == 2
font     D                ttf.c:217  alloc_glyph_region               [   0.21608] Glyph 83: 12x15 (12x16)
d3d      D          d3d_bmp.cpp:467  _al_d3d_sync_bitmap              [   0.21618] _al_d3d_sync_bitmap (system) ref count == 1
d3d      D          d3d_bmp.cpp:473  _al_d3d_sync_bitmap              [   0.21619] _al_d3d_sync_bitmap (video) ref count == 2
font     D                ttf.c:217  alloc_glyph_region               [   0.21661] Glyph 68: 11x11 (12x12)
d3d      D          d3d_bmp.cpp:467  _al_d3d_sync_bitmap              [   0.21674] _al_d3d_sync_bitmap (system) ref count == 1
d3d      D          d3d_bmp.cpp:473  _al_d3d_sync_bitmap              [   0.21675] _al_d3d_sync_bitmap (video) ref count == 2
font     D                ttf.c:217  alloc_glyph_region               [   0.21712] Glyph 85: 10x11 (12x12)
d3d      D          d3d_bmp.cpp:467  _al_d3d_sync_bitmap              [   0.21723] _al_d3d_sync_bitmap (system) ref count == 1
d3d      D          d3d_bmp.cpp:473  _al_d3d_sync_bitmap              [   0.21724] _al_d3d_sync_bitmap (video) ref count == 2
font     D                ttf.c:217  alloc_glyph_region               [   0.21763] Glyph 26: 10x15 (12x16)
d3d      D          d3d_bmp.cpp:467  _al_d3d_sync_bitmap              [   0.21775] _al_d3d_sync_bitmap (system) ref count == 1
d3d      D          d3d_bmp.cpp:473  _al_d3d_sync_bitmap              [   0.21776] _al_d3d_sync_bitmap (video) ref count == 2
font     D                ttf.c:217  alloc_glyph_region               [   0.21825] Glyph 57: 14x14 (16x16)
d3d      D          d3d_bmp.cpp:467  _al_d3d_sync_bitmap              [   0.21835] _al_d3d_sync_bitmap (system) ref count == 1
d3d      D          d3d_bmp.cpp:473  _al_d3d_sync_bitmap              [   0.21836] _al_d3d_sync_bitmap (video) ref count == 2
font     D                ttf.c:217  alloc_glyph_region               [   0.21876] Glyph 48: 13x14 (16x16)
d3d      D          d3d_bmp.cpp:467  _al_d3d_sync_bitmap              [   0.21883] _al_d3d_sync_bitmap (system) ref count == 1
d3d      D          d3d_bmp.cpp:473  _al_d3d_sync_bitmap              [   0.21884] _al_d3d_sync_bitmap (video) ref count == 2
font     D                ttf.c:217  alloc_glyph_region               [   0.21911] Glyph 91: 12x11 (12x12)
d3d      D          d3d_bmp.cpp:467  _al_d3d_sync_bitmap              [   0.21917] _al_d3d_sync_bitmap (system) ref count == 1
d3d      D          d3d_bmp.cpp:473  _al_d3d_sync_bitmap              [   0.21918] _al_d3d_sync_bitmap (video) ref count == 2
font     D                ttf.c:217  alloc_glyph_region               [   0.21943] Glyph 70: 11x11 (12x12)
d3d      D          d3d_bmp.cpp:467  _al_d3d_sync_bitmap              [   0.21949] _al_d3d_sync_bitmap (system) ref count == 1
d3d      D          d3d_bmp.cpp:473  _al_d3d_sync_bitmap              [   0.21950] _al_d3d_sync_bitmap (video) ref count == 2
font     D                ttf.c:217  alloc_glyph_region               [   0.21977] Glyph 92: 14x15 (16x16)
d3d      D          d3d_bmp.cpp:467  _al_d3d_sync_bitmap              [   0.21984] _al_d3d_sync_bitmap (system) ref count == 1
d3d      D          d3d_bmp.cpp:473  _al_d3d_sync_bitmap              [   0.21985] _al_d3d_sync_bitmap (video) ref count == 2
font     D                ttf.c:217  alloc_glyph_region               [   0.22015] Glyph 40: 12x14 (12x16)
d3d      D          d3d_bmp.cpp:467  _al_d3d_sync_bitmap              [   0.22031] _al_d3d_sync_bitmap (system) ref count == 1
d3d      D          d3d_bmp.cpp:473  _al_d3d_sync_bitmap              [   0.22032] _al_d3d_sync_bitmap (video) ref count == 2
font     D                ttf.c:217  alloc_glyph_region               [   0.22082] Glyph 53: 13x14 (16x16)
d3d      D          d3d_bmp.cpp:467  _al_d3d_sync_bitmap              [   0.22091] _al_d3d_sync_bitmap (system) ref count == 1
d3d      D          d3d_bmp.cpp:473  _al_d3d_sync_bitmap              [   0.22092] _al_d3d_sync_bitmap (video) ref count == 2
font     D                ttf.c:217  alloc_glyph_region               [   0.22135] Glyph 71: 12x15 (12x16)
d3d      D          d3d_bmp.cpp:467  _al_d3d_sync_bitmap              [   0.22142] _al_d3d_sync_bitmap (system) ref count == 1
d3d      D          d3d_bmp.cpp:473  _al_d3d_sync_bitmap              [   0.22144] _al_d3d_sync_bitmap (video) ref count == 2
font     D                ttf.c:217  alloc_glyph_region               [   0.22173] Glyph 88: 12x11 (12x12)
d3d      D          d3d_bmp.cpp:467  _al_d3d_sync_bitmap              [   0.22179] _al_d3d_sync_bitmap (system) ref count == 1
d3d      D          d3d_bmp.cpp:473  _al_d3d_sync_bitmap              [   0.22180] _al_d3d_sync_bitmap (video) ref count == 2
font     D                ttf.c:217  alloc_glyph_region               [   0.22208] Glyph 20: 10x16 (12x16)
d3d      D          d3d_bmp.cpp:467  _al_d3d_sync_bitmap              [   0.22214] _al_d3d_sync_bitmap (system) ref count == 1
d3d      D          d3d_bmp.cpp:473  _al_d3d_sync_bitmap              [   0.22215] _al_d3d_sync_bitmap (video) ref count == 2
d3d      D          d3d_bmp.cpp:467  _al_d3d_sync_bitmap              [   0.22301] _al_d3d_sync_bitmap (system) ref count == 1
d3d      D          d3d_bmp.cpp:473  _al_d3d_sync_bitmap              [   0.22303] _al_d3d_sync_bitmap (video) ref count == 2
font     D                ttf.c:217  alloc_glyph_region               [   2.77107] Glyph 21: 10x15 (12x16)
d3d      D          d3d_bmp.cpp:467  _al_d3d_sync_bitmap              [   2.77111] _al_d3d_sync_bitmap (system) ref count == 1
d3d      D          d3d_bmp.cpp:473  _al_d3d_sync_bitmap              [   2.77113] _al_d3d_sync_bitmap (video) ref count == 2
d3d      D          d3d_bmp.cpp:467  _al_d3d_sync_bitmap              [   2.77220] _al_d3d_sync_bitmap (system) ref count == 1
d3d      D          d3d_bmp.cpp:473  _al_d3d_sync_bitmap              [   2.77223] _al_d3d_sync_bitmap (video) ref count == 2
d3d      I         d3d_disp.cpp:921  d3d_destroy_display              [   5.36537] destroying display 010A1D20 (current 00000000)
bitmap   D             bitmap.c:548  _al_convert_to_memory_bitmap     [   5.36541] converting display bitmap 038AC0A0 to memory bitmap
d3d      D          d3d_bmp.cpp:467  _al_d3d_sync_bitmap              [   5.36550] _al_d3d_sync_bitmap (system) ref count == 1
d3d      D          d3d_bmp.cpp:473  _al_d3d_sync_bitmap              [   5.36551] _al_d3d_sync_bitmap (video) ref count == 2
d3d      W          d3d_bmp.cpp:743  d3d_destroy_bitmap               [   5.36577] d3d_destroy_bitmap: Release video texture failed.
bitmap   D             bitmap.c:548  _al_convert_to_memory_bitmap     [   5.36579] converting display bitmap 038AACA0 to memory bitmap
d3d      D          d3d_bmp.cpp:467  _al_d3d_sync_bitmap              [   5.36580] _al_d3d_sync_bitmap (system) ref count == 1
d3d      D          d3d_bmp.cpp:473  _al_d3d_sync_bitmap              [   5.36581] _al_d3d_sync_bitmap (video) ref count == 1
bitmap   D             bitmap.c:548  _al_convert_to_memory_bitmap     [   5.36588] converting display bitmap 038AABA0 to memory bitmap
d3d      D          d3d_bmp.cpp:467  _al_d3d_sync_bitmap              [   5.36589] _al_d3d_sync_bitmap (system) ref count == 1
d3d      D          d3d_bmp.cpp:473  _al_d3d_sync_bitmap              [   5.36590] _al_d3d_sync_bitmap (video) ref count == 1
bitmap   D             bitmap.c:548  _al_convert_to_memory_bitmap     [   5.36596] converting display bitmap 038ABEA0 to memory bitmap
d3d      D          d3d_bmp.cpp:467  _al_d3d_sync_bitmap              [   5.36673] _al_d3d_sync_bitmap (system) ref count == 1
d3d      D          d3d_bmp.cpp:473  _al_d3d_sync_bitmap              [   5.36675] _al_d3d_sync_bitmap (video) ref count == 1
d3d      D         d3d_disp.cpp:905  d3d_destroy_display_internals    [   5.36902] waiting for display 010A1D20's thread to end
d3d      W         d3d_disp.cpp:617  d3d_destroy_device               [   5.37427] d3d_destroy_device: ref count not 0
d3d      I         d3d_disp.cpp:1527 d3d_display_thread_proc          [   5.38305] d3d display thread exits
dtor     D               dtor.c:214  _al_unregister_destructor        [   5.38328] removed dtor for object 038ABEA0
dtor     D               dtor.c:214  _al_unregister_destructor        [   5.38381] removed dtor for object 038AABA0
dtor     D               dtor.c:214  _al_unregister_destructor        [   5.38390] removed dtor for object 038AACA0
dtor     D               dtor.c:214  _al_unregister_destructor        [   5.38408] removed dtor for object 07A0B5D0
dtor     D               dtor.c:214  _al_unregister_destructor        [   5.38409] removed dtor for object 07B94390
dtor     D               dtor.c:214  _al_unregister_destructor        [   5.38425] removed dtor for object 07D0AF10
dtor     D               dtor.c:214  _al_unregister_destructor        [   5.38428] removed dtor for object 01062AF0
audio-dsound D           dsound.cpp:526  _dsound_stop_voice               [   5.38430] Stopping voice
audio-dsound D           dsound.cpp:542  _dsound_stop_voice               [   5.38431] Joining thread
audio-dsound D           dsound.cpp:548  _dsound_stop_voice               [   5.38756] Joined thread
audio-dsound D           dsound.cpp:550  _dsound_stop_voice               [   5.38760] Destroying thread
audio-dsound D           dsound.cpp:552  _dsound_stop_voice               [   5.38761] Thread destroyed
audio-dsound D           dsound.cpp:555  _dsound_stop_voice               [   5.38762] Releasing buffer
audio-dsound I           dsound.cpp:559  _dsound_stop_voice               [   5.38763] Voice stopped
dtor     D               dtor.c:214  _al_unregister_destructor        [   5.38764] removed dtor for object 0106BBE8
audio-dsound D           dsound.cpp:375  _dsound_deallocate_voice         [   5.38766] Deallocating voice
audio-dsound D           dsound.cpp:380  _dsound_deallocate_voice         [   5.38766] Deallocated voice
audio-dsound D           dsound.cpp:289  _dsound_close                    [   5.38768] Releasing device
audio-dsound D           dsound.cpp:291  _dsound_close                    [   5.39156] Released device
audio-dsound I           dsound.cpp:294  _dsound_close                    [   5.39160] DirectSound closed
font     E                ttf.c:885  al_shutdown_ttf_addon            [   5.39172] TTF addon not initialised.
