system   D            wsystem.c:583  maybe_parent_dir                 [   0.00037] Also searching C:\Users\Justin\EGP-410\Assignments\Dijkstra A Star\Pathfinding\
system   D            wsystem.c:633  _al_win_safe_load_library        [   0.00053] PathFindOnPath found: C:\WINDOWS\system32\d3d9.dll
system   D            wsystem.c:544  load_library_at_path             [   0.00055] Calling LoadLibrary C:\WINDOWS\system32\d3d9.dll
system   I            wsystem.c:547  load_library_at_path             [   0.00299] Loaded C:\WINDOWS\system32\d3d9.dll
d3d      I         d3d_disp.cpp:696  _al_d3d_init_display             [   0.02212] Render-to-texture: 1
system   I             system.c:252  al_install_system                [   0.02217] Allegro version: 5.0.10
d3d      I         d3d_disp.cpp:1737 d3d_create_display_locked        [   0.02308] faux_fullscreen=0
d3d      D         d3d_disp.cpp:1738 d3d_create_display_locked        [   0.02309] al_display=0146FD08
d3d      D         d3d_disp.cpp:1739 d3d_create_display_locked        [   0.02310] al_display->vt=01445990
d3d      I d3d_display_formats.cpp:144  _al_d3d_generate_display_format_list [   0.02695] found 160 format combinations
display  D   display_settings.c:191  debug_display_settings           [   0.02699] color: 32 (rgba 8880), depth: 0, stencil: 0, acc: 0000, samples: 0/0
display  D   display_settings.c:506  _al_score_display_settings       [   0.02700] Score is : 897
display  D   display_settings.c:191  debug_display_settings           [   0.02701] color: 32 (rgba 8880), depth: 0, stencil: 0, acc: 0000, samples: 0/0
display  D   display_settings.c:506  _al_score_display_settings       [   0.02702] Score is : 897
display  D   display_settings.c:191  debug_display_settings           [   0.02702] color: 32 (rgba 8880), depth: 0, stencil: 0, acc: 0000, samples: 2/1
display  D   display_settings.c:506  _al_score_display_settings       [   0.02703] Score is : 726
display  D   display_settings.c:191  debug_display_settings           [   0.02704] color: 32 (rgba 8880), depth: 0, stencil: 0, acc: 0000, samples: 3/1
display  D   display_settings.c:506  _al_score_display_settings       [   0.02704] Score is : 721
display  D   display_settings.c:191  debug_display_settings           [   0.02705] color: 32 (rgba 8880), depth: 0, stencil: 0, acc: 0000, samples: 4/1
display  D   display_settings.c:506  _al_score_display_settings       [   0.02706] Score is : 717
display  D   display_settings.c:191  debug_display_settings           [   0.02706] color: 32 (rgba 8880), depth: 24, stencil: 8, acc: 0000, samples: 0/0
display  D   display_settings.c:506  _al_score_display_settings       [   0.02707] Score is : 897
display  D   display_settings.c:191  debug_display_settings           [   0.02708] color: 32 (rgba 8880), depth: 24, stencil: 8, acc: 0000, samples: 0/0
display  D   display_settings.c:506  _al_score_display_settings       [   0.02708] Score is : 897
display  D   display_settings.c:191  debug_display_settings           [   0.02709] color: 32 (rgba 8880), depth: 24, stencil: 8, acc: 0000, samples: 2/1
display  D   display_settings.c:506  _al_score_display_settings       [   0.02710] Score is : 726
display  D   display_settings.c:191  debug_display_settings           [   0.02710] color: 32 (rgba 8880), depth: 24, stencil: 8, acc: 0000, samples: 3/1
display  D   display_settings.c:506  _al_score_display_settings       [   0.02711] Score is : 721
display  D   display_settings.c:191  debug_display_settings           [   0.02712] color: 32 (rgba 8880), depth: 24, stencil: 8, acc: 0000, samples: 4/1
display  D   display_settings.c:506  _al_score_display_settings       [   0.02712] Score is : 717
display  D   display_settings.c:191  debug_display_settings           [   0.02713] color: 32 (rgba 8880), depth: 24, stencil: 0, acc: 0000, samples: 0/0
display  D   display_settings.c:506  _al_score_display_settings       [   0.02714] Score is : 897
display  D   display_settings.c:191  debug_display_settings           [   0.02714] color: 32 (rgba 8880), depth: 24, stencil: 0, acc: 0000, samples: 0/0
display  D   display_settings.c:506  _al_score_display_settings       [   0.02721] Score is : 897
display  D   display_settings.c:191  debug_display_settings           [   0.02722] color: 32 (rgba 8880), depth: 24, stencil: 0, acc: 0000, samples: 2/1
display  D   display_settings.c:506  _al_score_display_settings       [   0.02722] Score is : 726
display  D   display_settings.c:191  debug_display_settings           [   0.02723] color: 32 (rgba 8880), depth: 24, stencil: 0, acc: 0000, samples: 3/1
display  D   display_settings.c:506  _al_score_display_settings       [   0.02724] Score is : 721
display  D   display_settings.c:191  debug_display_settings           [   0.02724] color: 32 (rgba 8880), depth: 24, stencil: 0, acc: 0000, samples: 4/1
display  D   display_settings.c:506  _al_score_display_settings       [   0.02725] Score is : 717
display  D   display_settings.c:191  debug_display_settings           [   0.02726] color: 32 (rgba 8880), depth: 16, stencil: 0, acc: 0000, samples: 0/0
display  D   display_settings.c:506  _al_score_display_settings       [   0.02727] Score is : 897
display  D   display_settings.c:191  debug_display_settings           [   0.02727] color: 32 (rgba 8880), depth: 16, stencil: 0, acc: 0000, samples: 0/0
display  D   display_settings.c:506  _al_score_display_settings       [   0.02728] Score is : 897
display  D   display_settings.c:191  debug_display_settings           [   0.02728] color: 32 (rgba 8880), depth: 16, stencil: 0, acc: 0000, samples: 2/1
display  D   display_settings.c:506  _al_score_display_settings       [   0.02729] Score is : 726
display  D   display_settings.c:191  debug_display_settings           [   0.02730] color: 32 (rgba 8880), depth: 16, stencil: 0, acc: 0000, samples: 3/1
display  D   display_settings.c:506  _al_score_display_settings       [   0.02731] Score is : 721
display  D   display_settings.c:191  debug_display_settings           [   0.02731] color: 32 (rgba 8880), depth: 16, stencil: 0, acc: 0000, samples: 4/1
display  D   display_settings.c:506  _al_score_display_settings       [   0.02732] Score is : 717
display  D   display_settings.c:191  debug_display_settings           [   0.02732] color: 16 (rgba 5650), depth: 0, stencil: 0, acc: 0000, samples: 0/0
display  D   display_settings.c:506  _al_score_display_settings       [   0.02733] Score is : 897
display  D   display_settings.c:191  debug_display_settings           [   0.02734] color: 16 (rgba 5650), depth: 0, stencil: 0, acc: 0000, samples: 0/0
display  D   display_settings.c:506  _al_score_display_settings       [   0.02735] Score is : 897
display  D   display_settings.c:191  debug_display_settings           [   0.02735] color: 16 (rgba 5650), depth: 0, stencil: 0, acc: 0000, samples: 2/1
display  D   display_settings.c:506  _al_score_display_settings       [   0.02736] Score is : 726
display  D   display_settings.c:191  debug_display_settings           [   0.02737] color: 16 (rgba 5650), depth: 0, stencil: 0, acc: 0000, samples: 3/1
display  D   display_settings.c:506  _al_score_display_settings       [   0.02738] Score is : 721
display  D   display_settings.c:191  debug_display_settings           [   0.02739] color: 16 (rgba 5650), depth: 0, stencil: 0, acc: 0000, samples: 4/1
display  D   display_settings.c:506  _al_score_display_settings       [   0.02739] Score is : 717
display  D   display_settings.c:191  debug_display_settings           [   0.02740] color: 16 (rgba 5650), depth: 24, stencil: 8, acc: 0000, samples: 0/0
display  D   display_settings.c:506  _al_score_display_settings       [   0.02741] Score is : 897
display  D   display_settings.c:191  debug_display_settings           [   0.02741] color: 16 (rgba 5650), depth: 24, stencil: 8, acc: 0000, samples: 0/0
display  D   display_settings.c:506  _al_score_display_settings       [   0.02742] Score is : 897
display  D   display_settings.c:191  debug_display_settings           [   0.02743] color: 16 (rgba 5650), depth: 24, stencil: 8, acc: 0000, samples: 2/1
display  D   display_settings.c:506  _al_score_display_settings       [   0.02743] Score is : 726
display  D   display_settings.c:191  debug_display_settings           [   0.02746] color: 16 (rgba 5650), depth: 24, stencil: 8, acc: 0000, samples: 3/1
display  D   display_settings.c:506  _al_score_display_settings       [   0.02747] Score is : 721
display  D   display_settings.c:191  debug_display_settings           [   0.02747] color: 16 (rgba 5650), depth: 24, stencil: 8, acc: 0000, samples: 4/1
display  D   display_settings.c:506  _al_score_display_settings       [   0.02748] Score is : 717
display  D   display_settings.c:191  debug_display_settings           [   0.02749] color: 16 (rgba 5650), depth: 24, stencil: 0, acc: 0000, samples: 0/0
display  D   display_settings.c:506  _al_score_display_settings       [   0.02750] Score is : 897
display  D   display_settings.c:191  debug_display_settings           [   0.02750] color: 16 (rgba 5650), depth: 24, stencil: 0, acc: 0000, samples: 0/0
display  D   display_settings.c:506  _al_score_display_settings       [   0.02751] Score is : 897
display  D   display_settings.c:191  debug_display_settings           [   0.02751] color: 16 (rgba 5650), depth: 24, stencil: 0, acc: 0000, samples: 2/1
display  D   display_settings.c:506  _al_score_display_settings       [   0.02752] Score is : 726
display  D   display_settings.c:191  debug_display_settings           [   0.02753] color: 16 (rgba 5650), depth: 24, stencil: 0, acc: 0000, samples: 3/1
display  D   display_settings.c:506  _al_score_display_settings       [   0.02754] Score is : 721
display  D   display_settings.c:191  debug_display_settings           [   0.02755] color: 16 (rgba 5650), depth: 24, stencil: 0, acc: 0000, samples: 4/1
display  D   display_settings.c:506  _al_score_display_settings       [   0.02756] Score is : 717
display  D   display_settings.c:191  debug_display_settings           [   0.02756] color: 16 (rgba 5650), depth: 16, stencil: 0, acc: 0000, samples: 0/0
display  D   display_settings.c:506  _al_score_display_settings       [   0.02757] Score is : 897
display  D   display_settings.c:191  debug_display_settings           [   0.02758] color: 16 (rgba 5650), depth: 16, stencil: 0, acc: 0000, samples: 0/0
display  D   display_settings.c:506  _al_score_display_settings       [   0.02758] Score is : 897
display  D   display_settings.c:191  debug_display_settings           [   0.02759] color: 16 (rgba 5650), depth: 16, stencil: 0, acc: 0000, samples: 2/1
display  D   display_settings.c:506  _al_score_display_settings       [   0.02760] Score is : 726
display  D   display_settings.c:191  debug_display_settings           [   0.02761] color: 16 (rgba 5650), depth: 16, stencil: 0, acc: 0000, samples: 3/1
display  D   display_settings.c:506  _al_score_display_settings       [   0.02762] Score is : 721
display  D   display_settings.c:191  debug_display_settings           [   0.02762] color: 16 (rgba 5650), depth: 16, stencil: 0, acc: 0000, samples: 4/1
display  D   display_settings.c:506  _al_score_display_settings       [   0.02763] Score is : 717
display  D   display_settings.c:191  debug_display_settings           [   0.02764] color: 32 (rgba 8880), depth: 0, stencil: 0, acc: 0000, samples: 0/0
display  D   display_settings.c:377  _al_score_display_settings       [   0.02764] Single Buffer requirement not met.
display  D   display_settings.c:191  debug_display_settings           [   0.02765] color: 32 (rgba 8880), depth: 0, stencil: 0, acc: 0000, samples: 0/0
display  D   display_settings.c:377  _al_score_display_settings       [   0.02766] Single Buffer requirement not met.
display  D   display_settings.c:191  debug_display_settings           [   0.02767] color: 32 (rgba 8880), depth: 0, stencil: 0, acc: 0000, samples: 2/1
display  D   display_settings.c:377  _al_score_display_settings       [   0.02768] Single Buffer requirement not met.
display  D   display_settings.c:191  debug_display_settings           [   0.02768] color: 32 (rgba 8880), depth: 0, stencil: 0, acc: 0000, samples: 3/1
display  D   display_settings.c:377  _al_score_display_settings       [   0.02769] Single Buffer requirement not met.
display  D   display_settings.c:191  debug_display_settings           [   0.02770] color: 32 (rgba 8880), depth: 0, stencil: 0, acc: 0000, samples: 4/1
display  D   display_settings.c:377  _al_score_display_settings       [   0.02770] Single Buffer requirement not met.
display  D   display_settings.c:191  debug_display_settings           [   0.02771] color: 32 (rgba 8880), depth: 24, stencil: 8, acc: 0000, samples: 0/0
display  D   display_settings.c:377  _al_score_display_settings       [   0.02772] Single Buffer requirement not met.
display  D   display_settings.c:191  debug_display_settings           [   0.02772] color: 32 (rgba 8880), depth: 24, stencil: 8, acc: 0000, samples: 0/0
display  D   display_settings.c:377  _al_score_display_settings       [   0.02773] Single Buffer requirement not met.
display  D   display_settings.c:191  debug_display_settings           [   0.02774] color: 32 (rgba 8880), depth: 24, stencil: 8, acc: 0000, samples: 2/1
display  D   display_settings.c:377  _al_score_display_settings       [   0.02775] Single Buffer requirement not met.
display  D   display_settings.c:191  debug_display_settings           [   0.02775] color: 32 (rgba 8880), depth: 24, stencil: 8, acc: 0000, samples: 3/1
display  D   display_settings.c:377  _al_score_display_settings       [   0.02776] Single Buffer requirement not met.
display  D   display_settings.c:191  debug_display_settings           [   0.02777] color: 32 (rgba 8880), depth: 24, stencil: 8, acc: 0000, samples: 4/1
display  D   display_settings.c:377  _al_score_display_settings       [   0.02777] Single Buffer requirement not met.
display  D   display_settings.c:191  debug_display_settings           [   0.02778] color: 32 (rgba 8880), depth: 24, stencil: 0, acc: 0000, samples: 0/0
display  D   display_settings.c:377  _al_score_display_settings       [   0.02779] Single Buffer requirement not met.
display  D   display_settings.c:191  debug_display_settings           [   0.02779] color: 32 (rgba 8880), depth: 24, stencil: 0, acc: 0000, samples: 0/0
display  D   display_settings.c:377  _al_score_display_settings       [   0.02780] Single Buffer requirement not met.
display  D   display_settings.c:191  debug_display_settings           [   0.02781] color: 32 (rgba 8880), depth: 24, stencil: 0, acc: 0000, samples: 2/1
display  D   display_settings.c:377  _al_score_display_settings       [   0.02782] Single Buffer requirement not met.
display  D   display_settings.c:191  debug_display_settings           [   0.02782] color: 32 (rgba 8880), depth: 24, stencil: 0, acc: 0000, samples: 3/1
display  D   display_settings.c:377  _al_score_display_settings       [   0.02783] Single Buffer requirement not met.
display  D   display_settings.c:191  debug_display_settings           [   0.02783] color: 32 (rgba 8880), depth: 24, stencil: 0, acc: 0000, samples: 4/1
display  D   display_settings.c:377  _al_score_display_settings       [   0.02784] Single Buffer requirement not met.
display  D   display_settings.c:191  debug_display_settings           [   0.02785] color: 32 (rgba 8880), depth: 16, stencil: 0, acc: 0000, samples: 0/0
display  D   display_settings.c:377  _al_score_display_settings       [   0.02786] Single Buffer requirement not met.
display  D   display_settings.c:191  debug_display_settings           [   0.02786] color: 32 (rgba 8880), depth: 16, stencil: 0, acc: 0000, samples: 0/0
display  D   display_settings.c:377  _al_score_display_settings       [   0.02787] Single Buffer requirement not met.
display  D   display_settings.c:191  debug_display_settings           [   0.02788] color: 32 (rgba 8880), depth: 16, stencil: 0, acc: 0000, samples: 2/1
display  D   display_settings.c:377  _al_score_display_settings       [   0.02788] Single Buffer requirement not met.
display  D   display_settings.c:191  debug_display_settings           [   0.02789] color: 32 (rgba 8880), depth: 16, stencil: 0, acc: 0000, samples: 3/1
display  D   display_settings.c:377  _al_score_display_settings       [   0.02790] Single Buffer requirement not met.
display  D   display_settings.c:191  debug_display_settings           [   0.02792] color: 32 (rgba 8880), depth: 16, stencil: 0, acc: 0000, samples: 4/1
display  D   display_settings.c:377  _al_score_display_settings       [   0.02793] Single Buffer requirement not met.
display  D   display_settings.c:191  debug_display_settings           [   0.02793] color: 16 (rgba 5650), depth: 0, stencil: 0, acc: 0000, samples: 0/0
display  D   display_settings.c:377  _al_score_display_settings       [   0.02794] Single Buffer requirement not met.
display  D   display_settings.c:191  debug_display_settings           [   0.02795] color: 16 (rgba 5650), depth: 0, stencil: 0, acc: 0000, samples: 0/0
display  D   display_settings.c:377  _al_score_display_settings       [   0.02796] Single Buffer requirement not met.
display  D   display_settings.c:191  debug_display_settings           [   0.02796] color: 16 (rgba 5650), depth: 0, stencil: 0, acc: 0000, samples: 2/1
display  D   display_settings.c:377  _al_score_display_settings       [   0.02797] Single Buffer requirement not met.
display  D   display_settings.c:191  debug_display_settings           [   0.02798] color: 16 (rgba 5650), depth: 0, stencil: 0, acc: 0000, samples: 3/1
display  D   display_settings.c:377  _al_score_display_settings       [   0.02798] Single Buffer requirement not met.
display  D   display_settings.c:191  debug_display_settings           [   0.02799] color: 16 (rgba 5650), depth: 0, stencil: 0, acc: 0000, samples: 4/1
display  D   display_settings.c:377  _al_score_display_settings       [   0.02800] Single Buffer requirement not met.
display  D   display_settings.c:191  debug_display_settings           [   0.02800] color: 16 (rgba 5650), depth: 24, stencil: 8, acc: 0000, samples: 0/0
display  D   display_settings.c:377  _al_score_display_settings       [   0.02801] Single Buffer requirement not met.
display  D   display_settings.c:191  debug_display_settings           [   0.02802] color: 16 (rgba 5650), depth: 24, stencil: 8, acc: 0000, samples: 0/0
display  D   display_settings.c:377  _al_score_display_settings       [   0.02803] Single Buffer requirement not met.
display  D   display_settings.c:191  debug_display_settings           [   0.02803] color: 16 (rgba 5650), depth: 24, stencil: 8, acc: 0000, samples: 2/1
display  D   display_settings.c:377  _al_score_display_settings       [   0.02804] Single Buffer requirement not met.
display  D   display_settings.c:191  debug_display_settings           [   0.02805] color: 16 (rgba 5650), depth: 24, stencil: 8, acc: 0000, samples: 3/1
display  D   display_settings.c:377  _al_score_display_settings       [   0.02805] Single Buffer requirement not met.
display  D   display_settings.c:191  debug_display_settings           [   0.02806] color: 16 (rgba 5650), depth: 24, stencil: 8, acc: 0000, samples: 4/1
display  D   display_settings.c:377  _al_score_display_settings       [   0.02807] Single Buffer requirement not met.
display  D   display_settings.c:191  debug_display_settings           [   0.02808] color: 16 (rgba 5650), depth: 24, stencil: 0, acc: 0000, samples: 0/0
display  D   display_settings.c:377  _al_score_display_settings       [   0.02808] Single Buffer requirement not met.
display  D   display_settings.c:191  debug_display_settings           [   0.02809] color: 16 (rgba 5650), depth: 24, stencil: 0, acc: 0000, samples: 0/0
display  D   display_settings.c:377  _al_score_display_settings       [   0.02810] Single Buffer requirement not met.
display  D   display_settings.c:191  debug_display_settings           [   0.02810] color: 16 (rgba 5650), depth: 24, stencil: 0, acc: 0000, samples: 2/1
display  D   display_settings.c:377  _al_score_display_settings       [   0.02811] Single Buffer requirement not met.
display  D   display_settings.c:191  debug_display_settings           [   0.02812] color: 16 (rgba 5650), depth: 24, stencil: 0, acc: 0000, samples: 3/1
display  D   display_settings.c:377  _al_score_display_settings       [   0.02813] Single Buffer requirement not met.
display  D   display_settings.c:191  debug_display_settings           [   0.02813] color: 16 (rgba 5650), depth: 24, stencil: 0, acc: 0000, samples: 4/1
display  D   display_settings.c:377  _al_score_display_settings       [   0.02814] Single Buffer requirement not met.
display  D   display_settings.c:191  debug_display_settings           [   0.02815] color: 16 (rgba 5650), depth: 16, stencil: 0, acc: 0000, samples: 0/0
display  D   display_settings.c:377  _al_score_display_settings       [   0.02815] Single Buffer requirement not met.
display  D   display_settings.c:191  debug_display_settings           [   0.02816] color: 16 (rgba 5650), depth: 16, stencil: 0, acc: 0000, samples: 0/0
display  D   display_settings.c:377  _al_score_display_settings       [   0.02817] Single Buffer requirement not met.
display  D   display_settings.c:191  debug_display_settings           [   0.02817] color: 16 (rgba 5650), depth: 16, stencil: 0, acc: 0000, samples: 2/1
display  D   display_settings.c:377  _al_score_display_settings       [   0.02818] Single Buffer requirement not met.
display  D   display_settings.c:191  debug_display_settings           [   0.02819] color: 16 (rgba 5650), depth: 16, stencil: 0, acc: 0000, samples: 3/1
display  D   display_settings.c:377  _al_score_display_settings       [   0.02820] Single Buffer requirement not met.
display  D   display_settings.c:191  debug_display_settings           [   0.02820] color: 16 (rgba 5650), depth: 16, stencil: 0, acc: 0000, samples: 4/1
display  D   display_settings.c:377  _al_score_display_settings       [   0.02821] Single Buffer requirement not met.
display  D   display_settings.c:191  debug_display_settings           [   0.02822] color: 32 (rgba 8880), depth: 0, stencil: 0, acc: 0000, samples: 0/0
display  D   display_settings.c:506  _al_score_display_settings       [   0.02822] Score is : 769
display  D   display_settings.c:191  debug_display_settings           [   0.02823] color: 32 (rgba 8880), depth: 0, stencil: 0, acc: 0000, samples: 0/0
display  D   display_settings.c:506  _al_score_display_settings       [   0.02824] Score is : 769
display  D   display_settings.c:191  debug_display_settings           [   0.02824] color: 32 (rgba 8880), depth: 0, stencil: 0, acc: 0000, samples: 2/1
display  D   display_settings.c:506  _al_score_display_settings       [   0.02825] Score is : 598
display  D   display_settings.c:191  debug_display_settings           [   0.02826] color: 32 (rgba 8880), depth: 0, stencil: 0, acc: 0000, samples: 3/1
display  D   display_settings.c:506  _al_score_display_settings       [   0.02827] Score is : 593
display  D   display_settings.c:191  debug_display_settings           [   0.02827] color: 32 (rgba 8880), depth: 0, stencil: 0, acc: 0000, samples: 4/1
display  D   display_settings.c:506  _al_score_display_settings       [   0.02828] Score is : 589
display  D   display_settings.c:191  debug_display_settings           [   0.02829] color: 32 (rgba 8880), depth: 24, stencil: 8, acc: 0000, samples: 0/0
display  D   display_settings.c:506  _al_score_display_settings       [   0.02829] Score is : 769
display  D   display_settings.c:191  debug_display_settings           [   0.02830] color: 32 (rgba 8880), depth: 24, stencil: 8, acc: 0000, samples: 0/0
display  D   display_settings.c:506  _al_score_display_settings       [   0.02831] Score is : 769
display  D   display_settings.c:191  debug_display_settings           [   0.02831] color: 32 (rgba 8880), depth: 24, stencil: 8, acc: 0000, samples: 2/1
display  D   display_settings.c:506  _al_score_display_settings       [   0.02832] Score is : 598
display  D   display_settings.c:191  debug_display_settings           [   0.02833] color: 32 (rgba 8880), depth: 24, stencil: 8, acc: 0000, samples: 3/1
display  D   display_settings.c:506  _al_score_display_settings       [   0.02833] Score is : 593
display  D   display_settings.c:191  debug_display_settings           [   0.02834] color: 32 (rgba 8880), depth: 24, stencil: 8, acc: 0000, samples: 4/1
display  D   display_settings.c:506  _al_score_display_settings       [   0.02835] Score is : 589
display  D   display_settings.c:191  debug_display_settings           [   0.02836] color: 32 (rgba 8880), depth: 24, stencil: 0, acc: 0000, samples: 0/0
display  D   display_settings.c:506  _al_score_display_settings       [   0.02836] Score is : 769
display  D   display_settings.c:191  debug_display_settings           [   0.02837] color: 32 (rgba 8880), depth: 24, stencil: 0, acc: 0000, samples: 0/0
display  D   display_settings.c:506  _al_score_display_settings       [   0.02838] Score is : 769
display  D   display_settings.c:191  debug_display_settings           [   0.02838] color: 32 (rgba 8880), depth: 24, stencil: 0, acc: 0000, samples: 2/1
display  D   display_settings.c:506  _al_score_display_settings       [   0.02839] Score is : 598
display  D   display_settings.c:191  debug_display_settings           [   0.02840] color: 32 (rgba 8880), depth: 24, stencil: 0, acc: 0000, samples: 3/1
display  D   display_settings.c:506  _al_score_display_settings       [   0.02840] Score is : 593
display  D   display_settings.c:191  debug_display_settings           [   0.02841] color: 32 (rgba 8880), depth: 24, stencil: 0, acc: 0000, samples: 4/1
display  D   display_settings.c:506  _al_score_display_settings       [   0.02842] Score is : 589
display  D   display_settings.c:191  debug_display_settings           [   0.02842] color: 32 (rgba 8880), depth: 16, stencil: 0, acc: 0000, samples: 0/0
display  D   display_settings.c:506  _al_score_display_settings       [   0.02843] Score is : 769
display  D   display_settings.c:191  debug_display_settings           [   0.02844] color: 32 (rgba 8880), depth: 16, stencil: 0, acc: 0000, samples: 0/0
display  D   display_settings.c:506  _al_score_display_settings       [   0.02844] Score is : 769
display  D   display_settings.c:191  debug_display_settings           [   0.02845] color: 32 (rgba 8880), depth: 16, stencil: 0, acc: 0000, samples: 2/1
display  D   display_settings.c:506  _al_score_display_settings       [   0.02846] Score is : 598
display  D   display_settings.c:191  debug_display_settings           [   0.02846] color: 32 (rgba 8880), depth: 16, stencil: 0, acc: 0000, samples: 3/1
display  D   display_settings.c:506  _al_score_display_settings       [   0.02847] Score is : 593
display  D   display_settings.c:191  debug_display_settings           [   0.02848] color: 32 (rgba 8880), depth: 16, stencil: 0, acc: 0000, samples: 4/1
display  D   display_settings.c:506  _al_score_display_settings       [   0.02849] Score is : 589
display  D   display_settings.c:191  debug_display_settings           [   0.02849] color: 16 (rgba 5650), depth: 0, stencil: 0, acc: 0000, samples: 0/0
display  D   display_settings.c:506  _al_score_display_settings       [   0.02850] Score is : 769
display  D   display_settings.c:191  debug_display_settings           [   0.02850] color: 16 (rgba 5650), depth: 0, stencil: 0, acc: 0000, samples: 0/0
display  D   display_settings.c:506  _al_score_display_settings       [   0.02851] Score is : 769
display  D   display_settings.c:191  debug_display_settings           [   0.02852] color: 16 (rgba 5650), depth: 0, stencil: 0, acc: 0000, samples: 2/1
display  D   display_settings.c:506  _al_score_display_settings       [   0.02853] Score is : 598
display  D   display_settings.c:191  debug_display_settings           [   0.02853] color: 16 (rgba 5650), depth: 0, stencil: 0, acc: 0000, samples: 3/1
display  D   display_settings.c:506  _al_score_display_settings       [   0.02854] Score is : 593
display  D   display_settings.c:191  debug_display_settings           [   0.02855] color: 16 (rgba 5650), depth: 0, stencil: 0, acc: 0000, samples: 4/1
display  D   display_settings.c:506  _al_score_display_settings       [   0.02856] Score is : 589
display  D   display_settings.c:191  debug_display_settings           [   0.02857] color: 16 (rgba 5650), depth: 24, stencil: 8, acc: 0000, samples: 0/0
display  D   display_settings.c:506  _al_score_display_settings       [   0.02858] Score is : 769
display  D   display_settings.c:191  debug_display_settings           [   0.02859] color: 16 (rgba 5650), depth: 24, stencil: 8, acc: 0000, samples: 0/0
display  D   display_settings.c:506  _al_score_display_settings       [   0.02860] Score is : 769
display  D   display_settings.c:191  debug_display_settings           [   0.02860] color: 16 (rgba 5650), depth: 24, stencil: 8, acc: 0000, samples: 2/1
display  D   display_settings.c:506  _al_score_display_settings       [   0.02861] Score is : 598
display  D   display_settings.c:191  debug_display_settings           [   0.02861] color: 16 (rgba 5650), depth: 24, stencil: 8, acc: 0000, samples: 3/1
display  D   display_settings.c:506  _al_score_display_settings       [   0.02862] Score is : 593
display  D   display_settings.c:191  debug_display_settings           [   0.02863] color: 16 (rgba 5650), depth: 24, stencil: 8, acc: 0000, samples: 4/1
display  D   display_settings.c:506  _al_score_display_settings       [   0.02864] Score is : 589
display  D   display_settings.c:191  debug_display_settings           [   0.02864] color: 16 (rgba 5650), depth: 24, stencil: 0, acc: 0000, samples: 0/0
display  D   display_settings.c:506  _al_score_display_settings       [   0.02865] Score is : 769
display  D   display_settings.c:191  debug_display_settings           [   0.02866] color: 16 (rgba 5650), depth: 24, stencil: 0, acc: 0000, samples: 0/0
display  D   display_settings.c:506  _al_score_display_settings       [   0.02866] Score is : 769
display  D   display_settings.c:191  debug_display_settings           [   0.02867] color: 16 (rgba 5650), depth: 24, stencil: 0, acc: 0000, samples: 2/1
display  D   display_settings.c:506  _al_score_display_settings       [   0.02868] Score is : 598
display  D   display_settings.c:191  debug_display_settings           [   0.02869] color: 16 (rgba 5650), depth: 24, stencil: 0, acc: 0000, samples: 3/1
display  D   display_settings.c:506  _al_score_display_settings       [   0.02870] Score is : 593
display  D   display_settings.c:191  debug_display_settings           [   0.02871] color: 16 (rgba 5650), depth: 24, stencil: 0, acc: 0000, samples: 4/1
display  D   display_settings.c:506  _al_score_display_settings       [   0.02872] Score is : 589
display  D   display_settings.c:191  debug_display_settings           [   0.02872] color: 16 (rgba 5650), depth: 16, stencil: 0, acc: 0000, samples: 0/0
display  D   display_settings.c:506  _al_score_display_settings       [   0.02873] Score is : 769
display  D   display_settings.c:191  debug_display_settings           [   0.02874] color: 16 (rgba 5650), depth: 16, stencil: 0, acc: 0000, samples: 0/0
display  D   display_settings.c:506  _al_score_display_settings       [   0.02875] Score is : 769
display  D   display_settings.c:191  debug_display_settings           [   0.02876] color: 16 (rgba 5650), depth: 16, stencil: 0, acc: 0000, samples: 2/1
display  D   display_settings.c:506  _al_score_display_settings       [   0.02877] Score is : 598
display  D   display_settings.c:191  debug_display_settings           [   0.02878] color: 16 (rgba 5650), depth: 16, stencil: 0, acc: 0000, samples: 3/1
display  D   display_settings.c:506  _al_score_display_settings       [   0.02879] Score is : 593
display  D   display_settings.c:191  debug_display_settings           [   0.02880] color: 16 (rgba 5650), depth: 16, stencil: 0, acc: 0000, samples: 4/1
display  D   display_settings.c:506  _al_score_display_settings       [   0.02881] Score is : 589
display  D   display_settings.c:191  debug_display_settings           [   0.02882] color: 32 (rgba 8880), depth: 0, stencil: 0, acc: 0000, samples: 0/0
display  D   display_settings.c:377  _al_score_display_settings       [   0.02883] Single Buffer requirement not met.
display  D   display_settings.c:191  debug_display_settings           [   0.02884] color: 32 (rgba 8880), depth: 0, stencil: 0, acc: 0000, samples: 0/0
display  D   display_settings.c:377  _al_score_display_settings       [   0.02885] Single Buffer requirement not met.
display  D   display_settings.c:191  debug_display_settings           [   0.02889] color: 32 (rgba 8880), depth: 0, stencil: 0, acc: 0000, samples: 2/1
display  D   display_settings.c:377  _al_score_display_settings       [   0.02890] Single Buffer requirement not met.
display  D   display_settings.c:191  debug_display_settings           [   0.02891] color: 32 (rgba 8880), depth: 0, stencil: 0, acc: 0000, samples: 3/1
display  D   display_settings.c:377  _al_score_display_settings       [   0.02892] Single Buffer requirement not met.
display  D   display_settings.c:191  debug_display_settings           [   0.02893] color: 32 (rgba 8880), depth: 0, stencil: 0, acc: 0000, samples: 4/1
display  D   display_settings.c:377  _al_score_display_settings       [   0.02894] Single Buffer requirement not met.
display  D   display_settings.c:191  debug_display_settings           [   0.02895] color: 32 (rgba 8880), depth: 24, stencil: 8, acc: 0000, samples: 0/0
display  D   display_settings.c:377  _al_score_display_settings       [   0.02896] Single Buffer requirement not met.
display  D   display_settings.c:191  debug_display_settings           [   0.02896] color: 32 (rgba 8880), depth: 24, stencil: 8, acc: 0000, samples: 0/0
display  D   display_settings.c:377  _al_score_display_settings       [   0.02897] Single Buffer requirement not met.
display  D   display_settings.c:191  debug_display_settings           [   0.02898] color: 32 (rgba 8880), depth: 24, stencil: 8, acc: 0000, samples: 2/1
display  D   display_settings.c:377  _al_score_display_settings       [   0.02899] Single Buffer requirement not met.
display  D   display_settings.c:191  debug_display_settings           [   0.02900] color: 32 (rgba 8880), depth: 24, stencil: 8, acc: 0000, samples: 3/1
display  D   display_settings.c:377  _al_score_display_settings       [   0.02901] Single Buffer requirement not met.
display  D   display_settings.c:191  debug_display_settings           [   0.02902] color: 32 (rgba 8880), depth: 24, stencil: 8, acc: 0000, samples: 4/1
display  D   display_settings.c:377  _al_score_display_settings       [   0.02903] Single Buffer requirement not met.
display  D   display_settings.c:191  debug_display_settings           [   0.02904] color: 32 (rgba 8880), depth: 24, stencil: 0, acc: 0000, samples: 0/0
display  D   display_settings.c:377  _al_score_display_settings       [   0.02905] Single Buffer requirement not met.
display  D   display_settings.c:191  debug_display_settings           [   0.02906] color: 32 (rgba 8880), depth: 24, stencil: 0, acc: 0000, samples: 0/0
display  D   display_settings.c:377  _al_score_display_settings       [   0.02907] Single Buffer requirement not met.
display  D   display_settings.c:191  debug_display_settings           [   0.02907] color: 32 (rgba 8880), depth: 24, stencil: 0, acc: 0000, samples: 2/1
display  D   display_settings.c:377  _al_score_display_settings       [   0.02908] Single Buffer requirement not met.
display  D   display_settings.c:191  debug_display_settings           [   0.02909] color: 32 (rgba 8880), depth: 24, stencil: 0, acc: 0000, samples: 3/1
display  D   display_settings.c:377  _al_score_display_settings       [   0.02910] Single Buffer requirement not met.
display  D   display_settings.c:191  debug_display_settings           [   0.02911] color: 32 (rgba 8880), depth: 24, stencil: 0, acc: 0000, samples: 4/1
display  D   display_settings.c:377  _al_score_display_settings       [   0.02912] Single Buffer requirement not met.
display  D   display_settings.c:191  debug_display_settings           [   0.02913] color: 32 (rgba 8880), depth: 16, stencil: 0, acc: 0000, samples: 0/0
display  D   display_settings.c:377  _al_score_display_settings       [   0.02914] Single Buffer requirement not met.
display  D   display_settings.c:191  debug_display_settings           [   0.02915] color: 32 (rgba 8880), depth: 16, stencil: 0, acc: 0000, samples: 0/0
display  D   display_settings.c:377  _al_score_display_settings       [   0.02916] Single Buffer requirement not met.
display  D   display_settings.c:191  debug_display_settings           [   0.02917] color: 32 (rgba 8880), depth: 16, stencil: 0, acc: 0000, samples: 2/1
display  D   display_settings.c:377  _al_score_display_settings       [   0.02918] Single Buffer requirement not met.
display  D   display_settings.c:191  debug_display_settings           [   0.02919] color: 32 (rgba 8880), depth: 16, stencil: 0, acc: 0000, samples: 3/1
display  D   display_settings.c:377  _al_score_display_settings       [   0.02920] Single Buffer requirement not met.
display  D   display_settings.c:191  debug_display_settings           [   0.02921] color: 32 (rgba 8880), depth: 16, stencil: 0, acc: 0000, samples: 4/1
display  D   display_settings.c:377  _al_score_display_settings       [   0.02922] Single Buffer requirement not met.
display  D   display_settings.c:191  debug_display_settings           [   0.02923] color: 16 (rgba 5650), depth: 0, stencil: 0, acc: 0000, samples: 0/0
display  D   display_settings.c:377  _al_score_display_settings       [   0.02924] Single Buffer requirement not met.
display  D   display_settings.c:191  debug_display_settings           [   0.02925] color: 16 (rgba 5650), depth: 0, stencil: 0, acc: 0000, samples: 0/0
display  D   display_settings.c:377  _al_score_display_settings       [   0.02926] Single Buffer requirement not met.
display  D   display_settings.c:191  debug_display_settings           [   0.02927] color: 16 (rgba 5650), depth: 0, stencil: 0, acc: 0000, samples: 2/1
display  D   display_settings.c:377  _al_score_display_settings       [   0.02928] Single Buffer requirement not met.
display  D   display_settings.c:191  debug_display_settings           [   0.02929] color: 16 (rgba 5650), depth: 0, stencil: 0, acc: 0000, samples: 3/1
display  D   display_settings.c:377  _al_score_display_settings       [   0.02930] Single Buffer requirement not met.
display  D   display_settings.c:191  debug_display_settings           [   0.02931] color: 16 (rgba 5650), depth: 0, stencil: 0, acc: 0000, samples: 4/1
display  D   display_settings.c:377  _al_score_display_settings       [   0.02932] Single Buffer requirement not met.
display  D   display_settings.c:191  debug_display_settings           [   0.02933] color: 16 (rgba 5650), depth: 24, stencil: 8, acc: 0000, samples: 0/0
display  D   display_settings.c:377  _al_score_display_settings       [   0.02934] Single Buffer requirement not met.
display  D   display_settings.c:191  debug_display_settings           [   0.02935] color: 16 (rgba 5650), depth: 24, stencil: 8, acc: 0000, samples: 0/0
display  D   display_settings.c:377  _al_score_display_settings       [   0.02936] Single Buffer requirement not met.
display  D   display_settings.c:191  debug_display_settings           [   0.02937] color: 16 (rgba 5650), depth: 24, stencil: 8, acc: 0000, samples: 2/1
display  D   display_settings.c:377  _al_score_display_settings       [   0.02938] Single Buffer requirement not met.
display  D   display_settings.c:191  debug_display_settings           [   0.02939] color: 16 (rgba 5650), depth: 24, stencil: 8, acc: 0000, samples: 3/1
display  D   display_settings.c:377  _al_score_display_settings       [   0.02940] Single Buffer requirement not met.
display  D   display_settings.c:191  debug_display_settings           [   0.02940] color: 16 (rgba 5650), depth: 24, stencil: 8, acc: 0000, samples: 4/1
display  D   display_settings.c:377  _al_score_display_settings       [   0.02941] Single Buffer requirement not met.
display  D   display_settings.c:191  debug_display_settings           [   0.02942] color: 16 (rgba 5650), depth: 24, stencil: 0, acc: 0000, samples: 0/0
display  D   display_settings.c:377  _al_score_display_settings       [   0.02943] Single Buffer requirement not met.
display  D   display_settings.c:191  debug_display_settings           [   0.02944] color: 16 (rgba 5650), depth: 24, stencil: 0, acc: 0000, samples: 0/0
display  D   display_settings.c:377  _al_score_display_settings       [   0.02945] Single Buffer requirement not met.
display  D   display_settings.c:191  debug_display_settings           [   0.02946] color: 16 (rgba 5650), depth: 24, stencil: 0, acc: 0000, samples: 2/1
display  D   display_settings.c:377  _al_score_display_settings       [   0.02948] Single Buffer requirement not met.
display  D   display_settings.c:191  debug_display_settings           [   0.02948] color: 16 (rgba 5650), depth: 24, stencil: 0, acc: 0000, samples: 3/1
display  D   display_settings.c:377  _al_score_display_settings       [   0.02950] Single Buffer requirement not met.
display  D   display_settings.c:191  debug_display_settings           [   0.02950] color: 16 (rgba 5650), depth: 24, stencil: 0, acc: 0000, samples: 4/1
display  D   display_settings.c:377  _al_score_display_settings       [   0.02952] Single Buffer requirement not met.
display  D   display_settings.c:191  debug_display_settings           [   0.02953] color: 16 (rgba 5650), depth: 16, stencil: 0, acc: 0000, samples: 0/0
display  D   display_settings.c:377  _al_score_display_settings       [   0.02954] Single Buffer requirement not met.
display  D   display_settings.c:191  debug_display_settings           [   0.02955] color: 16 (rgba 5650), depth: 16, stencil: 0, acc: 0000, samples: 0/0
display  D   display_settings.c:377  _al_score_display_settings       [   0.02956] Single Buffer requirement not met.
display  D   display_settings.c:191  debug_display_settings           [   0.02956] color: 16 (rgba 5650), depth: 16, stencil: 0, acc: 0000, samples: 2/1
display  D   display_settings.c:377  _al_score_display_settings       [   0.02958] Single Buffer requirement not met.
display  D   display_settings.c:191  debug_display_settings           [   0.02959] color: 16 (rgba 5650), depth: 16, stencil: 0, acc: 0000, samples: 3/1
display  D   display_settings.c:377  _al_score_display_settings       [   0.02960] Single Buffer requirement not met.
display  D   display_settings.c:191  debug_display_settings           [   0.02961] color: 16 (rgba 5650), depth: 16, stencil: 0, acc: 0000, samples: 4/1
display  D   display_settings.c:377  _al_score_display_settings       [   0.02962] Single Buffer requirement not met.
d3d      D         d3d_disp.cpp:1645 d3d_create_display_internals     [   0.02967] Trying format 0.
d3d      I         d3d_disp.cpp:1326 d3d_display_thread_proc          [   0.03020] Chose a display format: 23
d3d      I         d3d_disp.cpp:1395 d3d_display_thread_proc          [   0.03023] Normal window.
d3d      I         d3d_disp.cpp:801  d3d_create_device                [   0.08703] Using no depth stencil buffer
d3d      D         d3d_disp.cpp:866  d3d_create_device                [   0.12341] BeginScene succeeded in create_device
d3d      D         d3d_disp.cpp:874  d3d_create_device                [   0.12344] Success
d3d      D         d3d_disp.cpp:1668 d3d_create_display_internals     [   0.12346] Resumed after wait.
d3d      I         d3d_disp.cpp:1701 d3d_create_display_internals     [   0.12350] Format 0 succeeded.
d3d      D         d3d_disp.cpp:1724 d3d_create_display_internals     [   0.12352] Returning d3d_display: 0146FD08
d3d      D         d3d_disp.cpp:1749 d3d_create_display_locked        [   0.12352] al_display=0146FD08
d3d      D         d3d_disp.cpp:1750 d3d_create_display_locked        [   0.12353] al_display->vt=01445990
audio-dsound D           dsound.cpp:244  _dsound_open                     [   0.12590] Loading DirectSound module
system   D            wsystem.c:583  maybe_parent_dir                 [   0.12603] Also searching C:\Users\Justin\EGP-410\Assignments\Dijkstra A Star\Pathfinding\
system   D            wsystem.c:633  _al_win_safe_load_library        [   0.12617] PathFindOnPath found: C:\WINDOWS\system32\dsound.dll
system   D            wsystem.c:544  load_library_at_path             [   0.12618] Calling LoadLibrary C:\WINDOWS\system32\dsound.dll
system   I            wsystem.c:547  load_library_at_path             [   0.12775] Loaded C:\WINDOWS\system32\dsound.dll
audio-dsound I           dsound.cpp:261  _dsound_open                     [   0.12779] Starting DirectSound...
audio-dsound D           dsound.cpp:271  _dsound_open                     [   0.16099] DirectSoundCreate8 succeeded
audio    I              audio.c:288  do_install_audio                 [   0.16554] Using DirectSound driver
audio-dsound D           dsound.cpp:306  _dsound_allocate_voice           [   0.16562] Allocating voice
audio-dsound D           dsound.cpp:365  _dsound_allocate_voice           [   0.16565] Allocated voice
dtor     D               dtor.c:184  _al_register_destructor          [   0.16568] added dtor for object 07E2F800, func 0184250E
dtor     D               dtor.c:184  _al_register_destructor          [   0.16570] added dtor for object 01497428, func 01842919
audio-dsound D           dsound.cpp:462  _dsound_start_voice              [   0.16572] Starting voice
audio-dsound D           dsound.cpp:491  _dsound_start_voice              [   0.16573] CreateSoundBuffer
audio-dsound D           dsound.cpp:500  _dsound_start_voice              [   0.16789] CreateSoundBuffer succeeded
audio-dsound D           dsound.cpp:506  _dsound_start_voice              [   0.16795] Starting _dsound_update thread
audio-dsound I           dsound.cpp:516  _dsound_start_voice              [   0.16799] Voice started
dtor     D               dtor.c:184  _al_register_destructor          [   0.16800] added dtor for object 07FEEB40, func 018423EC
audio    D          kcm_mixer.c:121  _al_rechannel_matrix             [   0.16849] sample matrix:
audio    D          kcm_mixer.c:127  _al_rechannel_matrix             [   0.16850] 
audio    D          kcm_mixer.c:127  _al_rechannel_matrix             [   0.16851] 
font     D                ttf.c:792  al_load_ttf_font_stretch_f       [   0.16919] Font cour.ttf loaded with pixel size 0 x 20.
font     D                ttf.c:794  al_load_ttf_font_stretch_f       [   0.16920]     ascent=17.0, descent=-6.0, height=23.0
dtor     D               dtor.c:184  _al_register_destructor          [   0.16922] added dtor for object 07FCA338, func 01841B36
d3d      D         d3d_disp.cpp:1166 real_choose_bitmap_format        [   0.31567] Fake format
d3d      D         d3d_disp.cpp:1166 real_choose_bitmap_format        [   0.31570] Fake format
d3d      D         d3d_disp.cpp:1166 real_choose_bitmap_format        [   0.31571] Fake format
d3d      D         d3d_disp.cpp:1166 real_choose_bitmap_format        [   0.31572] Fake format
d3d      D         d3d_disp.cpp:1166 real_choose_bitmap_format        [   0.31573] Fake format
d3d      D         d3d_disp.cpp:1166 real_choose_bitmap_format        [   0.31573] Fake format
d3d      D         d3d_disp.cpp:1166 real_choose_bitmap_format        [   0.31574] Fake format
d3d      D         d3d_disp.cpp:1166 real_choose_bitmap_format        [   0.31575] Fake format
d3d      D         d3d_disp.cpp:1166 real_choose_bitmap_format        [   0.31576] Fake format
d3d      D         d3d_disp.cpp:1174 real_choose_bitmap_format        [   0.31576] Alpha doesn't match
d3d      D         d3d_disp.cpp:1181 real_choose_bitmap_format        [   0.31577] Adapter format is 23
d3d      D         d3d_disp.cpp:1184 real_choose_bitmap_format        [   0.31578] Found a format
d3d      I         d3d_disp.cpp:2283 _al_d3d_create_bitmap            [   0.31579] Chose bitmap format 9
dtor     D               dtor.c:184  _al_register_destructor          [   0.31760] added dtor for object 03DE4C08, func 01842590
d3d      D          d3d_bmp.cpp:467  _al_d3d_sync_bitmap              [   0.32131] _al_d3d_sync_bitmap (system) ref count == 1
d3d      D          d3d_bmp.cpp:473  _al_d3d_sync_bitmap              [   0.32134] _al_d3d_sync_bitmap (video) ref count == 1
font     D                ttf.c:792  al_load_ttf_font_stretch_f       [   0.39159] Font cour.ttf loaded with pixel size 0 x 12.
font     D                ttf.c:794  al_load_ttf_font_stretch_f       [   0.39160]     ascent=10.0, descent=-4.0, height=14.0
dtor     D               dtor.c:184  _al_register_destructor          [   0.39162] added dtor for object 08846620, func 01841B36
d3d      D         d3d_disp.cpp:1166 real_choose_bitmap_format        [   0.39171] Fake format
d3d      D         d3d_disp.cpp:1166 real_choose_bitmap_format        [   0.39172] Fake format
d3d      D         d3d_disp.cpp:1166 real_choose_bitmap_format        [   0.39173] Fake format
d3d      D         d3d_disp.cpp:1166 real_choose_bitmap_format        [   0.39173] Fake format
d3d      D         d3d_disp.cpp:1166 real_choose_bitmap_format        [   0.39174] Fake format
d3d      D         d3d_disp.cpp:1166 real_choose_bitmap_format        [   0.39174] Fake format
d3d      D         d3d_disp.cpp:1166 real_choose_bitmap_format        [   0.39175] Fake format
d3d      D         d3d_disp.cpp:1166 real_choose_bitmap_format        [   0.39176] Fake format
d3d      D         d3d_disp.cpp:1166 real_choose_bitmap_format        [   0.39176] Fake format
d3d      D         d3d_disp.cpp:1174 real_choose_bitmap_format        [   0.39177] Alpha doesn't match
d3d      D         d3d_disp.cpp:1181 real_choose_bitmap_format        [   0.39177] Adapter format is 23
d3d      D         d3d_disp.cpp:1184 real_choose_bitmap_format        [   0.39178] Found a format
d3d      I         d3d_disp.cpp:2283 _al_d3d_create_bitmap            [   0.39178] Chose bitmap format 9
dtor     D               dtor.c:184  _al_register_destructor          [   0.39437] added dtor for object 03DE3508, func 01842590
d3d      D          d3d_bmp.cpp:467  _al_d3d_sync_bitmap              [   0.39698] _al_d3d_sync_bitmap (system) ref count == 1
d3d      D          d3d_bmp.cpp:473  _al_d3d_sync_bitmap              [   0.39701] _al_d3d_sync_bitmap (video) ref count == 1
d3d      D         d3d_disp.cpp:1166 real_choose_bitmap_format        [   0.45568] Fake format
d3d      D         d3d_disp.cpp:1166 real_choose_bitmap_format        [   0.45570] Fake format
d3d      D         d3d_disp.cpp:1166 real_choose_bitmap_format        [   0.45571] Fake format
d3d      D         d3d_disp.cpp:1166 real_choose_bitmap_format        [   0.45571] Fake format
d3d      D         d3d_disp.cpp:1166 real_choose_bitmap_format        [   0.45572] Fake format
d3d      D         d3d_disp.cpp:1166 real_choose_bitmap_format        [   0.45573] Fake format
d3d      D         d3d_disp.cpp:1166 real_choose_bitmap_format        [   0.45574] Fake format
d3d      D         d3d_disp.cpp:1166 real_choose_bitmap_format        [   0.45574] Fake format
d3d      D         d3d_disp.cpp:1166 real_choose_bitmap_format        [   0.45575] Fake format
d3d      D         d3d_disp.cpp:1174 real_choose_bitmap_format        [   0.45576] Alpha doesn't match
d3d      D         d3d_disp.cpp:1181 real_choose_bitmap_format        [   0.45577] Adapter format is 23
d3d      D         d3d_disp.cpp:1184 real_choose_bitmap_format        [   0.45578] Found a format
d3d      I         d3d_disp.cpp:2283 _al_d3d_create_bitmap            [   0.45578] Chose bitmap format 9
font     D                ttf.c:217  alloc_glyph_region               [   0.45619] Glyph 51: 7x10 (8x12)
d3d      D          d3d_bmp.cpp:467  _al_d3d_sync_bitmap              [   0.45626] _al_d3d_sync_bitmap (system) ref count == 1
d3d      D          d3d_bmp.cpp:473  _al_d3d_sync_bitmap              [   0.45627] _al_d3d_sync_bitmap (video) ref count == 2
font     D                ttf.c:217  alloc_glyph_region               [   0.45672] Glyph 68: 8x8 (8x8)
d3d      D          d3d_bmp.cpp:467  _al_d3d_sync_bitmap              [   0.45680] _al_d3d_sync_bitmap (system) ref count == 1
d3d      D          d3d_bmp.cpp:473  _al_d3d_sync_bitmap              [   0.45681] _al_d3d_sync_bitmap (video) ref count == 2
font     D                ttf.c:217  alloc_glyph_region               [   0.45700] Glyph 87: 8x9 (8x12)
d3d      D          d3d_bmp.cpp:467  _al_d3d_sync_bitmap              [   0.45704] _al_d3d_sync_bitmap (system) ref count == 1
d3d      D          d3d_bmp.cpp:473  _al_d3d_sync_bitmap              [   0.45704] _al_d3d_sync_bitmap (video) ref count == 2
font     D                ttf.c:217  alloc_glyph_region               [   0.45725] Glyph 75: 9x10 (12x12)
d3d      D          d3d_bmp.cpp:467  _al_d3d_sync_bitmap              [   0.45730] _al_d3d_sync_bitmap (system) ref count == 1
d3d      D          d3d_bmp.cpp:473  _al_d3d_sync_bitmap              [   0.45731] _al_d3d_sync_bitmap (video) ref count == 2
font     D                ttf.c:217  alloc_glyph_region               [   0.45751] Glyph 79: 7x10 (8x12)
d3d      D          d3d_bmp.cpp:467  _al_d3d_sync_bitmap              [   0.45756] _al_d3d_sync_bitmap (system) ref count == 1
d3d      D          d3d_bmp.cpp:473  _al_d3d_sync_bitmap              [   0.45757] _al_d3d_sync_bitmap (video) ref count == 2
font     D                ttf.c:217  alloc_glyph_region               [   0.45776] Glyph 72: 8x9 (8x12)
d3d      D          d3d_bmp.cpp:467  _al_d3d_sync_bitmap              [   0.45782] _al_d3d_sync_bitmap (system) ref count == 1
d3d      D          d3d_bmp.cpp:473  _al_d3d_sync_bitmap              [   0.45784] _al_d3d_sync_bitmap (video) ref count == 2
font     D                ttf.c:217  alloc_glyph_region               [   0.45806] Glyph 81: 9x8 (12x8)
d3d      D          d3d_bmp.cpp:467  _al_d3d_sync_bitmap              [   0.45817] _al_d3d_sync_bitmap (system) ref count == 1
d3d      D          d3d_bmp.cpp:473  _al_d3d_sync_bitmap              [   0.45818] _al_d3d_sync_bitmap (video) ref count == 2
font     D                ttf.c:217  alloc_glyph_region               [   0.45842] Glyph 74: 8x10 (8x12)
d3d      D          d3d_bmp.cpp:467  _al_d3d_sync_bitmap              [   0.45848] _al_d3d_sync_bitmap (system) ref count == 1
d3d      D          d3d_bmp.cpp:473  _al_d3d_sync_bitmap              [   0.45849] _al_d3d_sync_bitmap (video) ref count == 2
font     D                ttf.c:217  alloc_glyph_region               [   0.45889] Glyph 29: 4x8 (4x8)
d3d      D          d3d_bmp.cpp:467  _al_d3d_sync_bitmap              [   0.45895] _al_d3d_sync_bitmap (system) ref count == 1
d3d      D          d3d_bmp.cpp:473  _al_d3d_sync_bitmap              [   0.45896] _al_d3d_sync_bitmap (video) ref count == 2
font     D                ttf.c:217  alloc_glyph_region               [   0.45919] Glyph 19: 8x10 (8x12)
d3d      D          d3d_bmp.cpp:467  _al_d3d_sync_bitmap              [   0.45925] _al_d3d_sync_bitmap (system) ref count == 1
d3d      D          d3d_bmp.cpp:473  _al_d3d_sync_bitmap              [   0.45926] _al_d3d_sync_bitmap (video) ref count == 2
font     D                ttf.c:406  cache_glyph                      [   0.45944] Glyph 3 has zero size.
font     D                ttf.c:217  alloc_glyph_region               [   0.45950] Glyph 49: 9x10 (12x12)
d3d      D          d3d_bmp.cpp:467  _al_d3d_sync_bitmap              [   0.45962] _al_d3d_sync_bitmap (system) ref count == 1
d3d      D          d3d_bmp.cpp:473  _al_d3d_sync_bitmap              [   0.45963] _al_d3d_sync_bitmap (video) ref count == 2
font     D                ttf.c:217  alloc_glyph_region               [   0.45985] Glyph 88: 9x8 (12x8)
d3d      D          d3d_bmp.cpp:467  _al_d3d_sync_bitmap              [   0.45992] _al_d3d_sync_bitmap (system) ref count == 1
d3d      D          d3d_bmp.cpp:473  _al_d3d_sync_bitmap              [   0.45993] _al_d3d_sync_bitmap (video) ref count == 2
font     D                ttf.c:217  alloc_glyph_region               [   0.46015] Glyph 80: 9x8 (12x8)
d3d      D          d3d_bmp.cpp:467  _al_d3d_sync_bitmap              [   0.46023] _al_d3d_sync_bitmap (system) ref count == 1
d3d      D          d3d_bmp.cpp:473  _al_d3d_sync_bitmap              [   0.46023] _al_d3d_sync_bitmap (video) ref count == 2
font     D                ttf.c:217  alloc_glyph_region               [   0.46043] Glyph 82: 7x8 (8x8)
d3d      D          d3d_bmp.cpp:467  _al_d3d_sync_bitmap              [   0.46046] _al_d3d_sync_bitmap (system) ref count == 1
d3d      D          d3d_bmp.cpp:473  _al_d3d_sync_bitmap              [   0.46047] _al_d3d_sync_bitmap (video) ref count == 2
font     D                ttf.c:217  alloc_glyph_region               [   0.46068] Glyph 71: 8x10 (8x12)
d3d      D          d3d_bmp.cpp:467  _al_d3d_sync_bitmap              [   0.46070] _al_d3d_sync_bitmap (system) ref count == 1
d3d      D          d3d_bmp.cpp:473  _al_d3d_sync_bitmap              [   0.46071] _al_d3d_sync_bitmap (video) ref count == 2
font     D                ttf.c:217  alloc_glyph_region               [   0.46091] Glyph 86: 7x8 (8x8)
d3d      D          d3d_bmp.cpp:467  _al_d3d_sync_bitmap              [   0.46095] _al_d3d_sync_bitmap (system) ref count == 1
d3d      D          d3d_bmp.cpp:473  _al_d3d_sync_bitmap              [   0.46095] _al_d3d_sync_bitmap (video) ref count == 2
font     D                ttf.c:217  alloc_glyph_region               [   0.46113] Glyph 85: 7x8 (8x8)
d3d      D          d3d_bmp.cpp:467  _al_d3d_sync_bitmap              [   0.46117] _al_d3d_sync_bitmap (system) ref count == 1
d3d      D          d3d_bmp.cpp:473  _al_d3d_sync_bitmap              [   0.46117] _al_d3d_sync_bitmap (video) ref count == 2
font     D                ttf.c:217  alloc_glyph_region               [   0.46135] Glyph 70: 7x8 (8x8)
d3d      D          d3d_bmp.cpp:467  _al_d3d_sync_bitmap              [   0.46139] _al_d3d_sync_bitmap (system) ref count == 1
d3d      D          d3d_bmp.cpp:473  _al_d3d_sync_bitmap              [   0.46139] _al_d3d_sync_bitmap (video) ref count == 2
font     D                ttf.c:217  alloc_glyph_region               [   0.46158] Glyph 40: 8x10 (8x12)
d3d      D          d3d_bmp.cpp:467  _al_d3d_sync_bitmap              [   0.46162] _al_d3d_sync_bitmap (system) ref count == 1
d3d      D          d3d_bmp.cpp:473  _al_d3d_sync_bitmap              [   0.46163] _al_d3d_sync_bitmap (video) ref count == 2
font     D                ttf.c:217  alloc_glyph_region               [   0.46181] Glyph 83: 8x10 (8x12)
d3d      D          d3d_bmp.cpp:467  _al_d3d_sync_bitmap              [   0.46184] _al_d3d_sync_bitmap (system) ref count == 1
d3d      D          d3d_bmp.cpp:473  _al_d3d_sync_bitmap              [   0.46185] _al_d3d_sync_bitmap (video) ref count == 2
font     D                ttf.c:217  alloc_glyph_region               [   0.46205] Glyph 55: 9x10 (12x12)
d3d      D          d3d_bmp.cpp:467  _al_d3d_sync_bitmap              [   0.46209] _al_d3d_sync_bitmap (system) ref count == 1
d3d      D          d3d_bmp.cpp:473  _al_d3d_sync_bitmap              [   0.46209] _al_d3d_sync_bitmap (video) ref count == 2
font     D                ttf.c:217  alloc_glyph_region               [   0.46227] Glyph 76: 7x10 (8x12)
d3d      D          d3d_bmp.cpp:467  _al_d3d_sync_bitmap              [   0.46231] _al_d3d_sync_bitmap (system) ref count == 1
d3d      D          d3d_bmp.cpp:473  _al_d3d_sync_bitmap              [   0.46232] _al_d3d_sync_bitmap (video) ref count == 2
d3d      D          d3d_bmp.cpp:467  _al_d3d_sync_bitmap              [   0.46386] _al_d3d_sync_bitmap (system) ref count == 1
d3d      D          d3d_bmp.cpp:473  _al_d3d_sync_bitmap              [   0.46387] _al_d3d_sync_bitmap (video) ref count == 1
d3d      D          d3d_bmp.cpp:467  _al_d3d_sync_bitmap              [   0.46499] _al_d3d_sync_bitmap (system) ref count == 1
d3d      D          d3d_bmp.cpp:473  _al_d3d_sync_bitmap              [   0.46500] _al_d3d_sync_bitmap (video) ref count == 1
d3d      D          d3d_bmp.cpp:467  _al_d3d_sync_bitmap              [   0.46627] _al_d3d_sync_bitmap (system) ref count == 1
d3d      D          d3d_bmp.cpp:473  _al_d3d_sync_bitmap              [   0.46628] _al_d3d_sync_bitmap (video) ref count == 2
font     D                ttf.c:217  alloc_glyph_region               [   1.56015] Glyph 20: 7x11 (8x12)
d3d      D          d3d_bmp.cpp:467  _al_d3d_sync_bitmap              [   1.56018] _al_d3d_sync_bitmap (system) ref count == 1
d3d      D          d3d_bmp.cpp:473  _al_d3d_sync_bitmap              [   1.56019] _al_d3d_sync_bitmap (video) ref count == 2
font     D                ttf.c:217  alloc_glyph_region               [   1.56064] Glyph 21: 7x10 (8x12)
d3d      D          d3d_bmp.cpp:467  _al_d3d_sync_bitmap              [   1.56079] _al_d3d_sync_bitmap (system) ref count == 1
d3d      D          d3d_bmp.cpp:473  _al_d3d_sync_bitmap              [   1.56080] _al_d3d_sync_bitmap (video) ref count == 2
font     D                ttf.c:217  alloc_glyph_region               [   1.56108] Glyph 23: 8x10 (8x12)
d3d      D          d3d_bmp.cpp:467  _al_d3d_sync_bitmap              [   1.56112] _al_d3d_sync_bitmap (system) ref count == 1
d3d      D          d3d_bmp.cpp:473  _al_d3d_sync_bitmap              [   1.56113] _al_d3d_sync_bitmap (video) ref count == 2
font     D                ttf.c:217  alloc_glyph_region               [   1.56135] Glyph 22: 7x10 (8x12)
d3d      D          d3d_bmp.cpp:467  _al_d3d_sync_bitmap              [   1.56141] _al_d3d_sync_bitmap (system) ref count == 1
d3d      D          d3d_bmp.cpp:473  _al_d3d_sync_bitmap              [   1.56142] _al_d3d_sync_bitmap (video) ref count == 2
font     D                ttf.c:217  alloc_glyph_region               [   1.56179] Glyph 17: 4x4 (4x4)
d3d      D          d3d_bmp.cpp:467  _al_d3d_sync_bitmap              [   1.56186] _al_d3d_sync_bitmap (system) ref count == 1
d3d      D          d3d_bmp.cpp:473  _al_d3d_sync_bitmap              [   1.56187] _al_d3d_sync_bitmap (video) ref count == 2
font     D                ttf.c:217  alloc_glyph_region               [   1.56207] Glyph 28: 8x10 (8x12)
d3d      D          d3d_bmp.cpp:467  _al_d3d_sync_bitmap              [   1.56211] _al_d3d_sync_bitmap (system) ref count == 1
d3d      D          d3d_bmp.cpp:473  _al_d3d_sync_bitmap              [   1.56211] _al_d3d_sync_bitmap (video) ref count == 2
font     D                ttf.c:217  alloc_glyph_region               [   1.56231] Glyph 25: 8x10 (8x12)
d3d      D          d3d_bmp.cpp:467  _al_d3d_sync_bitmap              [   1.56234] _al_d3d_sync_bitmap (system) ref count == 1
d3d      D          d3d_bmp.cpp:473  _al_d3d_sync_bitmap              [   1.56235] _al_d3d_sync_bitmap (video) ref count == 2
d3d      D          d3d_bmp.cpp:467  _al_d3d_sync_bitmap              [   1.56342] _al_d3d_sync_bitmap (system) ref count == 1
d3d      D          d3d_bmp.cpp:473  _al_d3d_sync_bitmap              [   1.56343] _al_d3d_sync_bitmap (video) ref count == 2
font     D                ttf.c:217  alloc_glyph_region               [   2.73306] Glyph 24: 7x10 (8x12)
d3d      D          d3d_bmp.cpp:467  _al_d3d_sync_bitmap              [   2.73309] _al_d3d_sync_bitmap (system) ref count == 1
d3d      D          d3d_bmp.cpp:473  _al_d3d_sync_bitmap              [   2.73310] _al_d3d_sync_bitmap (video) ref count == 2
font     D                ttf.c:217  alloc_glyph_region               [   2.73345] Glyph 27: 7x10 (8x12)
d3d      D          d3d_bmp.cpp:467  _al_d3d_sync_bitmap              [   2.73354] _al_d3d_sync_bitmap (system) ref count == 1
d3d      D          d3d_bmp.cpp:473  _al_d3d_sync_bitmap              [   2.73355] _al_d3d_sync_bitmap (video) ref count == 2
d3d      D          d3d_bmp.cpp:467  _al_d3d_sync_bitmap              [   2.73415] _al_d3d_sync_bitmap (system) ref count == 1
d3d      D          d3d_bmp.cpp:473  _al_d3d_sync_bitmap              [   2.73416] _al_d3d_sync_bitmap (video) ref count == 2
font     D                ttf.c:217  alloc_glyph_region               [   3.58539] Glyph 26: 7x10 (8x12)
d3d      D          d3d_bmp.cpp:467  _al_d3d_sync_bitmap              [   3.58542] _al_d3d_sync_bitmap (system) ref count == 1
d3d      D          d3d_bmp.cpp:473  _al_d3d_sync_bitmap              [   3.58543] _al_d3d_sync_bitmap (video) ref count == 2
d3d      D          d3d_bmp.cpp:467  _al_d3d_sync_bitmap              [   3.58604] _al_d3d_sync_bitmap (system) ref count == 1
d3d      D          d3d_bmp.cpp:473  _al_d3d_sync_bitmap              [   3.58607] _al_d3d_sync_bitmap (video) ref count == 2
dtor     D               dtor.c:214  _al_unregister_destructor        [   5.47476] removed dtor for object 03DE3508
dtor     D               dtor.c:214  _al_unregister_destructor        [   5.52816] removed dtor for object 08846620
d3d      W          d3d_bmp.cpp:743  d3d_destroy_bitmap               [   5.52832] d3d_destroy_bitmap: Release video texture failed.
d3d      I         d3d_disp.cpp:921  d3d_destroy_display              [   5.52848] destroying display 0146FD08 (current 00000000)
bitmap   D             bitmap.c:548  _al_convert_to_memory_bitmap     [   5.52851] converting display bitmap 03DE4C08 to memory bitmap
d3d      D          d3d_bmp.cpp:467  _al_d3d_sync_bitmap              [   5.52927] _al_d3d_sync_bitmap (system) ref count == 1
d3d      D          d3d_bmp.cpp:473  _al_d3d_sync_bitmap              [   5.52928] _al_d3d_sync_bitmap (video) ref count == 1
d3d      D         d3d_disp.cpp:905  d3d_destroy_display_internals    [   5.53198] waiting for display 0146FD08's thread to end
d3d      W         d3d_disp.cpp:617  d3d_destroy_device               [   5.53688] d3d_destroy_device: ref count not 0
d3d      I         d3d_disp.cpp:1527 d3d_display_thread_proc          [   5.54731] d3d display thread exits
dtor     D               dtor.c:214  _al_unregister_destructor        [   5.54817] removed dtor for object 03DE4C08
dtor     D               dtor.c:214  _al_unregister_destructor        [   5.54865] removed dtor for object 07FCA338
dtor     D               dtor.c:214  _al_unregister_destructor        [   5.54872] removed dtor for object 07FEEB40
dtor     D               dtor.c:214  _al_unregister_destructor        [   5.54873] removed dtor for object 01497428
audio-dsound D           dsound.cpp:526  _dsound_stop_voice               [   5.54874] Stopping voice
audio-dsound D           dsound.cpp:542  _dsound_stop_voice               [   5.54874] Joining thread
audio-dsound D           dsound.cpp:548  _dsound_stop_voice               [   5.55153] Joined thread
audio-dsound D           dsound.cpp:550  _dsound_stop_voice               [   5.55155] Destroying thread
audio-dsound D           dsound.cpp:552  _dsound_stop_voice               [   5.55156] Thread destroyed
audio-dsound D           dsound.cpp:555  _dsound_stop_voice               [   5.55157] Releasing buffer
audio-dsound I           dsound.cpp:559  _dsound_stop_voice               [   5.55157] Voice stopped
dtor     D               dtor.c:214  _al_unregister_destructor        [   5.55160] removed dtor for object 07E2F800
audio-dsound D           dsound.cpp:375  _dsound_deallocate_voice         [   5.55161] Deallocating voice
audio-dsound D           dsound.cpp:380  _dsound_deallocate_voice         [   5.55162] Deallocated voice
audio-dsound D           dsound.cpp:289  _dsound_close                    [   5.55163] Releasing device
audio-dsound D           dsound.cpp:291  _dsound_close                    [   5.55809] Released device
audio-dsound I           dsound.cpp:294  _dsound_close                    [   5.55813] DirectSound closed
