Build started 9/14/2016 3:18:17 PM.
     1>Project "C:\Users\justi\Documents\School Work\EGP 410 - Game AI\EGP410\GameAI\steering\water.vcxproj" on node 2 (Build target(s)).
     1>ClCompile:
         C:\Program Files (x86)\Microsoft Visual Studio 12.0\VC\bin\CL.exe /c /I..\..\DeanLib /I"..\..\External Libs\Allegro5\include" /ZI /nologo /W3 /WX- /Od /Oy- /D WIN32 /D _DEBUG /D _CONSOLE /D _UNICODE /D UNICODE /Gm /EHsc /RTC1 /MDd /GS /fp:precise /Zc:wchar_t /Zc:forScope /Fo"Debug\\" /Fd"Debug\vc120.pdb" /Gd /TP /analyze- /errorReport:prompt DynamicArriveSteering.cpp DynamicSeekSteering.cpp Game.cpp GameMessage.cpp GameMessageManager.cpp GraphicsBuffer.cpp GraphicsBufferManager.cpp GraphicsSystem.cpp Kinematic.cpp KinematicArriveSteering.cpp KinematicSeekSteering.cpp KinematicUnit.cpp KinematicWanderSteering.cpp main.cpp PlayerMoveToMessage.cpp Sprite.cpp SpriteManager.cpp Steering.cpp
         Steering.cpp
         SpriteManager.cpp
         Sprite.cpp
         PlayerMoveToMessage.cpp
         main.cpp
         KinematicWanderSteering.cpp
         KinematicUnit.cpp
         KinematicSeekSteering.cpp
         KinematicArriveSteering.cpp
         Kinematic.cpp
         GraphicsSystem.cpp
         GraphicsBufferManager.cpp
         GraphicsBuffer.cpp
         GameMessageManager.cpp
         GameMessage.cpp
         Game.cpp
         DynamicSeekSteering.cpp
         DynamicArriveSteering.cpp
         Generating Code...
       Link:
         C:\Program Files (x86)\Microsoft Visual Studio 12.0\VC\bin\link.exe /ERRORREPORT:PROMPT /OUT:"C:\Users\justi\Documents\School Work\EGP 410 - Game AI\EGP410\GameAI\steering\Debug\steering.exe" /INCREMENTAL /NOLOGO /LIBPATH:"..\..\External libs\Allegro5\lib" /LIBPATH:..\..\DeanLib\debug kernel32.lib user32.lib gdi32.lib winspool.lib comdlg32.lib advapi32.lib shell32.lib ole32.lib oleaut32.lib uuid.lib odbc32.lib odbccp32.lib "allegro-5.0.10-monolith-md-debug.lib" DeanLib.lib /MANIFEST /MANIFESTUAC:"level='asInvoker' uiAccess='false'" /manifest:embed /DEBUG /PDB:"C:\Users\justi\Documents\School Work\EGP 410 - Game AI\EGP410\GameAI\steering\Debug\steering.pdb" /SUBSYSTEM:CONSOLE /TLBID:1 /DYNAMICBASE /NXCOMPAT /IMPLIB:"C:\Users\justi\Documents\School Work\EGP 410 - Game AI\EGP410\GameAI\steering\Debug\steering.lib" /MACHINE:X86 /SAFESEH Debug\DynamicArriveSteering.obj
         Debug\DynamicSeekSteering.obj
         Debug\Game.obj
         Debug\GameMessage.obj
         Debug\GameMessageManager.obj
         Debug\GraphicsBuffer.obj
         Debug\GraphicsBufferManager.obj
         Debug\GraphicsSystem.obj
         Debug\Kinematic.obj
         Debug\KinematicArriveSteering.obj
         Debug\KinematicSeekSteering.obj
         Debug\KinematicUnit.obj
         Debug\KinematicWanderSteering.obj
         Debug\main.obj
         Debug\PlayerMoveToMessage.obj
         Debug\Sprite.obj
         Debug\SpriteManager.obj
         Debug\Steering.obj
     1>DynamicArriveSteering.obj : warning LNK4075: ignoring '/EDITANDCONTINUE' due to '/SAFESEH' specification
         water.vcxproj -> C:\Users\justi\Documents\School Work\EGP 410 - Game AI\EGP410\GameAI\steering\Debug\steering.exe
     1>Done Building Project "C:\Users\justi\Documents\School Work\EGP 410 - Game AI\EGP410\GameAI\steering\water.vcxproj" (Build target(s)).

Build succeeded.

Time Elapsed 00:00:25.18
