system   D            wsystem.c:583  maybe_parent_dir                 [   0.00038] Also searching C:\Users\justi\EGP-410\Assignments\steering\
system   D            wsystem.c:633  _al_win_safe_load_library        [   0.00067] PathFindOnPath found: C:\WINDOWS\system32\d3d9.dll
system   D            wsystem.c:544  load_library_at_path             [   0.00069] Calling LoadLibrary C:\WINDOWS\system32\d3d9.dll
system   I            wsystem.c:547  load_library_at_path             [   0.00173] Loaded C:\WINDOWS\system32\d3d9.dll
d3d      I         d3d_disp.cpp:696  _al_d3d_init_display             [   0.01064] Render-to-texture: 1
system   I             system.c:252  al_install_system                [   0.01069] Allegro version: 5.0.10
d3d      I         d3d_disp.cpp:1737 d3d_create_display_locked        [   0.01157] faux_fullscreen=0
d3d      D         d3d_disp.cpp:1738 d3d_create_display_locked        [   0.01159] al_display=01409C88
d3d      D         d3d_disp.cpp:1739 d3d_create_display_locked        [   0.01161] al_display->vt=0139CF48
d3d      I d3d_display_formats.cpp:144  _al_d3d_generate_display_format_list [   0.01414] found 64 format combinations
display  D   display_settings.c:191  debug_display_settings           [   0.01418] color: 32 (rgba 8880), depth: 0, stencil: 0, acc: 0000, samples: 0/0
display  D   display_settings.c:506  _al_score_display_settings       [   0.01420] Score is : 897
display  D   display_settings.c:191  debug_display_settings           [   0.01421] color: 32 (rgba 8880), depth: 0, stencil: 0, acc: 0000, samples: 0/0
display  D   display_settings.c:506  _al_score_display_settings       [   0.01422] Score is : 897
display  D   display_settings.c:191  debug_display_settings           [   0.01423] color: 32 (rgba 8880), depth: 24, stencil: 8, acc: 0000, samples: 0/0
display  D   display_settings.c:506  _al_score_display_settings       [   0.01425] Score is : 897
display  D   display_settings.c:191  debug_display_settings           [   0.01426] color: 32 (rgba 8880), depth: 24, stencil: 8, acc: 0000, samples: 0/0
display  D   display_settings.c:506  _al_score_display_settings       [   0.01427] Score is : 897
display  D   display_settings.c:191  debug_display_settings           [   0.01428] color: 32 (rgba 8880), depth: 24, stencil: 0, acc: 0000, samples: 0/0
display  D   display_settings.c:506  _al_score_display_settings       [   0.01429] Score is : 897
display  D   display_settings.c:191  debug_display_settings           [   0.01430] color: 32 (rgba 8880), depth: 24, stencil: 0, acc: 0000, samples: 0/0
display  D   display_settings.c:506  _al_score_display_settings       [   0.01431] Score is : 897
display  D   display_settings.c:191  debug_display_settings           [   0.01432] color: 32 (rgba 8880), depth: 16, stencil: 0, acc: 0000, samples: 0/0
display  D   display_settings.c:506  _al_score_display_settings       [   0.01434] Score is : 897
display  D   display_settings.c:191  debug_display_settings           [   0.01435] color: 32 (rgba 8880), depth: 16, stencil: 0, acc: 0000, samples: 0/0
display  D   display_settings.c:506  _al_score_display_settings       [   0.01436] Score is : 897
display  D   display_settings.c:191  debug_display_settings           [   0.01437] color: 16 (rgba 5650), depth: 0, stencil: 0, acc: 0000, samples: 0/0
display  D   display_settings.c:506  _al_score_display_settings       [   0.01438] Score is : 897
display  D   display_settings.c:191  debug_display_settings           [   0.01439] color: 16 (rgba 5650), depth: 0, stencil: 0, acc: 0000, samples: 0/0
display  D   display_settings.c:506  _al_score_display_settings       [   0.01440] Score is : 897
display  D   display_settings.c:191  debug_display_settings           [   0.01441] color: 16 (rgba 5650), depth: 24, stencil: 8, acc: 0000, samples: 0/0
display  D   display_settings.c:506  _al_score_display_settings       [   0.01443] Score is : 897
display  D   display_settings.c:191  debug_display_settings           [   0.01444] color: 16 (rgba 5650), depth: 24, stencil: 8, acc: 0000, samples: 0/0
display  D   display_settings.c:506  _al_score_display_settings       [   0.01452] Score is : 897
display  D   display_settings.c:191  debug_display_settings           [   0.01453] color: 16 (rgba 5650), depth: 24, stencil: 0, acc: 0000, samples: 0/0
display  D   display_settings.c:506  _al_score_display_settings       [   0.01455] Score is : 897
display  D   display_settings.c:191  debug_display_settings           [   0.01456] color: 16 (rgba 5650), depth: 24, stencil: 0, acc: 0000, samples: 0/0
display  D   display_settings.c:506  _al_score_display_settings       [   0.01457] Score is : 897
display  D   display_settings.c:191  debug_display_settings           [   0.01458] color: 16 (rgba 5650), depth: 16, stencil: 0, acc: 0000, samples: 0/0
display  D   display_settings.c:506  _al_score_display_settings       [   0.01460] Score is : 897
display  D   display_settings.c:191  debug_display_settings           [   0.01461] color: 16 (rgba 5650), depth: 16, stencil: 0, acc: 0000, samples: 0/0
display  D   display_settings.c:506  _al_score_display_settings       [   0.01462] Score is : 897
display  D   display_settings.c:191  debug_display_settings           [   0.01469] color: 32 (rgba 8880), depth: 0, stencil: 0, acc: 0000, samples: 0/0
display  D   display_settings.c:377  _al_score_display_settings       [   0.01471] Single Buffer requirement not met.
display  D   display_settings.c:191  debug_display_settings           [   0.01472] color: 32 (rgba 8880), depth: 0, stencil: 0, acc: 0000, samples: 0/0
display  D   display_settings.c:377  _al_score_display_settings       [   0.01474] Single Buffer requirement not met.
display  D   display_settings.c:191  debug_display_settings           [   0.01475] color: 32 (rgba 8880), depth: 24, stencil: 8, acc: 0000, samples: 0/0
display  D   display_settings.c:377  _al_score_display_settings       [   0.01476] Single Buffer requirement not met.
display  D   display_settings.c:191  debug_display_settings           [   0.01477] color: 32 (rgba 8880), depth: 24, stencil: 8, acc: 0000, samples: 0/0
display  D   display_settings.c:377  _al_score_display_settings       [   0.01478] Single Buffer requirement not met.
display  D   display_settings.c:191  debug_display_settings           [   0.01479] color: 32 (rgba 8880), depth: 24, stencil: 0, acc: 0000, samples: 0/0
display  D   display_settings.c:377  _al_score_display_settings       [   0.01483] Single Buffer requirement not met.
display  D   display_settings.c:191  debug_display_settings           [   0.01484] color: 32 (rgba 8880), depth: 24, stencil: 0, acc: 0000, samples: 0/0
display  D   display_settings.c:377  _al_score_display_settings       [   0.01486] Single Buffer requirement not met.
display  D   display_settings.c:191  debug_display_settings           [   0.01487] color: 32 (rgba 8880), depth: 16, stencil: 0, acc: 0000, samples: 0/0
display  D   display_settings.c:377  _al_score_display_settings       [   0.01489] Single Buffer requirement not met.
display  D   display_settings.c:191  debug_display_settings           [   0.01490] color: 32 (rgba 8880), depth: 16, stencil: 0, acc: 0000, samples: 0/0
display  D   display_settings.c:377  _al_score_display_settings       [   0.01491] Single Buffer requirement not met.
display  D   display_settings.c:191  debug_display_settings           [   0.01492] color: 16 (rgba 5650), depth: 0, stencil: 0, acc: 0000, samples: 0/0
display  D   display_settings.c:377  _al_score_display_settings       [   0.01494] Single Buffer requirement not met.
display  D   display_settings.c:191  debug_display_settings           [   0.01495] color: 16 (rgba 5650), depth: 0, stencil: 0, acc: 0000, samples: 0/0
display  D   display_settings.c:377  _al_score_display_settings       [   0.01496] Single Buffer requirement not met.
display  D   display_settings.c:191  debug_display_settings           [   0.01497] color: 16 (rgba 5650), depth: 24, stencil: 8, acc: 0000, samples: 0/0
display  D   display_settings.c:377  _al_score_display_settings       [   0.01499] Single Buffer requirement not met.
display  D   display_settings.c:191  debug_display_settings           [   0.01500] color: 16 (rgba 5650), depth: 24, stencil: 8, acc: 0000, samples: 0/0
display  D   display_settings.c:377  _al_score_display_settings       [   0.01502] Single Buffer requirement not met.
display  D   display_settings.c:191  debug_display_settings           [   0.01503] color: 16 (rgba 5650), depth: 24, stencil: 0, acc: 0000, samples: 0/0
display  D   display_settings.c:377  _al_score_display_settings       [   0.01505] Single Buffer requirement not met.
display  D   display_settings.c:191  debug_display_settings           [   0.01506] color: 16 (rgba 5650), depth: 24, stencil: 0, acc: 0000, samples: 0/0
display  D   display_settings.c:377  _al_score_display_settings       [   0.01507] Single Buffer requirement not met.
display  D   display_settings.c:191  debug_display_settings           [   0.01509] color: 16 (rgba 5650), depth: 16, stencil: 0, acc: 0000, samples: 0/0
display  D   display_settings.c:377  _al_score_display_settings       [   0.01510] Single Buffer requirement not met.
display  D   display_settings.c:191  debug_display_settings           [   0.01511] color: 16 (rgba 5650), depth: 16, stencil: 0, acc: 0000, samples: 0/0
display  D   display_settings.c:377  _al_score_display_settings       [   0.01512] Single Buffer requirement not met.
display  D   display_settings.c:191  debug_display_settings           [   0.01513] color: 32 (rgba 8880), depth: 0, stencil: 0, acc: 0000, samples: 0/0
display  D   display_settings.c:506  _al_score_display_settings       [   0.01515] Score is : 769
display  D   display_settings.c:191  debug_display_settings           [   0.01516] color: 32 (rgba 8880), depth: 0, stencil: 0, acc: 0000, samples: 0/0
display  D   display_settings.c:506  _al_score_display_settings       [   0.01517] Score is : 769
display  D   display_settings.c:191  debug_display_settings           [   0.01519] color: 32 (rgba 8880), depth: 24, stencil: 8, acc: 0000, samples: 0/0
display  D   display_settings.c:506  _al_score_display_settings       [   0.01520] Score is : 769
display  D   display_settings.c:191  debug_display_settings           [   0.01521] color: 32 (rgba 8880), depth: 24, stencil: 8, acc: 0000, samples: 0/0
display  D   display_settings.c:506  _al_score_display_settings       [   0.01522] Score is : 769
display  D   display_settings.c:191  debug_display_settings           [   0.01524] color: 32 (rgba 8880), depth: 24, stencil: 0, acc: 0000, samples: 0/0
display  D   display_settings.c:506  _al_score_display_settings       [   0.01525] Score is : 769
display  D   display_settings.c:191  debug_display_settings           [   0.01526] color: 32 (rgba 8880), depth: 24, stencil: 0, acc: 0000, samples: 0/0
display  D   display_settings.c:506  _al_score_display_settings       [   0.01527] Score is : 769
display  D   display_settings.c:191  debug_display_settings           [   0.01528] color: 32 (rgba 8880), depth: 16, stencil: 0, acc: 0000, samples: 0/0
display  D   display_settings.c:506  _al_score_display_settings       [   0.01530] Score is : 769
display  D   display_settings.c:191  debug_display_settings           [   0.01531] color: 32 (rgba 8880), depth: 16, stencil: 0, acc: 0000, samples: 0/0
display  D   display_settings.c:506  _al_score_display_settings       [   0.01532] Score is : 769
display  D   display_settings.c:191  debug_display_settings           [   0.01533] color: 16 (rgba 5650), depth: 0, stencil: 0, acc: 0000, samples: 0/0
display  D   display_settings.c:506  _al_score_display_settings       [   0.01534] Score is : 769
display  D   display_settings.c:191  debug_display_settings           [   0.01535] color: 16 (rgba 5650), depth: 0, stencil: 0, acc: 0000, samples: 0/0
display  D   display_settings.c:506  _al_score_display_settings       [   0.01536] Score is : 769
display  D   display_settings.c:191  debug_display_settings           [   0.01537] color: 16 (rgba 5650), depth: 24, stencil: 8, acc: 0000, samples: 0/0
display  D   display_settings.c:506  _al_score_display_settings       [   0.01539] Score is : 769
display  D   display_settings.c:191  debug_display_settings           [   0.01540] color: 16 (rgba 5650), depth: 24, stencil: 8, acc: 0000, samples: 0/0
display  D   display_settings.c:506  _al_score_display_settings       [   0.01542] Score is : 769
display  D   display_settings.c:191  debug_display_settings           [   0.01543] color: 16 (rgba 5650), depth: 24, stencil: 0, acc: 0000, samples: 0/0
display  D   display_settings.c:506  _al_score_display_settings       [   0.01544] Score is : 769
display  D   display_settings.c:191  debug_display_settings           [   0.01545] color: 16 (rgba 5650), depth: 24, stencil: 0, acc: 0000, samples: 0/0
display  D   display_settings.c:506  _al_score_display_settings       [   0.01546] Score is : 769
display  D   display_settings.c:191  debug_display_settings           [   0.01547] color: 16 (rgba 5650), depth: 16, stencil: 0, acc: 0000, samples: 0/0
display  D   display_settings.c:506  _al_score_display_settings       [   0.01548] Score is : 769
display  D   display_settings.c:191  debug_display_settings           [   0.01549] color: 16 (rgba 5650), depth: 16, stencil: 0, acc: 0000, samples: 0/0
display  D   display_settings.c:506  _al_score_display_settings       [   0.01551] Score is : 769
display  D   display_settings.c:191  debug_display_settings           [   0.01552] color: 32 (rgba 8880), depth: 0, stencil: 0, acc: 0000, samples: 0/0
display  D   display_settings.c:377  _al_score_display_settings       [   0.01553] Single Buffer requirement not met.
display  D   display_settings.c:191  debug_display_settings           [   0.01554] color: 32 (rgba 8880), depth: 0, stencil: 0, acc: 0000, samples: 0/0
display  D   display_settings.c:377  _al_score_display_settings       [   0.01555] Single Buffer requirement not met.
display  D   display_settings.c:191  debug_display_settings           [   0.01556] color: 32 (rgba 8880), depth: 24, stencil: 8, acc: 0000, samples: 0/0
display  D   display_settings.c:377  _al_score_display_settings       [   0.01558] Single Buffer requirement not met.
display  D   display_settings.c:191  debug_display_settings           [   0.01559] color: 32 (rgba 8880), depth: 24, stencil: 8, acc: 0000, samples: 0/0
display  D   display_settings.c:377  _al_score_display_settings       [   0.01560] Single Buffer requirement not met.
display  D   display_settings.c:191  debug_display_settings           [   0.01561] color: 32 (rgba 8880), depth: 24, stencil: 0, acc: 0000, samples: 0/0
display  D   display_settings.c:377  _al_score_display_settings       [   0.01562] Single Buffer requirement not met.
display  D   display_settings.c:191  debug_display_settings           [   0.01564] color: 32 (rgba 8880), depth: 24, stencil: 0, acc: 0000, samples: 0/0
display  D   display_settings.c:377  _al_score_display_settings       [   0.01565] Single Buffer requirement not met.
display  D   display_settings.c:191  debug_display_settings           [   0.01566] color: 32 (rgba 8880), depth: 16, stencil: 0, acc: 0000, samples: 0/0
display  D   display_settings.c:377  _al_score_display_settings       [   0.01567] Single Buffer requirement not met.
display  D   display_settings.c:191  debug_display_settings           [   0.01568] color: 32 (rgba 8880), depth: 16, stencil: 0, acc: 0000, samples: 0/0
display  D   display_settings.c:377  _al_score_display_settings       [   0.01570] Single Buffer requirement not met.
display  D   display_settings.c:191  debug_display_settings           [   0.01571] color: 16 (rgba 5650), depth: 0, stencil: 0, acc: 0000, samples: 0/0
display  D   display_settings.c:377  _al_score_display_settings       [   0.01572] Single Buffer requirement not met.
display  D   display_settings.c:191  debug_display_settings           [   0.01573] color: 16 (rgba 5650), depth: 0, stencil: 0, acc: 0000, samples: 0/0
display  D   display_settings.c:377  _al_score_display_settings       [   0.01575] Single Buffer requirement not met.
display  D   display_settings.c:191  debug_display_settings           [   0.01576] color: 16 (rgba 5650), depth: 24, stencil: 8, acc: 0000, samples: 0/0
display  D   display_settings.c:377  _al_score_display_settings       [   0.01583] Single Buffer requirement not met.
display  D   display_settings.c:191  debug_display_settings           [   0.01585] color: 16 (rgba 5650), depth: 24, stencil: 8, acc: 0000, samples: 0/0
display  D   display_settings.c:377  _al_score_display_settings       [   0.01586] Single Buffer requirement not met.
display  D   display_settings.c:191  debug_display_settings           [   0.01587] color: 16 (rgba 5650), depth: 24, stencil: 0, acc: 0000, samples: 0/0
display  D   display_settings.c:377  _al_score_display_settings       [   0.01588] Single Buffer requirement not met.
display  D   display_settings.c:191  debug_display_settings           [   0.01589] color: 16 (rgba 5650), depth: 24, stencil: 0, acc: 0000, samples: 0/0
display  D   display_settings.c:377  _al_score_display_settings       [   0.01591] Single Buffer requirement not met.
display  D   display_settings.c:191  debug_display_settings           [   0.01592] color: 16 (rgba 5650), depth: 16, stencil: 0, acc: 0000, samples: 0/0
display  D   display_settings.c:377  _al_score_display_settings       [   0.01593] Single Buffer requirement not met.
display  D   display_settings.c:191  debug_display_settings           [   0.01594] color: 16 (rgba 5650), depth: 16, stencil: 0, acc: 0000, samples: 0/0
display  D   display_settings.c:377  _al_score_display_settings       [   0.01595] Single Buffer requirement not met.
d3d      D         d3d_disp.cpp:1645 d3d_create_display_internals     [   0.01598] Trying format 0.
d3d      I         d3d_disp.cpp:1326 d3d_display_thread_proc          [   0.01621] Chose a display format: 23
d3d      I         d3d_disp.cpp:1395 d3d_display_thread_proc          [   0.01624] Normal window.
d3d      I         d3d_disp.cpp:801  d3d_create_device                [   0.03005] Using no depth stencil buffer
d3d      D         d3d_disp.cpp:866  d3d_create_device                [   0.03680] BeginScene succeeded in create_device
d3d      D         d3d_disp.cpp:874  d3d_create_device                [   0.03684] Success
d3d      D         d3d_disp.cpp:1668 d3d_create_display_internals     [   0.03702] Resumed after wait.
d3d      I         d3d_disp.cpp:1701 d3d_create_display_internals     [   0.03724] Format 0 succeeded.
d3d      D         d3d_disp.cpp:1724 d3d_create_display_internals     [   0.03735] Returning d3d_display: 01409C88
d3d      D         d3d_disp.cpp:1749 d3d_create_display_locked        [   0.03740] al_display=01409C88
d3d      D         d3d_disp.cpp:1750 d3d_create_display_locked        [   0.03741] al_display->vt=0139CF48
audio-dsound D           dsound.cpp:244  _dsound_open                     [   0.04147] Loading DirectSound module
system   D            wsystem.c:583  maybe_parent_dir                 [   0.04214] Also searching C:\Users\justi\EGP-410\Assignments\steering\
system   D            wsystem.c:633  _al_win_safe_load_library        [   0.04235] PathFindOnPath found: C:\WINDOWS\system32\dsound.dll
system   D            wsystem.c:544  load_library_at_path             [   0.04237] Calling LoadLibrary C:\WINDOWS\system32\dsound.dll
system   I            wsystem.c:547  load_library_at_path             [   0.04296] Loaded C:\WINDOWS\system32\dsound.dll
audio-dsound I           dsound.cpp:261  _dsound_open                     [   0.04300] Starting DirectSound...
audio-dsound D           dsound.cpp:271  _dsound_open                     [   0.06068] DirectSoundCreate8 succeeded
audio    I              audio.c:288  do_install_audio                 [   0.06224] Using DirectSound driver
audio-dsound D           dsound.cpp:306  _dsound_allocate_voice           [   0.06230] Allocating voice
audio-dsound D           dsound.cpp:365  _dsound_allocate_voice           [   0.06231] Allocated voice
dtor     D               dtor.c:184  _al_register_destructor          [   0.06232] added dtor for object 075FE5C8, func 5519250E
dtor     D               dtor.c:184  _al_register_destructor          [   0.06234] added dtor for object 075FFC78, func 55192919
audio-dsound D           dsound.cpp:462  _dsound_start_voice              [   0.06235] Starting voice
audio-dsound D           dsound.cpp:491  _dsound_start_voice              [   0.06236] CreateSoundBuffer
audio-dsound D           dsound.cpp:500  _dsound_start_voice              [   0.06348] CreateSoundBuffer succeeded
audio-dsound D           dsound.cpp:506  _dsound_start_voice              [   0.06350] Starting _dsound_update thread
audio-dsound I           dsound.cpp:516  _dsound_start_voice              [   0.06355] Voice started
dtor     D               dtor.c:184  _al_register_destructor          [   0.06357] added dtor for object 07607FF0, func 551923EC
audio    D          kcm_mixer.c:121  _al_rechannel_matrix             [   0.06360] sample matrix:
audio    D          kcm_mixer.c:127  _al_rechannel_matrix             [   0.06361] 
audio    D          kcm_mixer.c:127  _al_rechannel_matrix             [   0.06362] 
font     D                ttf.c:792  al_load_ttf_font_stretch_f       [   0.06428] Font cour.ttf loaded with pixel size 0 x 20.
font     D                ttf.c:794  al_load_ttf_font_stretch_f       [   0.06430]     ascent=17.0, descent=-6.0, height=23.0
dtor     D               dtor.c:184  _al_register_destructor          [   0.06433] added dtor for object 0139C788, func 55191B36
wav      I                wav.c:107  wav_open                         [   0.06448] Ignoring chunk: fact
dtor     D               dtor.c:184  _al_register_destructor          [   0.06452] added dtor for object 075F0CF8, func 55192379
d3d      D         d3d_disp.cpp:1166 real_choose_bitmap_format        [   0.06486] Fake format
d3d      D         d3d_disp.cpp:1166 real_choose_bitmap_format        [   0.06487] Fake format
d3d      D         d3d_disp.cpp:1166 real_choose_bitmap_format        [   0.06488] Fake format
d3d      D         d3d_disp.cpp:1166 real_choose_bitmap_format        [   0.06489] Fake format
d3d      D         d3d_disp.cpp:1166 real_choose_bitmap_format        [   0.06490] Fake format
d3d      D         d3d_disp.cpp:1166 real_choose_bitmap_format        [   0.06491] Fake format
d3d      D         d3d_disp.cpp:1166 real_choose_bitmap_format        [   0.06492] Fake format
d3d      D         d3d_disp.cpp:1166 real_choose_bitmap_format        [   0.06493] Fake format
d3d      D         d3d_disp.cpp:1166 real_choose_bitmap_format        [   0.06494] Fake format
d3d      D         d3d_disp.cpp:1174 real_choose_bitmap_format        [   0.06495] Alpha doesn't match
d3d      D         d3d_disp.cpp:1181 real_choose_bitmap_format        [   0.06496] Adapter format is 23
d3d      D         d3d_disp.cpp:1184 real_choose_bitmap_format        [   0.06498] Found a format
d3d      I         d3d_disp.cpp:2283 _al_d3d_create_bitmap            [   0.06499] Chose bitmap format 9
dtor     D               dtor.c:184  _al_register_destructor          [   0.06620] added dtor for object 0762E830, func 55192590
d3d      D          d3d_bmp.cpp:467  _al_d3d_sync_bitmap              [   0.07189] _al_d3d_sync_bitmap (system) ref count == 1
d3d      D          d3d_bmp.cpp:473  _al_d3d_sync_bitmap              [   0.07209] _al_d3d_sync_bitmap (video) ref count == 1
d3d      D         d3d_disp.cpp:1166 real_choose_bitmap_format        [   0.15159] Fake format
d3d      D         d3d_disp.cpp:1166 real_choose_bitmap_format        [   0.15161] Fake format
d3d      D         d3d_disp.cpp:1166 real_choose_bitmap_format        [   0.15162] Fake format
d3d      D         d3d_disp.cpp:1166 real_choose_bitmap_format        [   0.15163] Fake format
d3d      D         d3d_disp.cpp:1166 real_choose_bitmap_format        [   0.15164] Fake format
d3d      D         d3d_disp.cpp:1166 real_choose_bitmap_format        [   0.15165] Fake format
d3d      D         d3d_disp.cpp:1166 real_choose_bitmap_format        [   0.15167] Fake format
d3d      D         d3d_disp.cpp:1166 real_choose_bitmap_format        [   0.15168] Fake format
d3d      D         d3d_disp.cpp:1166 real_choose_bitmap_format        [   0.15169] Fake format
d3d      D         d3d_disp.cpp:1174 real_choose_bitmap_format        [   0.15170] Alpha doesn't match
d3d      D         d3d_disp.cpp:1181 real_choose_bitmap_format        [   0.15171] Adapter format is 23
d3d      D         d3d_disp.cpp:1184 real_choose_bitmap_format        [   0.15172] Found a format
d3d      I         d3d_disp.cpp:2283 _al_d3d_create_bitmap            [   0.15173] Chose bitmap format 9
dtor     D               dtor.c:184  _al_register_destructor          [   0.15205] added dtor for object 07645D38, func 55192590
d3d      D          d3d_bmp.cpp:467  _al_d3d_sync_bitmap              [   0.15565] _al_d3d_sync_bitmap (system) ref count == 1
d3d      D          d3d_bmp.cpp:473  _al_d3d_sync_bitmap              [   0.15569] _al_d3d_sync_bitmap (video) ref count == 1
d3d      D         d3d_disp.cpp:1166 real_choose_bitmap_format        [   0.15723] Fake format
d3d      D         d3d_disp.cpp:1166 real_choose_bitmap_format        [   0.15724] Fake format
d3d      D         d3d_disp.cpp:1166 real_choose_bitmap_format        [   0.15725] Fake format
d3d      D         d3d_disp.cpp:1166 real_choose_bitmap_format        [   0.15726] Fake format
d3d      D         d3d_disp.cpp:1166 real_choose_bitmap_format        [   0.15726] Fake format
d3d      D         d3d_disp.cpp:1166 real_choose_bitmap_format        [   0.15727] Fake format
d3d      D         d3d_disp.cpp:1166 real_choose_bitmap_format        [   0.15728] Fake format
d3d      D         d3d_disp.cpp:1166 real_choose_bitmap_format        [   0.15728] Fake format
d3d      D         d3d_disp.cpp:1166 real_choose_bitmap_format        [   0.15729] Fake format
d3d      D         d3d_disp.cpp:1174 real_choose_bitmap_format        [   0.15729] Alpha doesn't match
d3d      D         d3d_disp.cpp:1181 real_choose_bitmap_format        [   0.15730] Adapter format is 23
d3d      D         d3d_disp.cpp:1184 real_choose_bitmap_format        [   0.15731] Found a format
d3d      I         d3d_disp.cpp:2283 _al_d3d_create_bitmap            [   0.15732] Chose bitmap format 9
dtor     D               dtor.c:184  _al_register_destructor          [   0.15739] added dtor for object 07657808, func 55192590
d3d      D          d3d_bmp.cpp:467  _al_d3d_sync_bitmap              [   0.15744] _al_d3d_sync_bitmap (system) ref count == 1
d3d      D          d3d_bmp.cpp:473  _al_d3d_sync_bitmap              [   0.15745] _al_d3d_sync_bitmap (video) ref count == 1
d3d      D         d3d_disp.cpp:1166 real_choose_bitmap_format        [   0.15930] Fake format
d3d      D         d3d_disp.cpp:1166 real_choose_bitmap_format        [   0.15933] Fake format
d3d      D         d3d_disp.cpp:1166 real_choose_bitmap_format        [   0.15934] Fake format
d3d      D         d3d_disp.cpp:1166 real_choose_bitmap_format        [   0.15935] Fake format
d3d      D         d3d_disp.cpp:1166 real_choose_bitmap_format        [   0.15936] Fake format
d3d      D         d3d_disp.cpp:1166 real_choose_bitmap_format        [   0.15937] Fake format
d3d      D         d3d_disp.cpp:1166 real_choose_bitmap_format        [   0.15938] Fake format
d3d      D         d3d_disp.cpp:1166 real_choose_bitmap_format        [   0.15939] Fake format
d3d      D         d3d_disp.cpp:1166 real_choose_bitmap_format        [   0.15939] Fake format
d3d      D         d3d_disp.cpp:1174 real_choose_bitmap_format        [   0.15940] Alpha doesn't match
d3d      D         d3d_disp.cpp:1181 real_choose_bitmap_format        [   0.15941] Adapter format is 23
d3d      D         d3d_disp.cpp:1184 real_choose_bitmap_format        [   0.15943] Found a format
d3d      I         d3d_disp.cpp:2283 _al_d3d_create_bitmap            [   0.15943] Chose bitmap format 9
font     D                ttf.c:217  alloc_glyph_region               [   0.15978] Glyph 19: 11x15 (12x16)
d3d      D          d3d_bmp.cpp:467  _al_d3d_sync_bitmap              [   0.16056] _al_d3d_sync_bitmap (system) ref count == 1
d3d      D          d3d_bmp.cpp:473  _al_d3d_sync_bitmap              [   0.16058] _al_d3d_sync_bitmap (video) ref count == 2
font     D                ttf.c:217  alloc_glyph_region               [   0.16176] Glyph 29: 5x11 (8x12)
d3d      D          d3d_bmp.cpp:467  _al_d3d_sync_bitmap              [   0.16273] _al_d3d_sync_bitmap (system) ref count == 1
d3d      D          d3d_bmp.cpp:473  _al_d3d_sync_bitmap              [   0.16283] _al_d3d_sync_bitmap (video) ref count == 1
d3d      D          d3d_bmp.cpp:467  _al_d3d_sync_bitmap              [   0.16584] _al_d3d_sync_bitmap (system) ref count == 1
d3d      D          d3d_bmp.cpp:473  _al_d3d_sync_bitmap              [   0.16588] _al_d3d_sync_bitmap (video) ref count == 1
d3d      D          d3d_bmp.cpp:467  _al_d3d_sync_bitmap              [   0.16603] _al_d3d_sync_bitmap (system) ref count == 1
d3d      D          d3d_bmp.cpp:473  _al_d3d_sync_bitmap              [   0.16604] _al_d3d_sync_bitmap (video) ref count == 1
d3d      D          d3d_bmp.cpp:467  _al_d3d_sync_bitmap              [   0.16612] _al_d3d_sync_bitmap (system) ref count == 1
d3d      D          d3d_bmp.cpp:473  _al_d3d_sync_bitmap              [   0.16613] _al_d3d_sync_bitmap (video) ref count == 2
font     D                ttf.c:217  alloc_glyph_region               [   0.22812] Glyph 23: 10x15 (12x16)
d3d      D          d3d_bmp.cpp:467  _al_d3d_sync_bitmap              [   0.22816] _al_d3d_sync_bitmap (system) ref count == 1
d3d      D          d3d_bmp.cpp:473  _al_d3d_sync_bitmap              [   0.22818] _al_d3d_sync_bitmap (video) ref count == 2
font     D                ttf.c:217  alloc_glyph_region               [   0.22954] Glyph 22: 10x15 (12x16)
font     D                ttf.c:217  alloc_glyph_region               [   0.22961] Glyph 25: 12x15 (12x16)
font     D                ttf.c:217  alloc_glyph_region               [   0.22965] Glyph 24: 10x15 (12x16)
font     D                ttf.c:217  alloc_glyph_region               [   0.22969] Glyph 26: 10x15 (12x16)
d3d      D          d3d_bmp.cpp:467  _al_d3d_sync_bitmap              [   0.23006] _al_d3d_sync_bitmap (system) ref count == 1
d3d      D          d3d_bmp.cpp:473  _al_d3d_sync_bitmap              [   0.23010] _al_d3d_sync_bitmap (video) ref count == 2
font     D                ttf.c:217  alloc_glyph_region               [   0.26345] Glyph 27: 9x15 (12x16)
d3d      D          d3d_bmp.cpp:467  _al_d3d_sync_bitmap              [   0.26348] _al_d3d_sync_bitmap (system) ref count == 1
d3d      D          d3d_bmp.cpp:473  _al_d3d_sync_bitmap              [   0.26349] _al_d3d_sync_bitmap (video) ref count == 2
font     D                ttf.c:217  alloc_glyph_region               [   0.26475] Glyph 20: 10x16 (12x16)
d3d      D          d3d_bmp.cpp:467  _al_d3d_sync_bitmap              [   0.26526] _al_d3d_sync_bitmap (system) ref count == 1
d3d      D          d3d_bmp.cpp:473  _al_d3d_sync_bitmap              [   0.26532] _al_d3d_sync_bitmap (video) ref count == 2
font     D                ttf.c:217  alloc_glyph_region               [   0.72023] Glyph 28: 11x15 (12x16)
d3d      D          d3d_bmp.cpp:467  _al_d3d_sync_bitmap              [   0.72026] _al_d3d_sync_bitmap (system) ref count == 1
d3d      D          d3d_bmp.cpp:473  _al_d3d_sync_bitmap              [   0.72027] _al_d3d_sync_bitmap (video) ref count == 2
d3d      D          d3d_bmp.cpp:467  _al_d3d_sync_bitmap              [   0.72181] _al_d3d_sync_bitmap (system) ref count == 1
d3d      D          d3d_bmp.cpp:473  _al_d3d_sync_bitmap              [   0.72196] _al_d3d_sync_bitmap (video) ref count == 2
font     D                ttf.c:217  alloc_glyph_region               [   0.93118] Glyph 21: 10x15 (12x16)
d3d      D          d3d_bmp.cpp:467  _al_d3d_sync_bitmap              [   0.93121] _al_d3d_sync_bitmap (system) ref count == 1
d3d      D          d3d_bmp.cpp:473  _al_d3d_sync_bitmap              [   0.93122] _al_d3d_sync_bitmap (video) ref count == 2
d3d      D          d3d_bmp.cpp:467  _al_d3d_sync_bitmap              [   0.93332] _al_d3d_sync_bitmap (system) ref count == 1
d3d      D          d3d_bmp.cpp:473  _al_d3d_sync_bitmap              [   0.93341] _al_d3d_sync_bitmap (video) ref count == 2
d3d      I         d3d_disp.cpp:921  d3d_destroy_display              [   8.03130] destroying display 01409C88 (current 00000000)
bitmap   D             bitmap.c:548  _al_convert_to_memory_bitmap     [   8.03135] converting display bitmap 076A6C58 to memory bitmap
d3d      D          d3d_bmp.cpp:467  _al_d3d_sync_bitmap              [   8.03149] _al_d3d_sync_bitmap (system) ref count == 1
d3d      D          d3d_bmp.cpp:473  _al_d3d_sync_bitmap              [   8.03152] _al_d3d_sync_bitmap (video) ref count == 2
d3d      W          d3d_bmp.cpp:743  d3d_destroy_bitmap               [   8.03279] d3d_destroy_bitmap: Release video texture failed.
bitmap   D             bitmap.c:548  _al_convert_to_memory_bitmap     [   8.03297] converting display bitmap 07657808 to memory bitmap
d3d      D          d3d_bmp.cpp:467  _al_d3d_sync_bitmap              [   8.03301] _al_d3d_sync_bitmap (system) ref count == 1
d3d      D          d3d_bmp.cpp:473  _al_d3d_sync_bitmap              [   8.03303] _al_d3d_sync_bitmap (video) ref count == 1
bitmap   D             bitmap.c:548  _al_convert_to_memory_bitmap     [   8.03324] converting display bitmap 07645D38 to memory bitmap
d3d      D          d3d_bmp.cpp:467  _al_d3d_sync_bitmap              [   8.03327] _al_d3d_sync_bitmap (system) ref count == 1
d3d      D          d3d_bmp.cpp:473  _al_d3d_sync_bitmap              [   8.03328] _al_d3d_sync_bitmap (video) ref count == 1
bitmap   D             bitmap.c:548  _al_convert_to_memory_bitmap     [   8.03350] converting display bitmap 0762E830 to memory bitmap
d3d      D          d3d_bmp.cpp:467  _al_d3d_sync_bitmap              [   8.03435] _al_d3d_sync_bitmap (system) ref count == 1
d3d      D          d3d_bmp.cpp:473  _al_d3d_sync_bitmap              [   8.03438] _al_d3d_sync_bitmap (video) ref count == 1
d3d      D         d3d_disp.cpp:905  d3d_destroy_display_internals    [   8.03869] waiting for display 01409C88's thread to end
d3d      W         d3d_disp.cpp:617  d3d_destroy_device               [   8.04656] d3d_destroy_device: ref count not 0
d3d      I         d3d_disp.cpp:1527 d3d_display_thread_proc          [   8.05386] d3d display thread exits
dtor     D               dtor.c:214  _al_unregister_destructor        [   8.05414] removed dtor for object 0762E830
dtor     D               dtor.c:214  _al_unregister_destructor        [   8.05550] removed dtor for object 07645D38
dtor     D               dtor.c:214  _al_unregister_destructor        [   8.05556] removed dtor for object 07657808
dtor     D               dtor.c:214  _al_unregister_destructor        [   8.05577] removed dtor for object 075F0CF8
dtor     D               dtor.c:214  _al_unregister_destructor        [   8.05581] removed dtor for object 0139C788
dtor     D               dtor.c:214  _al_unregister_destructor        [   8.05597] removed dtor for object 07607FF0
dtor     D               dtor.c:214  _al_unregister_destructor        [   8.05598] removed dtor for object 075FFC78
audio-dsound D           dsound.cpp:526  _dsound_stop_voice               [   8.05599] Stopping voice
audio-dsound D           dsound.cpp:542  _dsound_stop_voice               [   8.05600] Joining thread
audio-dsound D           dsound.cpp:548  _dsound_stop_voice               [   8.05967] Joined thread
audio-dsound D           dsound.cpp:550  _dsound_stop_voice               [   8.05971] Destroying thread
audio-dsound D           dsound.cpp:552  _dsound_stop_voice               [   8.05971] Thread destroyed
audio-dsound D           dsound.cpp:555  _dsound_stop_voice               [   8.05972] Releasing buffer
audio-dsound I           dsound.cpp:559  _dsound_stop_voice               [   8.05973] Voice stopped
dtor     D               dtor.c:214  _al_unregister_destructor        [   8.05975] removed dtor for object 075FE5C8
audio-dsound D           dsound.cpp:375  _dsound_deallocate_voice         [   8.05975] Deallocating voice
audio-dsound D           dsound.cpp:380  _dsound_deallocate_voice         [   8.05977] Deallocated voice
audio-dsound D           dsound.cpp:289  _dsound_close                    [   8.05978] Releasing device
audio-dsound D           dsound.cpp:291  _dsound_close                    [   8.07144] Released device
audio-dsound I           dsound.cpp:294  _dsound_close                    [   8.07147] DirectSound closed
font     E                ttf.c:885  al_shutdown_ttf_addon            [   8.07156] TTF addon not initialised.
