system   D            wsystem.c:583  maybe_parent_dir                 [   0.00044] Also searching C:\Users\justi\EGP-410\Assignments\steering and collisions\
system   D            wsystem.c:633  _al_win_safe_load_library        [   0.00066] PathFindOnPath found: C:\WINDOWS\system32\d3d9.dll
system   D            wsystem.c:544  load_library_at_path             [   0.00067] Calling LoadLibrary C:\WINDOWS\system32\d3d9.dll
system   I            wsystem.c:547  load_library_at_path             [   0.00170] Loaded C:\WINDOWS\system32\d3d9.dll
d3d      I         d3d_disp.cpp:696  _al_d3d_init_display             [   0.00754] Render-to-texture: 1
system   I             system.c:252  al_install_system                [   0.00758] Allegro version: 5.0.10
d3d      I         d3d_disp.cpp:1737 d3d_create_display_locked        [   0.00832] faux_fullscreen=0
d3d      D         d3d_disp.cpp:1738 d3d_create_display_locked        [   0.00834] al_display=0108E850
d3d      D         d3d_disp.cpp:1739 d3d_create_display_locked        [   0.00837] al_display->vt=0105BDA8
d3d      I d3d_display_formats.cpp:144  _al_d3d_generate_display_format_list [   0.01067] found 64 format combinations
display  D   display_settings.c:191  debug_display_settings           [   0.01071] color: 32 (rgba 8880), depth: 0, stencil: 0, acc: 0000, samples: 0/0
display  D   display_settings.c:506  _al_score_display_settings       [   0.01073] Score is : 897
display  D   display_settings.c:191  debug_display_settings           [   0.01074] color: 32 (rgba 8880), depth: 0, stencil: 0, acc: 0000, samples: 0/0
display  D   display_settings.c:506  _al_score_display_settings       [   0.01075] Score is : 897
display  D   display_settings.c:191  debug_display_settings           [   0.01078] color: 32 (rgba 8880), depth: 24, stencil: 8, acc: 0000, samples: 0/0
display  D   display_settings.c:506  _al_score_display_settings       [   0.01080] Score is : 897
display  D   display_settings.c:191  debug_display_settings           [   0.01081] color: 32 (rgba 8880), depth: 24, stencil: 8, acc: 0000, samples: 0/0
display  D   display_settings.c:506  _al_score_display_settings       [   0.01082] Score is : 897
display  D   display_settings.c:191  debug_display_settings           [   0.01083] color: 32 (rgba 8880), depth: 24, stencil: 0, acc: 0000, samples: 0/0
display  D   display_settings.c:506  _al_score_display_settings       [   0.01084] Score is : 897
display  D   display_settings.c:191  debug_display_settings           [   0.01085] color: 32 (rgba 8880), depth: 24, stencil: 0, acc: 0000, samples: 0/0
display  D   display_settings.c:506  _al_score_display_settings       [   0.01087] Score is : 897
display  D   display_settings.c:191  debug_display_settings           [   0.01088] color: 32 (rgba 8880), depth: 16, stencil: 0, acc: 0000, samples: 0/0
display  D   display_settings.c:506  _al_score_display_settings       [   0.01089] Score is : 897
display  D   display_settings.c:191  debug_display_settings           [   0.01090] color: 32 (rgba 8880), depth: 16, stencil: 0, acc: 0000, samples: 0/0
display  D   display_settings.c:506  _al_score_display_settings       [   0.01092] Score is : 897
display  D   display_settings.c:191  debug_display_settings           [   0.01093] color: 16 (rgba 5650), depth: 0, stencil: 0, acc: 0000, samples: 0/0
display  D   display_settings.c:506  _al_score_display_settings       [   0.01094] Score is : 897
display  D   display_settings.c:191  debug_display_settings           [   0.01095] color: 16 (rgba 5650), depth: 0, stencil: 0, acc: 0000, samples: 0/0
display  D   display_settings.c:506  _al_score_display_settings       [   0.01096] Score is : 897
display  D   display_settings.c:191  debug_display_settings           [   0.01097] color: 16 (rgba 5650), depth: 24, stencil: 8, acc: 0000, samples: 0/0
display  D   display_settings.c:506  _al_score_display_settings       [   0.01099] Score is : 897
display  D   display_settings.c:191  debug_display_settings           [   0.01100] color: 16 (rgba 5650), depth: 24, stencil: 8, acc: 0000, samples: 0/0
display  D   display_settings.c:506  _al_score_display_settings       [   0.01107] Score is : 897
display  D   display_settings.c:191  debug_display_settings           [   0.01108] color: 16 (rgba 5650), depth: 24, stencil: 0, acc: 0000, samples: 0/0
display  D   display_settings.c:506  _al_score_display_settings       [   0.01110] Score is : 897
display  D   display_settings.c:191  debug_display_settings           [   0.01111] color: 16 (rgba 5650), depth: 24, stencil: 0, acc: 0000, samples: 0/0
display  D   display_settings.c:506  _al_score_display_settings       [   0.01112] Score is : 897
display  D   display_settings.c:191  debug_display_settings           [   0.01113] color: 16 (rgba 5650), depth: 16, stencil: 0, acc: 0000, samples: 0/0
display  D   display_settings.c:506  _al_score_display_settings       [   0.01115] Score is : 897
display  D   display_settings.c:191  debug_display_settings           [   0.01116] color: 16 (rgba 5650), depth: 16, stencil: 0, acc: 0000, samples: 0/0
display  D   display_settings.c:506  _al_score_display_settings       [   0.01117] Score is : 897
display  D   display_settings.c:191  debug_display_settings           [   0.01118] color: 32 (rgba 8880), depth: 0, stencil: 0, acc: 0000, samples: 0/0
display  D   display_settings.c:377  _al_score_display_settings       [   0.01120] Single Buffer requirement not met.
display  D   display_settings.c:191  debug_display_settings           [   0.01121] color: 32 (rgba 8880), depth: 0, stencil: 0, acc: 0000, samples: 0/0
display  D   display_settings.c:377  _al_score_display_settings       [   0.01122] Single Buffer requirement not met.
display  D   display_settings.c:191  debug_display_settings           [   0.01123] color: 32 (rgba 8880), depth: 24, stencil: 8, acc: 0000, samples: 0/0
display  D   display_settings.c:377  _al_score_display_settings       [   0.01124] Single Buffer requirement not met.
display  D   display_settings.c:191  debug_display_settings           [   0.01125] color: 32 (rgba 8880), depth: 24, stencil: 8, acc: 0000, samples: 0/0
display  D   display_settings.c:377  _al_score_display_settings       [   0.01127] Single Buffer requirement not met.
display  D   display_settings.c:191  debug_display_settings           [   0.01128] color: 32 (rgba 8880), depth: 24, stencil: 0, acc: 0000, samples: 0/0
display  D   display_settings.c:377  _al_score_display_settings       [   0.01129] Single Buffer requirement not met.
display  D   display_settings.c:191  debug_display_settings           [   0.01130] color: 32 (rgba 8880), depth: 24, stencil: 0, acc: 0000, samples: 0/0
display  D   display_settings.c:377  _al_score_display_settings       [   0.01131] Single Buffer requirement not met.
display  D   display_settings.c:191  debug_display_settings           [   0.01132] color: 32 (rgba 8880), depth: 16, stencil: 0, acc: 0000, samples: 0/0
display  D   display_settings.c:377  _al_score_display_settings       [   0.01133] Single Buffer requirement not met.
display  D   display_settings.c:191  debug_display_settings           [   0.01135] color: 32 (rgba 8880), depth: 16, stencil: 0, acc: 0000, samples: 0/0
display  D   display_settings.c:377  _al_score_display_settings       [   0.01136] Single Buffer requirement not met.
display  D   display_settings.c:191  debug_display_settings           [   0.01137] color: 16 (rgba 5650), depth: 0, stencil: 0, acc: 0000, samples: 0/0
display  D   display_settings.c:377  _al_score_display_settings       [   0.01139] Single Buffer requirement not met.
display  D   display_settings.c:191  debug_display_settings           [   0.01140] color: 16 (rgba 5650), depth: 0, stencil: 0, acc: 0000, samples: 0/0
display  D   display_settings.c:377  _al_score_display_settings       [   0.01141] Single Buffer requirement not met.
display  D   display_settings.c:191  debug_display_settings           [   0.01142] color: 16 (rgba 5650), depth: 24, stencil: 8, acc: 0000, samples: 0/0
display  D   display_settings.c:377  _al_score_display_settings       [   0.01143] Single Buffer requirement not met.
display  D   display_settings.c:191  debug_display_settings           [   0.01148] color: 16 (rgba 5650), depth: 24, stencil: 8, acc: 0000, samples: 0/0
display  D   display_settings.c:377  _al_score_display_settings       [   0.01151] Single Buffer requirement not met.
display  D   display_settings.c:191  debug_display_settings           [   0.01152] color: 16 (rgba 5650), depth: 24, stencil: 0, acc: 0000, samples: 0/0
display  D   display_settings.c:377  _al_score_display_settings       [   0.01154] Single Buffer requirement not met.
display  D   display_settings.c:191  debug_display_settings           [   0.01155] color: 16 (rgba 5650), depth: 24, stencil: 0, acc: 0000, samples: 0/0
display  D   display_settings.c:377  _al_score_display_settings       [   0.01156] Single Buffer requirement not met.
display  D   display_settings.c:191  debug_display_settings           [   0.01157] color: 16 (rgba 5650), depth: 16, stencil: 0, acc: 0000, samples: 0/0
display  D   display_settings.c:377  _al_score_display_settings       [   0.01159] Single Buffer requirement not met.
display  D   display_settings.c:191  debug_display_settings           [   0.01160] color: 16 (rgba 5650), depth: 16, stencil: 0, acc: 0000, samples: 0/0
display  D   display_settings.c:377  _al_score_display_settings       [   0.01161] Single Buffer requirement not met.
display  D   display_settings.c:191  debug_display_settings           [   0.01162] color: 32 (rgba 8880), depth: 0, stencil: 0, acc: 0000, samples: 0/0
display  D   display_settings.c:506  _al_score_display_settings       [   0.01164] Score is : 769
display  D   display_settings.c:191  debug_display_settings           [   0.01165] color: 32 (rgba 8880), depth: 0, stencil: 0, acc: 0000, samples: 0/0
display  D   display_settings.c:506  _al_score_display_settings       [   0.01166] Score is : 769
display  D   display_settings.c:191  debug_display_settings           [   0.01167] color: 32 (rgba 8880), depth: 24, stencil: 8, acc: 0000, samples: 0/0
display  D   display_settings.c:506  _al_score_display_settings       [   0.01169] Score is : 769
display  D   display_settings.c:191  debug_display_settings           [   0.01170] color: 32 (rgba 8880), depth: 24, stencil: 8, acc: 0000, samples: 0/0
display  D   display_settings.c:506  _al_score_display_settings       [   0.01171] Score is : 769
display  D   display_settings.c:191  debug_display_settings           [   0.01172] color: 32 (rgba 8880), depth: 24, stencil: 0, acc: 0000, samples: 0/0
display  D   display_settings.c:506  _al_score_display_settings       [   0.01173] Score is : 769
display  D   display_settings.c:191  debug_display_settings           [   0.01174] color: 32 (rgba 8880), depth: 24, stencil: 0, acc: 0000, samples: 0/0
display  D   display_settings.c:506  _al_score_display_settings       [   0.01176] Score is : 769
display  D   display_settings.c:191  debug_display_settings           [   0.01177] color: 32 (rgba 8880), depth: 16, stencil: 0, acc: 0000, samples: 0/0
display  D   display_settings.c:506  _al_score_display_settings       [   0.01178] Score is : 769
display  D   display_settings.c:191  debug_display_settings           [   0.01179] color: 32 (rgba 8880), depth: 16, stencil: 0, acc: 0000, samples: 0/0
display  D   display_settings.c:506  _al_score_display_settings       [   0.01180] Score is : 769
display  D   display_settings.c:191  debug_display_settings           [   0.01181] color: 16 (rgba 5650), depth: 0, stencil: 0, acc: 0000, samples: 0/0
display  D   display_settings.c:506  _al_score_display_settings       [   0.01182] Score is : 769
display  D   display_settings.c:191  debug_display_settings           [   0.01183] color: 16 (rgba 5650), depth: 0, stencil: 0, acc: 0000, samples: 0/0
display  D   display_settings.c:506  _al_score_display_settings       [   0.01185] Score is : 769
display  D   display_settings.c:191  debug_display_settings           [   0.01186] color: 16 (rgba 5650), depth: 24, stencil: 8, acc: 0000, samples: 0/0
display  D   display_settings.c:506  _al_score_display_settings       [   0.01187] Score is : 769
display  D   display_settings.c:191  debug_display_settings           [   0.01189] color: 16 (rgba 5650), depth: 24, stencil: 8, acc: 0000, samples: 0/0
display  D   display_settings.c:506  _al_score_display_settings       [   0.01191] Score is : 769
display  D   display_settings.c:191  debug_display_settings           [   0.01192] color: 16 (rgba 5650), depth: 24, stencil: 0, acc: 0000, samples: 0/0
display  D   display_settings.c:506  _al_score_display_settings       [   0.01193] Score is : 769
display  D   display_settings.c:191  debug_display_settings           [   0.01194] color: 16 (rgba 5650), depth: 24, stencil: 0, acc: 0000, samples: 0/0
display  D   display_settings.c:506  _al_score_display_settings       [   0.01196] Score is : 769
display  D   display_settings.c:191  debug_display_settings           [   0.01197] color: 16 (rgba 5650), depth: 16, stencil: 0, acc: 0000, samples: 0/0
display  D   display_settings.c:506  _al_score_display_settings       [   0.01198] Score is : 769
display  D   display_settings.c:191  debug_display_settings           [   0.01199] color: 16 (rgba 5650), depth: 16, stencil: 0, acc: 0000, samples: 0/0
display  D   display_settings.c:506  _al_score_display_settings       [   0.01200] Score is : 769
display  D   display_settings.c:191  debug_display_settings           [   0.01201] color: 32 (rgba 8880), depth: 0, stencil: 0, acc: 0000, samples: 0/0
display  D   display_settings.c:377  _al_score_display_settings       [   0.01202] Single Buffer requirement not met.
display  D   display_settings.c:191  debug_display_settings           [   0.01204] color: 32 (rgba 8880), depth: 0, stencil: 0, acc: 0000, samples: 0/0
display  D   display_settings.c:377  _al_score_display_settings       [   0.01205] Single Buffer requirement not met.
display  D   display_settings.c:191  debug_display_settings           [   0.01206] color: 32 (rgba 8880), depth: 24, stencil: 8, acc: 0000, samples: 0/0
display  D   display_settings.c:377  _al_score_display_settings       [   0.01207] Single Buffer requirement not met.
display  D   display_settings.c:191  debug_display_settings           [   0.01208] color: 32 (rgba 8880), depth: 24, stencil: 8, acc: 0000, samples: 0/0
display  D   display_settings.c:377  _al_score_display_settings       [   0.01210] Single Buffer requirement not met.
display  D   display_settings.c:191  debug_display_settings           [   0.01211] color: 32 (rgba 8880), depth: 24, stencil: 0, acc: 0000, samples: 0/0
display  D   display_settings.c:377  _al_score_display_settings       [   0.01212] Single Buffer requirement not met.
display  D   display_settings.c:191  debug_display_settings           [   0.01213] color: 32 (rgba 8880), depth: 24, stencil: 0, acc: 0000, samples: 0/0
display  D   display_settings.c:377  _al_score_display_settings       [   0.01215] Single Buffer requirement not met.
display  D   display_settings.c:191  debug_display_settings           [   0.01216] color: 32 (rgba 8880), depth: 16, stencil: 0, acc: 0000, samples: 0/0
display  D   display_settings.c:377  _al_score_display_settings       [   0.01217] Single Buffer requirement not met.
display  D   display_settings.c:191  debug_display_settings           [   0.01218] color: 32 (rgba 8880), depth: 16, stencil: 0, acc: 0000, samples: 0/0
display  D   display_settings.c:377  _al_score_display_settings       [   0.01220] Single Buffer requirement not met.
display  D   display_settings.c:191  debug_display_settings           [   0.01221] color: 16 (rgba 5650), depth: 0, stencil: 0, acc: 0000, samples: 0/0
display  D   display_settings.c:377  _al_score_display_settings       [   0.01222] Single Buffer requirement not met.
display  D   display_settings.c:191  debug_display_settings           [   0.01223] color: 16 (rgba 5650), depth: 0, stencil: 0, acc: 0000, samples: 0/0
display  D   display_settings.c:377  _al_score_display_settings       [   0.01225] Single Buffer requirement not met.
display  D   display_settings.c:191  debug_display_settings           [   0.01226] color: 16 (rgba 5650), depth: 24, stencil: 8, acc: 0000, samples: 0/0
display  D   display_settings.c:377  _al_score_display_settings       [   0.01228] Single Buffer requirement not met.
display  D   display_settings.c:191  debug_display_settings           [   0.01229] color: 16 (rgba 5650), depth: 24, stencil: 8, acc: 0000, samples: 0/0
display  D   display_settings.c:377  _al_score_display_settings       [   0.01231] Single Buffer requirement not met.
display  D   display_settings.c:191  debug_display_settings           [   0.01232] color: 16 (rgba 5650), depth: 24, stencil: 0, acc: 0000, samples: 0/0
display  D   display_settings.c:377  _al_score_display_settings       [   0.01234] Single Buffer requirement not met.
display  D   display_settings.c:191  debug_display_settings           [   0.01235] color: 16 (rgba 5650), depth: 24, stencil: 0, acc: 0000, samples: 0/0
display  D   display_settings.c:377  _al_score_display_settings       [   0.01236] Single Buffer requirement not met.
display  D   display_settings.c:191  debug_display_settings           [   0.01237] color: 16 (rgba 5650), depth: 16, stencil: 0, acc: 0000, samples: 0/0
display  D   display_settings.c:377  _al_score_display_settings       [   0.01238] Single Buffer requirement not met.
display  D   display_settings.c:191  debug_display_settings           [   0.01239] color: 16 (rgba 5650), depth: 16, stencil: 0, acc: 0000, samples: 0/0
display  D   display_settings.c:377  _al_score_display_settings       [   0.01241] Single Buffer requirement not met.
d3d      D         d3d_disp.cpp:1645 d3d_create_display_internals     [   0.01243] Trying format 0.
d3d      I         d3d_disp.cpp:1326 d3d_display_thread_proc          [   0.01265] Chose a display format: 23
d3d      I         d3d_disp.cpp:1395 d3d_display_thread_proc          [   0.01269] Normal window.
d3d      I         d3d_disp.cpp:801  d3d_create_device                [   0.02297] Using no depth stencil buffer
d3d      D         d3d_disp.cpp:866  d3d_create_device                [   0.03241] BeginScene succeeded in create_device
d3d      D         d3d_disp.cpp:874  d3d_create_device                [   0.03246] Success
d3d      D         d3d_disp.cpp:1668 d3d_create_display_internals     [   0.03248] Resumed after wait.
d3d      I         d3d_disp.cpp:1701 d3d_create_display_internals     [   0.03250] Format 0 succeeded.
d3d      D         d3d_disp.cpp:1724 d3d_create_display_internals     [   0.03252] Returning d3d_display: 0108E850
d3d      D         d3d_disp.cpp:1749 d3d_create_display_locked        [   0.03254] al_display=0108E850
d3d      D         d3d_disp.cpp:1750 d3d_create_display_locked        [   0.03254] al_display->vt=0105BDA8
audio-dsound D           dsound.cpp:244  _dsound_open                     [   0.03516] Loading DirectSound module
system   D            wsystem.c:583  maybe_parent_dir                 [   0.03529] Also searching C:\Users\justi\EGP-410\Assignments\steering and collisions\
system   D            wsystem.c:633  _al_win_safe_load_library        [   0.03546] PathFindOnPath found: C:\WINDOWS\system32\dsound.dll
system   D            wsystem.c:544  load_library_at_path             [   0.03548] Calling LoadLibrary C:\WINDOWS\system32\dsound.dll
system   I            wsystem.c:547  load_library_at_path             [   0.03590] Loaded C:\WINDOWS\system32\dsound.dll
audio-dsound I           dsound.cpp:261  _dsound_open                     [   0.03594] Starting DirectSound...
audio-dsound D           dsound.cpp:271  _dsound_open                     [   0.05231] DirectSoundCreate8 succeeded
audio    I              audio.c:288  do_install_audio                 [   0.05439] Using DirectSound driver
audio-dsound D           dsound.cpp:306  _dsound_allocate_voice           [   0.05445] Allocating voice
audio-dsound D           dsound.cpp:365  _dsound_allocate_voice           [   0.05446] Allocated voice
dtor     D               dtor.c:184  _al_register_destructor          [   0.05448] added dtor for object 074765F0, func 0F10250E
dtor     D               dtor.c:184  _al_register_destructor          [   0.05450] added dtor for object 07477E90, func 0F102919
audio-dsound D           dsound.cpp:462  _dsound_start_voice              [   0.05452] Starting voice
audio-dsound D           dsound.cpp:491  _dsound_start_voice              [   0.05453] CreateSoundBuffer
audio-dsound D           dsound.cpp:500  _dsound_start_voice              [   0.05687] CreateSoundBuffer succeeded
audio-dsound D           dsound.cpp:506  _dsound_start_voice              [   0.05702] Starting _dsound_update thread
audio-dsound I           dsound.cpp:516  _dsound_start_voice              [   0.05735] Voice started
dtor     D               dtor.c:184  _al_register_destructor          [   0.05749] added dtor for object 0746F2B0, func 0F1023EC
audio    D          kcm_mixer.c:121  _al_rechannel_matrix             [   0.05755] sample matrix:
audio    D          kcm_mixer.c:127  _al_rechannel_matrix             [   0.05757] 
audio    D          kcm_mixer.c:127  _al_rechannel_matrix             [   0.05758] 
font     D                ttf.c:792  al_load_ttf_font_stretch_f       [   0.05895] Font cour.ttf loaded with pixel size 0 x 20.
font     D                ttf.c:794  al_load_ttf_font_stretch_f       [   0.05897]     ascent=17.0, descent=-6.0, height=23.0
dtor     D               dtor.c:184  _al_register_destructor          [   0.05905] added dtor for object 0105B570, func 0F101B36
wav      I                wav.c:107  wav_open                         [   0.05920] Ignoring chunk: fact
dtor     D               dtor.c:184  _al_register_destructor          [   0.05924] added dtor for object 07463FC0, func 0F102379
d3d      D         d3d_disp.cpp:1166 real_choose_bitmap_format        [   0.06037] Fake format
d3d      D         d3d_disp.cpp:1166 real_choose_bitmap_format        [   0.06039] Fake format
d3d      D         d3d_disp.cpp:1166 real_choose_bitmap_format        [   0.06040] Fake format
d3d      D         d3d_disp.cpp:1166 real_choose_bitmap_format        [   0.06041] Fake format
d3d      D         d3d_disp.cpp:1166 real_choose_bitmap_format        [   0.06042] Fake format
d3d      D         d3d_disp.cpp:1166 real_choose_bitmap_format        [   0.06043] Fake format
d3d      D         d3d_disp.cpp:1166 real_choose_bitmap_format        [   0.06044] Fake format
d3d      D         d3d_disp.cpp:1166 real_choose_bitmap_format        [   0.06045] Fake format
d3d      D         d3d_disp.cpp:1166 real_choose_bitmap_format        [   0.06046] Fake format
d3d      D         d3d_disp.cpp:1174 real_choose_bitmap_format        [   0.06047] Alpha doesn't match
d3d      D         d3d_disp.cpp:1181 real_choose_bitmap_format        [   0.06048] Adapter format is 23
d3d      D         d3d_disp.cpp:1184 real_choose_bitmap_format        [   0.06049] Found a format
d3d      I         d3d_disp.cpp:2283 _al_d3d_create_bitmap            [   0.06050] Chose bitmap format 9
dtor     D               dtor.c:184  _al_register_destructor          [   0.06165] added dtor for object 074A8640, func 0F102590
d3d      D          d3d_bmp.cpp:467  _al_d3d_sync_bitmap              [   0.06842] _al_d3d_sync_bitmap (system) ref count == 1
d3d      D          d3d_bmp.cpp:473  _al_d3d_sync_bitmap              [   0.06846] _al_d3d_sync_bitmap (video) ref count == 1
d3d      D         d3d_disp.cpp:1166 real_choose_bitmap_format        [   0.08879] Fake format
d3d      D         d3d_disp.cpp:1166 real_choose_bitmap_format        [   0.08881] Fake format
d3d      D         d3d_disp.cpp:1166 real_choose_bitmap_format        [   0.08882] Fake format
d3d      D         d3d_disp.cpp:1166 real_choose_bitmap_format        [   0.08883] Fake format
d3d      D         d3d_disp.cpp:1166 real_choose_bitmap_format        [   0.08884] Fake format
d3d      D         d3d_disp.cpp:1166 real_choose_bitmap_format        [   0.08885] Fake format
d3d      D         d3d_disp.cpp:1166 real_choose_bitmap_format        [   0.08885] Fake format
d3d      D         d3d_disp.cpp:1166 real_choose_bitmap_format        [   0.08886] Fake format
d3d      D         d3d_disp.cpp:1166 real_choose_bitmap_format        [   0.08887] Fake format
d3d      D         d3d_disp.cpp:1174 real_choose_bitmap_format        [   0.08888] Alpha doesn't match
d3d      D         d3d_disp.cpp:1181 real_choose_bitmap_format        [   0.08889] Adapter format is 23
d3d      D         d3d_disp.cpp:1184 real_choose_bitmap_format        [   0.08890] Found a format
d3d      I         d3d_disp.cpp:2283 _al_d3d_create_bitmap            [   0.08890] Chose bitmap format 9
dtor     D               dtor.c:184  _al_register_destructor          [   0.08905] added dtor for object 074A5AA0, func 0F102590
d3d      D          d3d_bmp.cpp:467  _al_d3d_sync_bitmap              [   0.09264] _al_d3d_sync_bitmap (system) ref count == 1
d3d      D          d3d_bmp.cpp:473  _al_d3d_sync_bitmap              [   0.09268] _al_d3d_sync_bitmap (video) ref count == 1
d3d      D         d3d_disp.cpp:1166 real_choose_bitmap_format        [   0.09436] Fake format
d3d      D         d3d_disp.cpp:1166 real_choose_bitmap_format        [   0.09437] Fake format
d3d      D         d3d_disp.cpp:1166 real_choose_bitmap_format        [   0.09438] Fake format
d3d      D         d3d_disp.cpp:1166 real_choose_bitmap_format        [   0.09439] Fake format
d3d      D         d3d_disp.cpp:1166 real_choose_bitmap_format        [   0.09439] Fake format
d3d      D         d3d_disp.cpp:1166 real_choose_bitmap_format        [   0.09440] Fake format
d3d      D         d3d_disp.cpp:1166 real_choose_bitmap_format        [   0.09440] Fake format
d3d      D         d3d_disp.cpp:1166 real_choose_bitmap_format        [   0.09441] Fake format
d3d      D         d3d_disp.cpp:1166 real_choose_bitmap_format        [   0.09442] Fake format
d3d      D         d3d_disp.cpp:1174 real_choose_bitmap_format        [   0.09442] Alpha doesn't match
d3d      D         d3d_disp.cpp:1181 real_choose_bitmap_format        [   0.09443] Adapter format is 23
d3d      D         d3d_disp.cpp:1184 real_choose_bitmap_format        [   0.09444] Found a format
d3d      I         d3d_disp.cpp:2283 _al_d3d_create_bitmap            [   0.09445] Chose bitmap format 9
dtor     D               dtor.c:184  _al_register_destructor          [   0.09455] added dtor for object 074C6C28, func 0F102590
d3d      D          d3d_bmp.cpp:467  _al_d3d_sync_bitmap              [   0.09460] _al_d3d_sync_bitmap (system) ref count == 1
d3d      D          d3d_bmp.cpp:473  _al_d3d_sync_bitmap              [   0.09461] _al_d3d_sync_bitmap (video) ref count == 1
d3d      D         d3d_disp.cpp:1166 real_choose_bitmap_format        [   0.09663] Fake format
d3d      D         d3d_disp.cpp:1166 real_choose_bitmap_format        [   0.09665] Fake format
d3d      D         d3d_disp.cpp:1166 real_choose_bitmap_format        [   0.09667] Fake format
d3d      D         d3d_disp.cpp:1166 real_choose_bitmap_format        [   0.09668] Fake format
d3d      D         d3d_disp.cpp:1166 real_choose_bitmap_format        [   0.09669] Fake format
d3d      D         d3d_disp.cpp:1166 real_choose_bitmap_format        [   0.09670] Fake format
d3d      D         d3d_disp.cpp:1166 real_choose_bitmap_format        [   0.09671] Fake format
d3d      D         d3d_disp.cpp:1166 real_choose_bitmap_format        [   0.09672] Fake format
d3d      D         d3d_disp.cpp:1166 real_choose_bitmap_format        [   0.09673] Fake format
d3d      D         d3d_disp.cpp:1174 real_choose_bitmap_format        [   0.09674] Alpha doesn't match
d3d      D         d3d_disp.cpp:1181 real_choose_bitmap_format        [   0.09675] Adapter format is 23
d3d      D         d3d_disp.cpp:1184 real_choose_bitmap_format        [   0.09676] Found a format
d3d      I         d3d_disp.cpp:2283 _al_d3d_create_bitmap            [   0.09677] Chose bitmap format 9
font     D                ttf.c:217  alloc_glyph_region               [   0.09716] Glyph 19: 11x15 (12x16)
d3d      D          d3d_bmp.cpp:467  _al_d3d_sync_bitmap              [   0.09787] _al_d3d_sync_bitmap (system) ref count == 1
d3d      D          d3d_bmp.cpp:473  _al_d3d_sync_bitmap              [   0.09790] _al_d3d_sync_bitmap (video) ref count == 2
font     D                ttf.c:217  alloc_glyph_region               [   0.09906] Glyph 29: 5x11 (8x12)
d3d      D          d3d_bmp.cpp:467  _al_d3d_sync_bitmap              [   0.10010] _al_d3d_sync_bitmap (system) ref count == 1
d3d      D          d3d_bmp.cpp:473  _al_d3d_sync_bitmap              [   0.10013] _al_d3d_sync_bitmap (video) ref count == 1
d3d      D          d3d_bmp.cpp:467  _al_d3d_sync_bitmap              [   0.10342] _al_d3d_sync_bitmap (system) ref count == 1
d3d      D          d3d_bmp.cpp:473  _al_d3d_sync_bitmap              [   0.10345] _al_d3d_sync_bitmap (video) ref count == 1
d3d      D          d3d_bmp.cpp:467  _al_d3d_sync_bitmap              [   0.10365] _al_d3d_sync_bitmap (system) ref count == 1
d3d      D          d3d_bmp.cpp:473  _al_d3d_sync_bitmap              [   0.10366] _al_d3d_sync_bitmap (video) ref count == 1
d3d      D          d3d_bmp.cpp:467  _al_d3d_sync_bitmap              [   0.10379] _al_d3d_sync_bitmap (system) ref count == 1
d3d      D          d3d_bmp.cpp:473  _al_d3d_sync_bitmap              [   0.10380] _al_d3d_sync_bitmap (video) ref count == 2
font     D                ttf.c:217  alloc_glyph_region               [   1.22831] Glyph 21: 10x15 (12x16)
d3d      D          d3d_bmp.cpp:467  _al_d3d_sync_bitmap              [   1.22834] _al_d3d_sync_bitmap (system) ref count == 1
d3d      D          d3d_bmp.cpp:473  _al_d3d_sync_bitmap              [   1.22835] _al_d3d_sync_bitmap (video) ref count == 2
font     D                ttf.c:217  alloc_glyph_region               [   1.22965] Glyph 25: 12x15 (12x16)
font     D                ttf.c:217  alloc_glyph_region               [   1.22971] Glyph 24: 10x15 (12x16)
d3d      D          d3d_bmp.cpp:467  _al_d3d_sync_bitmap              [   1.23009] _al_d3d_sync_bitmap (system) ref count == 1
d3d      D          d3d_bmp.cpp:473  _al_d3d_sync_bitmap              [   1.23013] _al_d3d_sync_bitmap (video) ref count == 2
font     D                ttf.c:217  alloc_glyph_region               [   1.26236] Glyph 27: 9x15 (12x16)
d3d      D          d3d_bmp.cpp:467  _al_d3d_sync_bitmap              [   1.26240] _al_d3d_sync_bitmap (system) ref count == 1
d3d      D          d3d_bmp.cpp:473  _al_d3d_sync_bitmap              [   1.26241] _al_d3d_sync_bitmap (video) ref count == 2
font     D                ttf.c:217  alloc_glyph_region               [   1.26371] Glyph 26: 10x15 (12x16)
d3d      D          d3d_bmp.cpp:467  _al_d3d_sync_bitmap              [   1.26410] _al_d3d_sync_bitmap (system) ref count == 1
d3d      D          d3d_bmp.cpp:473  _al_d3d_sync_bitmap              [   1.26412] _al_d3d_sync_bitmap (video) ref count == 2
font     D                ttf.c:217  alloc_glyph_region               [   1.29633] Glyph 22: 10x15 (12x16)
d3d      D          d3d_bmp.cpp:467  _al_d3d_sync_bitmap              [   1.29637] _al_d3d_sync_bitmap (system) ref count == 1
d3d      D          d3d_bmp.cpp:473  _al_d3d_sync_bitmap              [   1.29638] _al_d3d_sync_bitmap (video) ref count == 2
d3d      D          d3d_bmp.cpp:467  _al_d3d_sync_bitmap              [   1.29803] _al_d3d_sync_bitmap (system) ref count == 1
d3d      D          d3d_bmp.cpp:473  _al_d3d_sync_bitmap              [   1.29816] _al_d3d_sync_bitmap (video) ref count == 2
font     D                ttf.c:217  alloc_glyph_region               [   1.33030] Glyph 20: 10x16 (12x16)
d3d      D          d3d_bmp.cpp:467  _al_d3d_sync_bitmap              [   1.33034] _al_d3d_sync_bitmap (system) ref count == 1
d3d      D          d3d_bmp.cpp:473  _al_d3d_sync_bitmap              [   1.33036] _al_d3d_sync_bitmap (video) ref count == 2
d3d      D          d3d_bmp.cpp:467  _al_d3d_sync_bitmap              [   1.33369] _al_d3d_sync_bitmap (system) ref count == 1
d3d      D          d3d_bmp.cpp:473  _al_d3d_sync_bitmap              [   1.33373] _al_d3d_sync_bitmap (video) ref count == 2
font     D                ttf.c:217  alloc_glyph_region               [   1.36425] Glyph 23: 10x15 (12x16)
d3d      D          d3d_bmp.cpp:467  _al_d3d_sync_bitmap              [   1.36428] _al_d3d_sync_bitmap (system) ref count == 1
d3d      D          d3d_bmp.cpp:473  _al_d3d_sync_bitmap              [   1.36429] _al_d3d_sync_bitmap (video) ref count == 2
font     D                ttf.c:217  alloc_glyph_region               [   1.36559] Glyph 28: 11x15 (12x16)
d3d      D          d3d_bmp.cpp:467  _al_d3d_sync_bitmap              [   1.36598] _al_d3d_sync_bitmap (system) ref count == 1
d3d      D          d3d_bmp.cpp:473  _al_d3d_sync_bitmap              [   1.36600] _al_d3d_sync_bitmap (video) ref count == 2
d3d      I         d3d_disp.cpp:921  d3d_destroy_display              [  14.21566] destroying display 0108E850 (current 00000000)
bitmap   D             bitmap.c:548  _al_convert_to_memory_bitmap     [  14.21589] converting display bitmap 0751C3C0 to memory bitmap
d3d      D          d3d_bmp.cpp:467  _al_d3d_sync_bitmap              [  14.21651] _al_d3d_sync_bitmap (system) ref count == 1
d3d      D          d3d_bmp.cpp:473  _al_d3d_sync_bitmap              [  14.21653] _al_d3d_sync_bitmap (video) ref count == 2
d3d      W          d3d_bmp.cpp:743  d3d_destroy_bitmap               [  14.21700] d3d_destroy_bitmap: Release video texture failed.
bitmap   D             bitmap.c:548  _al_convert_to_memory_bitmap     [  14.21707] converting display bitmap 074C6C28 to memory bitmap
d3d      D          d3d_bmp.cpp:467  _al_d3d_sync_bitmap              [  14.21710] _al_d3d_sync_bitmap (system) ref count == 1
d3d      D          d3d_bmp.cpp:473  _al_d3d_sync_bitmap              [  14.21711] _al_d3d_sync_bitmap (video) ref count == 1
bitmap   D             bitmap.c:548  _al_convert_to_memory_bitmap     [  14.21755] converting display bitmap 074A5AA0 to memory bitmap
d3d      D          d3d_bmp.cpp:467  _al_d3d_sync_bitmap              [  14.21759] _al_d3d_sync_bitmap (system) ref count == 1
d3d      D          d3d_bmp.cpp:473  _al_d3d_sync_bitmap              [  14.21760] _al_d3d_sync_bitmap (video) ref count == 1
bitmap   D             bitmap.c:548  _al_convert_to_memory_bitmap     [  14.21781] converting display bitmap 074A8640 to memory bitmap
d3d      D          d3d_bmp.cpp:467  _al_d3d_sync_bitmap              [  14.21874] _al_d3d_sync_bitmap (system) ref count == 1
d3d      D          d3d_bmp.cpp:473  _al_d3d_sync_bitmap              [  14.21877] _al_d3d_sync_bitmap (video) ref count == 1
d3d      D         d3d_disp.cpp:905  d3d_destroy_display_internals    [  14.22278] waiting for display 0108E850's thread to end
d3d      W         d3d_disp.cpp:617  d3d_destroy_device               [  14.22924] d3d_destroy_device: ref count not 0
d3d      I         d3d_disp.cpp:1527 d3d_display_thread_proc          [  14.23467] d3d display thread exits
dtor     D               dtor.c:214  _al_unregister_destructor        [  14.23590] removed dtor for object 074A8640
dtor     D               dtor.c:214  _al_unregister_destructor        [  14.23781] removed dtor for object 074A5AA0
dtor     D               dtor.c:214  _al_unregister_destructor        [  14.23786] removed dtor for object 074C6C28
dtor     D               dtor.c:214  _al_unregister_destructor        [  14.23818] removed dtor for object 07463FC0
dtor     D               dtor.c:214  _al_unregister_destructor        [  14.23819] removed dtor for object 0105B570
dtor     D               dtor.c:214  _al_unregister_destructor        [  14.23837] removed dtor for object 0746F2B0
dtor     D               dtor.c:214  _al_unregister_destructor        [  14.23839] removed dtor for object 07477E90
audio-dsound D           dsound.cpp:526  _dsound_stop_voice               [  14.23840] Stopping voice
audio-dsound D           dsound.cpp:542  _dsound_stop_voice               [  14.23840] Joining thread
audio-dsound D           dsound.cpp:548  _dsound_stop_voice               [  14.24158] Joined thread
audio-dsound D           dsound.cpp:550  _dsound_stop_voice               [  14.24161] Destroying thread
audio-dsound D           dsound.cpp:552  _dsound_stop_voice               [  14.24162] Thread destroyed
audio-dsound D           dsound.cpp:555  _dsound_stop_voice               [  14.24163] Releasing buffer
audio-dsound I           dsound.cpp:559  _dsound_stop_voice               [  14.24164] Voice stopped
dtor     D               dtor.c:214  _al_unregister_destructor        [  14.24165] removed dtor for object 074765F0
audio-dsound D           dsound.cpp:375  _dsound_deallocate_voice         [  14.24166] Deallocating voice
audio-dsound D           dsound.cpp:380  _dsound_deallocate_voice         [  14.24167] Deallocated voice
audio-dsound D           dsound.cpp:289  _dsound_close                    [  14.24168] Releasing device
audio-dsound D           dsound.cpp:291  _dsound_close                    [  14.24483] Released device
audio-dsound I           dsound.cpp:294  _dsound_close                    [  14.24486] DirectSound closed
font     E                ttf.c:885  al_shutdown_ttf_addon            [  14.24493] TTF addon not initialised.
